[2022-05-18 14:46:22,410] {taskinstance.py:1159} INFO - Dependencies all met for <TaskInstance: DAG_Comandos_bash.bash_command manual__2022-05-18T14:46:03+00:00 [queued]>
[2022-05-18 14:46:22,438] {taskinstance.py:1159} INFO - Dependencies all met for <TaskInstance: DAG_Comandos_bash.bash_command manual__2022-05-18T14:46:03+00:00 [queued]>
[2022-05-18 14:46:22,438] {taskinstance.py:1356} INFO - 
--------------------------------------------------------------------------------
[2022-05-18 14:46:22,438] {taskinstance.py:1357} INFO - Starting attempt 1 of 1
[2022-05-18 14:46:22,438] {taskinstance.py:1358} INFO - 
--------------------------------------------------------------------------------
[2022-05-18 14:46:22,518] {taskinstance.py:1377} INFO - Executing <Task(BashOperator): bash_command> on 2022-05-18 14:46:03+00:00
[2022-05-18 14:46:22,533] {standard_task_runner.py:79} INFO - Running: ['***', 'tasks', 'run', 'DAG_Comandos_bash', 'bash_command', 'manual__2022-05-18T14:46:03+00:00', '--job-id', '7', '--raw', '--subdir', 'DAGS_FOLDER/command.dag.py', '--cfg-path', '/tmp/tmpz2yuwtgv', '--error-file', '/tmp/tmpxb1x80jn']
[2022-05-18 14:46:22,534] {standard_task_runner.py:80} INFO - Job 7: Subtask bash_command
[2022-05-18 14:46:22,527] {standard_task_runner.py:52} INFO - Started process 267 to run task
[2022-05-18 14:46:22,755] {task_command.py:369} INFO - Running <TaskInstance: DAG_Comandos_bash.bash_command manual__2022-05-18T14:46:03+00:00 [running]> on host 0e5b7d14933a
[2022-05-18 14:46:23,155] {taskinstance.py:1571} INFO - Exporting the following env vars:
AIRFLOW_CTX_DAG_OWNER=***
AIRFLOW_CTX_DAG_ID=DAG_Comandos_bash
AIRFLOW_CTX_TASK_ID=bash_command
AIRFLOW_CTX_EXECUTION_DATE=2022-05-18T14:46:03+00:00
AIRFLOW_CTX_TRY_NUMBER=1
AIRFLOW_CTX_DAG_RUN_ID=manual__2022-05-18T14:46:03+00:00
[2022-05-18 14:46:23,157] {subprocess.py:62} INFO - Tmp dir root location: 
 /tmp
[2022-05-18 14:46:23,159] {subprocess.py:74} INFO - Running command: ['bash', '-c', 'pip3 freeze']
[2022-05-18 14:46:23,215] {subprocess.py:85} INFO - Output:
[2022-05-18 14:46:32,298] {subprocess.py:92} INFO - adal==1.2.7
[2022-05-18 14:46:32,299] {subprocess.py:92} INFO - alembic==1.7.7
[2022-05-18 14:46:32,299] {subprocess.py:92} INFO - amqp==5.1.1
[2022-05-18 14:46:32,299] {subprocess.py:92} INFO - anyio==3.5.0
[2022-05-18 14:46:32,299] {subprocess.py:92} INFO - apache-***==2.3.0
[2022-05-18 14:46:32,299] {subprocess.py:92} INFO - apache-***-providers-amazon==3.3.0
[2022-05-18 14:46:32,299] {subprocess.py:92} INFO - apache-***-providers-celery==2.1.4
[2022-05-18 14:46:32,299] {subprocess.py:92} INFO - apache-***-providers-cncf-kubernetes==4.0.1
[2022-05-18 14:46:32,300] {subprocess.py:92} INFO - apache-***-providers-docker==2.6.0
[2022-05-18 14:46:32,300] {subprocess.py:92} INFO - apache-***-providers-elasticsearch==3.0.3
[2022-05-18 14:46:32,300] {subprocess.py:92} INFO - apache-***-providers-ftp==2.1.2
[2022-05-18 14:46:32,300] {subprocess.py:92} INFO - apache-***-providers-google==6.8.0
[2022-05-18 14:46:32,300] {subprocess.py:92} INFO - apache-***-providers-grpc==2.0.4
[2022-05-18 14:46:32,301] {subprocess.py:92} INFO - apache-***-providers-hashicorp==2.2.0
[2022-05-18 14:46:32,301] {subprocess.py:92} INFO - apache-***-providers-http==2.1.2
[2022-05-18 14:46:32,301] {subprocess.py:92} INFO - apache-***-providers-imap==2.2.3
[2022-05-18 14:46:32,301] {subprocess.py:92} INFO - apache-***-providers-microsoft-azure==3.8.0
[2022-05-18 14:46:32,301] {subprocess.py:92} INFO - apache-***-providers-mysql==2.2.3
[2022-05-18 14:46:32,301] {subprocess.py:92} INFO - apache-***-providers-odbc==2.0.4
[2022-05-18 14:46:32,302] {subprocess.py:92} INFO - apache-***-providers-postgres==4.1.0
[2022-05-18 14:46:32,302] {subprocess.py:92} INFO - apache-***-providers-redis==2.0.4
[2022-05-18 14:46:32,302] {subprocess.py:92} INFO - apache-***-providers-sendgrid==2.0.4
[2022-05-18 14:46:32,302] {subprocess.py:92} INFO - apache-***-providers-sftp==2.6.0
[2022-05-18 14:46:32,302] {subprocess.py:92} INFO - apache-***-providers-slack==4.2.3
[2022-05-18 14:46:32,302] {subprocess.py:92} INFO - apache-***-providers-sqlite==2.1.3
[2022-05-18 14:46:32,303] {subprocess.py:92} INFO - apache-***-providers-ssh==2.4.3
[2022-05-18 14:46:32,303] {subprocess.py:92} INFO - apispec==3.3.2
[2022-05-18 14:46:32,303] {subprocess.py:92} INFO - argcomplete==1.12.3
[2022-05-18 14:46:32,303] {subprocess.py:92} INFO - asn1crypto==1.5.1
[2022-05-18 14:46:32,304] {subprocess.py:92} INFO - attrs==20.3.0
[2022-05-18 14:46:32,304] {subprocess.py:92} INFO - Authlib==1.0.1
[2022-05-18 14:46:32,304] {subprocess.py:92} INFO - azure-batch==12.0.0
[2022-05-18 14:46:32,304] {subprocess.py:92} INFO - azure-common==1.1.28
[2022-05-18 14:46:32,304] {subprocess.py:92} INFO - azure-core==1.23.1
[2022-05-18 14:46:32,304] {subprocess.py:92} INFO - azure-cosmos==4.2.0
[2022-05-18 14:46:32,305] {subprocess.py:92} INFO - azure-datalake-store==0.0.52
[2022-05-18 14:46:32,305] {subprocess.py:92} INFO - azure-identity==1.9.0
[2022-05-18 14:46:32,305] {subprocess.py:92} INFO - azure-keyvault-secrets==4.4.0
[2022-05-18 14:46:32,305] {subprocess.py:92} INFO - azure-kusto-data==0.0.45
[2022-05-18 14:46:32,305] {subprocess.py:92} INFO - azure-mgmt-containerinstance==1.5.0
[2022-05-18 14:46:32,305] {subprocess.py:92} INFO - azure-mgmt-core==1.3.0
[2022-05-18 14:46:32,306] {subprocess.py:92} INFO - azure-mgmt-datafactory==1.1.0
[2022-05-18 14:46:32,306] {subprocess.py:92} INFO - azure-mgmt-datalake-nspkg==3.0.1
[2022-05-18 14:46:32,306] {subprocess.py:92} INFO - azure-mgmt-datalake-store==0.5.0
[2022-05-18 14:46:32,306] {subprocess.py:92} INFO - azure-mgmt-nspkg==3.0.2
[2022-05-18 14:46:32,307] {subprocess.py:92} INFO - azure-mgmt-resource==21.0.0
[2022-05-18 14:46:32,307] {subprocess.py:92} INFO - azure-nspkg==3.0.2
[2022-05-18 14:46:32,307] {subprocess.py:92} INFO - azure-storage-blob==12.8.1
[2022-05-18 14:46:32,307] {subprocess.py:92} INFO - azure-storage-common==2.1.0
[2022-05-18 14:46:32,307] {subprocess.py:92} INFO - azure-storage-file==2.1.0
[2022-05-18 14:46:32,307] {subprocess.py:92} INFO - Babel==2.10.1
[2022-05-18 14:46:32,308] {subprocess.py:92} INFO - bcrypt==3.2.0
[2022-05-18 14:46:32,308] {subprocess.py:92} INFO - beautifulsoup4==4.11.1
[2022-05-18 14:46:32,308] {subprocess.py:92} INFO - billiard==3.6.4.0
[2022-05-18 14:46:32,308] {subprocess.py:92} INFO - blinker==1.4
[2022-05-18 14:46:32,308] {subprocess.py:92} INFO - boto3==1.22.0
[2022-05-18 14:46:32,308] {subprocess.py:92} INFO - botocore==1.25.0
[2022-05-18 14:46:32,309] {subprocess.py:92} INFO - cached-property==1.5.2
[2022-05-18 14:46:32,309] {subprocess.py:92} INFO - cachelib==0.6.0
[2022-05-18 14:46:32,310] {subprocess.py:92} INFO - cachetools==4.2.2
[2022-05-18 14:46:32,310] {subprocess.py:92} INFO - cattrs==1.10.0
[2022-05-18 14:46:32,311] {subprocess.py:92} INFO - celery==5.2.6
[2022-05-18 14:46:32,312] {subprocess.py:92} INFO - certifi==2020.12.5
[2022-05-18 14:46:32,313] {subprocess.py:92} INFO - cffi==1.15.0
[2022-05-18 14:46:32,313] {subprocess.py:92} INFO - charset-normalizer==2.0.12
[2022-05-18 14:46:32,313] {subprocess.py:92} INFO - click==8.1.2
[2022-05-18 14:46:32,313] {subprocess.py:92} INFO - click-didyoumean==0.3.0
[2022-05-18 14:46:32,313] {subprocess.py:92} INFO - click-plugins==1.1.1
[2022-05-18 14:46:32,314] {subprocess.py:92} INFO - click-repl==0.2.0
[2022-05-18 14:46:32,314] {subprocess.py:92} INFO - clickclick==20.10.2
[2022-05-18 14:46:32,314] {subprocess.py:92} INFO - cloudpickle==2.0.0
[2022-05-18 14:46:32,314] {subprocess.py:92} INFO - colorama==0.4.4
[2022-05-18 14:46:32,314] {subprocess.py:92} INFO - colorlog==4.8.0
[2022-05-18 14:46:32,314] {subprocess.py:92} INFO - commonmark==0.9.1
[2022-05-18 14:46:32,315] {subprocess.py:92} INFO - connexion==2.13.0
[2022-05-18 14:46:32,315] {subprocess.py:92} INFO - cron-descriptor==1.2.24
[2022-05-18 14:46:32,315] {subprocess.py:92} INFO - croniter==1.3.4
[2022-05-18 14:46:32,315] {subprocess.py:92} INFO - cryptography==36.0.2
[2022-05-18 14:46:32,315] {subprocess.py:92} INFO - dask==2022.2.0
[2022-05-18 14:46:32,315] {subprocess.py:92} INFO - db-dtypes==1.0.0
[2022-05-18 14:46:32,315] {subprocess.py:92} INFO - decorator==5.1.1
[2022-05-18 14:46:32,316] {subprocess.py:92} INFO - defusedxml==0.7.1
[2022-05-18 14:46:32,316] {subprocess.py:92} INFO - Deprecated==1.2.13
[2022-05-18 14:46:32,316] {subprocess.py:92} INFO - dill==0.3.1.1
[2022-05-18 14:46:32,316] {subprocess.py:92} INFO - distlib==0.3.4
[2022-05-18 14:46:32,316] {subprocess.py:92} INFO - distributed==2022.2.0
[2022-05-18 14:46:32,316] {subprocess.py:92} INFO - dnspython==2.2.1
[2022-05-18 14:46:32,316] {subprocess.py:92} INFO - docker==5.0.3
[2022-05-18 14:46:32,317] {subprocess.py:92} INFO - docutils==0.18.1
[2022-05-18 14:46:32,317] {subprocess.py:92} INFO - elasticsearch==7.13.4
[2022-05-18 14:46:32,317] {subprocess.py:92} INFO - elasticsearch-dbapi==0.2.9
[2022-05-18 14:46:32,317] {subprocess.py:92} INFO - elasticsearch-dsl==7.4.0
[2022-05-18 14:46:32,317] {subprocess.py:92} INFO - email-validator==1.2.0
[2022-05-18 14:46:32,317] {subprocess.py:92} INFO - eventlet==0.33.0
[2022-05-18 14:46:32,318] {subprocess.py:92} INFO - filelock==3.6.0
[2022-05-18 14:46:32,318] {subprocess.py:92} INFO - Flask==1.1.2
[2022-05-18 14:46:32,318] {subprocess.py:92} INFO - Flask-AppBuilder==3.4.5
[2022-05-18 14:46:32,318] {subprocess.py:92} INFO - Flask-Babel==2.0.0
[2022-05-18 14:46:32,318] {subprocess.py:92} INFO - Flask-Caching==1.10.1
[2022-05-18 14:46:32,318] {subprocess.py:92} INFO - Flask-JWT-Extended==3.25.1
[2022-05-18 14:46:32,318] {subprocess.py:92} INFO - Flask-Login==0.4.1
[2022-05-18 14:46:32,318] {subprocess.py:92} INFO - Flask-OpenID==1.3.0
[2022-05-18 14:46:32,319] {subprocess.py:92} INFO - Flask-Session==0.4.0
[2022-05-18 14:46:32,319] {subprocess.py:92} INFO - Flask-SQLAlchemy==2.5.1
[2022-05-18 14:46:32,319] {subprocess.py:92} INFO - Flask-WTF==0.14.3
[2022-05-18 14:46:32,319] {subprocess.py:92} INFO - flower==1.0.0
[2022-05-18 14:46:32,319] {subprocess.py:92} INFO - fsspec==2022.3.0
[2022-05-18 14:46:32,319] {subprocess.py:92} INFO - future==0.18.2
[2022-05-18 14:46:32,319] {subprocess.py:92} INFO - gevent==21.12.0
[2022-05-18 14:46:32,320] {subprocess.py:92} INFO - google-ads==14.0.0
[2022-05-18 14:46:32,320] {subprocess.py:92} INFO - google-api-core==2.7.2
[2022-05-18 14:46:32,320] {subprocess.py:92} INFO - google-api-python-client==1.12.11
[2022-05-18 14:46:32,320] {subprocess.py:92} INFO - google-auth==2.6.6
[2022-05-18 14:46:32,321] {subprocess.py:92} INFO - google-auth-httplib2==0.1.0
[2022-05-18 14:46:32,321] {subprocess.py:92} INFO - google-auth-oauthlib==0.5.1
[2022-05-18 14:46:32,321] {subprocess.py:92} INFO - google-cloud-aiplatform==1.12.1
[2022-05-18 14:46:32,321] {subprocess.py:92} INFO - google-cloud-appengine-logging==1.1.1
[2022-05-18 14:46:32,321] {subprocess.py:92} INFO - google-cloud-audit-log==0.2.0
[2022-05-18 14:46:32,322] {subprocess.py:92} INFO - google-cloud-automl==2.7.2
[2022-05-18 14:46:32,322] {subprocess.py:92} INFO - google-cloud-bigquery==2.34.3
[2022-05-18 14:46:32,322] {subprocess.py:92} INFO - google-cloud-bigquery-datatransfer==3.6.1
[2022-05-18 14:46:32,322] {subprocess.py:92} INFO - google-cloud-bigquery-storage==2.13.1
[2022-05-18 14:46:32,322] {subprocess.py:92} INFO - google-cloud-bigtable==1.7.1
[2022-05-18 14:46:32,323] {subprocess.py:92} INFO - google-cloud-build==3.8.1
[2022-05-18 14:46:32,323] {subprocess.py:92} INFO - google-cloud-container==1.0.2
[2022-05-18 14:46:32,323] {subprocess.py:92} INFO - google-cloud-core==2.3.0
[2022-05-18 14:46:32,323] {subprocess.py:92} INFO - google-cloud-datacatalog==3.7.1
[2022-05-18 14:46:32,323] {subprocess.py:92} INFO - google-cloud-dataplex==0.2.1
[2022-05-18 14:46:32,323] {subprocess.py:92} INFO - google-cloud-dataproc==4.0.2
[2022-05-18 14:46:32,324] {subprocess.py:92} INFO - google-cloud-dataproc-metastore==1.5.0
[2022-05-18 14:46:32,324] {subprocess.py:92} INFO - google-cloud-dlp==1.0.1
[2022-05-18 14:46:32,324] {subprocess.py:92} INFO - google-cloud-kms==2.11.1
[2022-05-18 14:46:32,324] {subprocess.py:92} INFO - google-cloud-language==1.3.1
[2022-05-18 14:46:32,325] {subprocess.py:92} INFO - google-cloud-logging==3.0.0
[2022-05-18 14:46:32,325] {subprocess.py:92} INFO - google-cloud-memcache==1.3.1
[2022-05-18 14:46:32,325] {subprocess.py:92} INFO - google-cloud-monitoring==2.9.1
[2022-05-18 14:46:32,325] {subprocess.py:92} INFO - google-cloud-orchestration-***==1.3.1
[2022-05-18 14:46:32,325] {subprocess.py:92} INFO - google-cloud-os-login==2.6.1
[2022-05-18 14:46:32,326] {subprocess.py:92} INFO - google-cloud-pubsub==2.12.0
[2022-05-18 14:46:32,326] {subprocess.py:92} INFO - google-cloud-redis==2.8.0
[2022-05-18 14:46:32,326] {subprocess.py:92} INFO - google-cloud-resource-manager==1.4.1
[2022-05-18 14:46:32,326] {subprocess.py:92} INFO - google-cloud-secret-manager==1.0.1
[2022-05-18 14:46:32,326] {subprocess.py:92} INFO - google-cloud-spanner==1.19.2
[2022-05-18 14:46:32,326] {subprocess.py:92} INFO - google-cloud-speech==1.3.3
[2022-05-18 14:46:32,326] {subprocess.py:92} INFO - google-cloud-storage==1.44.0
[2022-05-18 14:46:32,327] {subprocess.py:92} INFO - google-cloud-tasks==2.8.1
[2022-05-18 14:46:32,327] {subprocess.py:92} INFO - google-cloud-texttospeech==1.0.2
[2022-05-18 14:46:32,327] {subprocess.py:92} INFO - google-cloud-translate==1.7.1
[2022-05-18 14:46:32,327] {subprocess.py:92} INFO - google-cloud-videointelligence==1.16.2
[2022-05-18 14:46:32,327] {subprocess.py:92} INFO - google-cloud-vision==1.0.1
[2022-05-18 14:46:32,327] {subprocess.py:92} INFO - google-cloud-workflows==1.6.1
[2022-05-18 14:46:32,327] {subprocess.py:92} INFO - google-crc32c==1.3.0
[2022-05-18 14:46:32,328] {subprocess.py:92} INFO - google-resumable-media==2.3.2
[2022-05-18 14:46:32,328] {subprocess.py:92} INFO - googleapis-common-protos==1.56.0
[2022-05-18 14:46:32,328] {subprocess.py:92} INFO - graphviz==0.20
[2022-05-18 14:46:32,328] {subprocess.py:92} INFO - greenlet==1.1.2
[2022-05-18 14:46:32,328] {subprocess.py:92} INFO - grpc-google-iam-v1==0.12.4
[2022-05-18 14:46:32,328] {subprocess.py:92} INFO - grpcio==1.44.0
[2022-05-18 14:46:32,328] {subprocess.py:92} INFO - grpcio-gcp==0.2.2
[2022-05-18 14:46:32,328] {subprocess.py:92} INFO - grpcio-status==1.44.0
[2022-05-18 14:46:32,329] {subprocess.py:92} INFO - gunicorn==20.1.0
[2022-05-18 14:46:32,329] {subprocess.py:92} INFO - h11==0.12.0
[2022-05-18 14:46:32,329] {subprocess.py:92} INFO - HeapDict==1.0.1
[2022-05-18 14:46:32,329] {subprocess.py:92} INFO - httpcore==0.14.7
[2022-05-18 14:46:32,329] {subprocess.py:92} INFO - httplib2==0.19.1
[2022-05-18 14:46:32,329] {subprocess.py:92} INFO - httpx==0.22.0
[2022-05-18 14:46:32,329] {subprocess.py:92} INFO - humanize==4.0.0
[2022-05-18 14:46:32,329] {subprocess.py:92} INFO - hvac==0.11.2
[2022-05-18 14:46:32,330] {subprocess.py:92} INFO - idna==3.3
[2022-05-18 14:46:32,330] {subprocess.py:92} INFO - importlib-metadata==4.11.3
[2022-05-18 14:46:32,330] {subprocess.py:92} INFO - importlib-resources==5.7.1
[2022-05-18 14:46:32,330] {subprocess.py:92} INFO - inflection==0.5.1
[2022-05-18 14:46:32,331] {subprocess.py:92} INFO - isodate==0.6.1
[2022-05-18 14:46:32,331] {subprocess.py:92} INFO - itsdangerous==1.1.0
[2022-05-18 14:46:32,331] {subprocess.py:92} INFO - Jinja2==3.0.3
[2022-05-18 14:46:32,331] {subprocess.py:92} INFO - jmespath==0.10.0
[2022-05-18 14:46:32,332] {subprocess.py:92} INFO - json-merge-patch==0.2
[2022-05-18 14:46:32,332] {subprocess.py:92} INFO - jsonpath-ng==1.5.3
[2022-05-18 14:46:32,332] {subprocess.py:92} INFO - jsonschema==4.4.0
[2022-05-18 14:46:32,332] {subprocess.py:92} INFO - kombu==5.2.4
[2022-05-18 14:46:32,332] {subprocess.py:92} INFO - kubernetes==23.3.0
[2022-05-18 14:46:32,332] {subprocess.py:92} INFO - lazy-object-proxy==1.7.1
[2022-05-18 14:46:32,333] {subprocess.py:92} INFO - ldap3==2.9.1
[2022-05-18 14:46:32,333] {subprocess.py:92} INFO - locket==1.0.0
[2022-05-18 14:46:32,333] {subprocess.py:92} INFO - lockfile==0.12.2
[2022-05-18 14:46:32,333] {subprocess.py:92} INFO - looker-sdk==22.4.0
[2022-05-18 14:46:32,333] {subprocess.py:92} INFO - lxml==4.8.0
[2022-05-18 14:46:32,334] {subprocess.py:92} INFO - Mako==1.2.0
[2022-05-18 14:46:32,334] {subprocess.py:92} INFO - Markdown==3.3.6
[2022-05-18 14:46:32,334] {subprocess.py:92} INFO - MarkupSafe==2.0.1
[2022-05-18 14:46:32,334] {subprocess.py:92} INFO - marshmallow==3.15.0
[2022-05-18 14:46:32,334] {subprocess.py:92} INFO - marshmallow-enum==1.5.1
[2022-05-18 14:46:32,334] {subprocess.py:92} INFO - marshmallow-oneofschema==3.0.1
[2022-05-18 14:46:32,334] {subprocess.py:92} INFO - marshmallow-sqlalchemy==0.26.1
[2022-05-18 14:46:32,335] {subprocess.py:92} INFO - msal==1.17.0
[2022-05-18 14:46:32,335] {subprocess.py:92} INFO - msal-extensions==0.3.1
[2022-05-18 14:46:32,335] {subprocess.py:92} INFO - msgpack==1.0.3
[2022-05-18 14:46:32,335] {subprocess.py:92} INFO - msrest==0.6.21
[2022-05-18 14:46:32,335] {subprocess.py:92} INFO - msrestazure==0.6.4
[2022-05-18 14:46:32,335] {subprocess.py:92} INFO - mypy-boto3-rds==1.22.0.post1
[2022-05-18 14:46:32,336] {subprocess.py:92} INFO - mypy-boto3-redshift-data==1.22.0.post1
[2022-05-18 14:46:32,336] {subprocess.py:92} INFO - mysql-connector-python==8.0.29
[2022-05-18 14:46:32,336] {subprocess.py:92} INFO - mysqlclient==2.1.0
[2022-05-18 14:46:32,336] {subprocess.py:92} INFO - nox==2020.12.31
[2022-05-18 14:46:32,336] {subprocess.py:92} INFO - numpy==1.21.6
[2022-05-18 14:46:32,336] {subprocess.py:92} INFO - oauthlib==3.2.0
[2022-05-18 14:46:32,336] {subprocess.py:92} INFO - packaging==21.3
[2022-05-18 14:46:32,336] {subprocess.py:92} INFO - pandas==1.3.5
[2022-05-18 14:46:32,337] {subprocess.py:92} INFO - pandas-gbq==0.17.4
[2022-05-18 14:46:32,337] {subprocess.py:92} INFO - paramiko==2.10.4
[2022-05-18 14:46:32,337] {subprocess.py:92} INFO - partd==1.2.0
[2022-05-18 14:46:32,337] {subprocess.py:92} INFO - pathspec==0.9.0
[2022-05-18 14:46:32,337] {subprocess.py:92} INFO - pendulum==2.1.2
[2022-05-18 14:46:32,337] {subprocess.py:92} INFO - platformdirs==2.5.2
[2022-05-18 14:46:32,338] {subprocess.py:92} INFO - pluggy==1.0.0
[2022-05-18 14:46:32,338] {subprocess.py:92} INFO - ply==3.11
[2022-05-18 14:46:32,338] {subprocess.py:92} INFO - portalocker==2.4.0
[2022-05-18 14:46:32,338] {subprocess.py:92} INFO - prison==0.2.1
[2022-05-18 14:46:32,338] {subprocess.py:92} INFO - prometheus-client==0.14.1
[2022-05-18 14:46:32,338] {subprocess.py:92} INFO - prompt-toolkit==3.0.29
[2022-05-18 14:46:32,338] {subprocess.py:92} INFO - proto-plus==1.18.1
[2022-05-18 14:46:32,339] {subprocess.py:92} INFO - protobuf==3.20.1
[2022-05-18 14:46:32,339] {subprocess.py:92} INFO - psutil==5.9.0
[2022-05-18 14:46:32,339] {subprocess.py:92} INFO - psycopg2-binary==2.9.3
[2022-05-18 14:46:32,339] {subprocess.py:92} INFO - py==1.11.0
[2022-05-18 14:46:32,339] {subprocess.py:92} INFO - pyarrow==6.0.1
[2022-05-18 14:46:32,339] {subprocess.py:92} INFO - pyasn1==0.4.8
[2022-05-18 14:46:32,339] {subprocess.py:92} INFO - pyasn1-modules==0.2.8
[2022-05-18 14:46:32,340] {subprocess.py:92} INFO - pycparser==2.21
[2022-05-18 14:46:32,340] {subprocess.py:92} INFO - pydata-google-auth==1.4.0
[2022-05-18 14:46:32,340] {subprocess.py:92} INFO - Pygments==2.12.0
[2022-05-18 14:46:32,340] {subprocess.py:92} INFO - PyJWT==1.7.1
[2022-05-18 14:46:32,340] {subprocess.py:92} INFO - PyNaCl==1.5.0
[2022-05-18 14:46:32,341] {subprocess.py:92} INFO - pyodbc==4.0.32
[2022-05-18 14:46:32,341] {subprocess.py:92} INFO - pyOpenSSL==21.0.0
[2022-05-18 14:46:32,341] {subprocess.py:92} INFO - pyparsing==2.4.7
[2022-05-18 14:46:32,341] {subprocess.py:92} INFO - pyrsistent==0.18.1
[2022-05-18 14:46:32,342] {subprocess.py:92} INFO - pysftp==0.2.9
[2022-05-18 14:46:32,342] {subprocess.py:92} INFO - python-daemon==2.3.0
[2022-05-18 14:46:32,342] {subprocess.py:92} INFO - python-dateutil==2.8.2
[2022-05-18 14:46:32,342] {subprocess.py:92} INFO - python-http-client==3.3.7
[2022-05-18 14:46:32,342] {subprocess.py:92} INFO - python-ldap==3.4.0
[2022-05-18 14:46:32,342] {subprocess.py:92} INFO - python-nvd3==0.15.0
[2022-05-18 14:46:32,342] {subprocess.py:92} INFO - python-slugify==6.1.1
[2022-05-18 14:46:32,343] {subprocess.py:92} INFO - python3-openid==3.2.0
[2022-05-18 14:46:32,343] {subprocess.py:92} INFO - pytz==2022.1
[2022-05-18 14:46:32,343] {subprocess.py:92} INFO - pytzdata==2020.1
[2022-05-18 14:46:32,343] {subprocess.py:92} INFO - PyYAML==5.4.1
[2022-05-18 14:46:32,343] {subprocess.py:92} INFO - redis==3.5.3
[2022-05-18 14:46:32,343] {subprocess.py:92} INFO - redshift-connector==2.0.906
[2022-05-18 14:46:32,343] {subprocess.py:92} INFO - requests==2.27.1
[2022-05-18 14:46:32,344] {subprocess.py:92} INFO - requests-oauthlib==1.3.1
[2022-05-18 14:46:32,344] {subprocess.py:92} INFO - rfc3986==1.5.0
[2022-05-18 14:46:32,344] {subprocess.py:92} INFO - rich==12.3.0
[2022-05-18 14:46:32,344] {subprocess.py:92} INFO - rsa==4.8
[2022-05-18 14:46:32,344] {subprocess.py:92} INFO - s3transfer==0.5.2
[2022-05-18 14:46:32,344] {subprocess.py:92} INFO - scramp==1.4.1
[2022-05-18 14:46:32,344] {subprocess.py:92} INFO - sendgrid==6.9.7
[2022-05-18 14:46:32,345] {subprocess.py:92} INFO - setproctitle==1.2.3
[2022-05-18 14:46:32,345] {subprocess.py:92} INFO - six==1.16.0
[2022-05-18 14:46:32,345] {subprocess.py:92} INFO - slack-sdk==3.15.2
[2022-05-18 14:46:32,345] {subprocess.py:92} INFO - sniffio==1.2.0
[2022-05-18 14:46:32,345] {subprocess.py:92} INFO - sortedcontainers==2.4.0
[2022-05-18 14:46:32,345] {subprocess.py:92} INFO - soupsieve==2.3.2.post1
[2022-05-18 14:46:32,346] {subprocess.py:92} INFO - SQLAlchemy==1.4.9
[2022-05-18 14:46:32,346] {subprocess.py:92} INFO - sqlalchemy-bigquery==1.4.3
[2022-05-18 14:46:32,346] {subprocess.py:92} INFO - SQLAlchemy-JSONField==1.0.0
[2022-05-18 14:46:32,346] {subprocess.py:92} INFO - sqlalchemy-redshift==0.8.9
[2022-05-18 14:46:32,346] {subprocess.py:92} INFO - SQLAlchemy-Utils==0.38.2
[2022-05-18 14:46:32,346] {subprocess.py:92} INFO - sshtunnel==0.4.0
[2022-05-18 14:46:32,346] {subprocess.py:92} INFO - starkbank-ecdsa==2.0.3
[2022-05-18 14:46:32,347] {subprocess.py:92} INFO - statsd==3.3.0
[2022-05-18 14:46:32,347] {subprocess.py:92} INFO - swagger-ui-bundle==0.0.9
[2022-05-18 14:46:32,355] {subprocess.py:92} INFO - tabulate==0.8.9
[2022-05-18 14:46:32,355] {subprocess.py:92} INFO - tblib==1.7.0
[2022-05-18 14:46:32,355] {subprocess.py:92} INFO - tenacity==8.0.1
[2022-05-18 14:46:32,355] {subprocess.py:92} INFO - termcolor==1.1.0
[2022-05-18 14:46:32,356] {subprocess.py:92} INFO - text-unidecode==1.3
[2022-05-18 14:46:32,356] {subprocess.py:92} INFO - toolz==0.11.2
[2022-05-18 14:46:32,356] {subprocess.py:92} INFO - tornado==6.1
[2022-05-18 14:46:32,356] {subprocess.py:92} INFO - typing_extensions==4.2.0
[2022-05-18 14:46:32,356] {subprocess.py:92} INFO - unicodecsv==0.14.1
[2022-05-18 14:46:32,356] {subprocess.py:92} INFO - uritemplate==3.0.1
[2022-05-18 14:46:32,356] {subprocess.py:92} INFO - urllib3==1.26.9
[2022-05-18 14:46:32,357] {subprocess.py:92} INFO - vine==5.0.0
[2022-05-18 14:46:32,357] {subprocess.py:92} INFO - virtualenv==20.14.1
[2022-05-18 14:46:32,357] {subprocess.py:92} INFO - watchtower==2.0.1
[2022-05-18 14:46:32,357] {subprocess.py:92} INFO - wcwidth==0.2.5
[2022-05-18 14:46:32,357] {subprocess.py:92} INFO - websocket-client==1.3.2
[2022-05-18 14:46:32,357] {subprocess.py:92} INFO - Werkzeug==1.0.1
[2022-05-18 14:46:32,358] {subprocess.py:92} INFO - wrapt==1.14.0
[2022-05-18 14:46:32,358] {subprocess.py:92} INFO - WTForms==2.3.3
[2022-05-18 14:46:32,358] {subprocess.py:92} INFO - zict==2.1.0
[2022-05-18 14:46:32,358] {subprocess.py:92} INFO - zipp==3.8.0
[2022-05-18 14:46:32,358] {subprocess.py:92} INFO - zope.event==4.5.0
[2022-05-18 14:46:32,358] {subprocess.py:92} INFO - zope.interface==5.4.0
[2022-05-18 14:46:32,455] {subprocess.py:96} INFO - Command exited with return code 0
[2022-05-18 14:46:32,595] {taskinstance.py:1400} INFO - Marking task as SUCCESS. dag_id=DAG_Comandos_bash, task_id=bash_command, execution_date=20220518T144603, start_date=20220518T144622, end_date=20220518T144632
[2022-05-18 14:46:32,668] {local_task_job.py:156} INFO - Task exited with return code 0
[2022-05-18 14:46:32,755] {local_task_job.py:273} INFO - 0 downstream tasks scheduled from follow-on schedule check
