[2022-05-18 14:07:37,112] {processor.py:153} INFO - Started process (PID=66) to work on /home/airflow/.local/lib/python3.7/site-packages/airflow/example_dags/example_complex.py
[2022-05-18 14:07:37,113] {processor.py:641} INFO - Processing file /home/airflow/.local/lib/python3.7/site-packages/airflow/example_dags/example_complex.py for tasks to queue
[2022-05-18 14:07:37,114] {logging_mixin.py:115} INFO - [2022-05-18 14:07:37,114] {dagbag.py:507} INFO - Filling up the DagBag from /home/airflow/.local/lib/python3.7/site-packages/airflow/example_dags/example_complex.py
[2022-05-18 14:07:37,219] {processor.py:651} INFO - DAG(s) dict_keys(['example_complex']) retrieved from /home/airflow/.local/lib/python3.7/site-packages/airflow/example_dags/example_complex.py
[2022-05-18 14:07:37,957] {logging_mixin.py:115} INFO - [2022-05-18 14:07:37,957] {manager.py:508} INFO - Created Permission View: can edit on DAG:example_complex
[2022-05-18 14:07:38,029] {logging_mixin.py:115} INFO - [2022-05-18 14:07:38,029] {manager.py:508} INFO - Created Permission View: can read on DAG:example_complex
[2022-05-18 14:07:38,093] {logging_mixin.py:115} INFO - [2022-05-18 14:07:38,093] {manager.py:508} INFO - Created Permission View: can delete on DAG:example_complex
[2022-05-18 14:07:38,093] {logging_mixin.py:115} INFO - [2022-05-18 14:07:38,093] {dag.py:2371} INFO - Sync 1 DAGs
[2022-05-18 14:07:38,142] {logging_mixin.py:115} INFO - [2022-05-18 14:07:38,141] {dag.py:2390} INFO - Creating ORM DAG for example_complex
[2022-05-18 14:07:38,214] {logging_mixin.py:115} INFO - [2022-05-18 14:07:38,214] {dag.py:2919} INFO - Setting next_dagrun for example_complex to None, run_after=None
[2022-05-18 14:07:38,301] {processor.py:161} INFO - Processing /home/airflow/.local/lib/python3.7/site-packages/airflow/example_dags/example_complex.py took 1.194 seconds
[2022-05-18 14:08:08,701] {processor.py:153} INFO - Started process (PID=117) to work on /home/airflow/.local/lib/python3.7/site-packages/airflow/example_dags/example_complex.py
[2022-05-18 14:08:08,712] {processor.py:641} INFO - Processing file /home/airflow/.local/lib/python3.7/site-packages/airflow/example_dags/example_complex.py for tasks to queue
[2022-05-18 14:08:08,715] {logging_mixin.py:115} INFO - [2022-05-18 14:08:08,715] {dagbag.py:507} INFO - Filling up the DagBag from /home/airflow/.local/lib/python3.7/site-packages/airflow/example_dags/example_complex.py
[2022-05-18 14:08:08,762] {processor.py:651} INFO - DAG(s) dict_keys(['example_complex']) retrieved from /home/airflow/.local/lib/python3.7/site-packages/airflow/example_dags/example_complex.py
[2022-05-18 14:08:08,800] {logging_mixin.py:115} INFO - [2022-05-18 14:08:08,800] {dag.py:2371} INFO - Sync 1 DAGs
[2022-05-18 14:08:08,822] {logging_mixin.py:115} INFO - [2022-05-18 14:08:08,822] {dag.py:2919} INFO - Setting next_dagrun for example_complex to None, run_after=None
[2022-05-18 14:08:08,968] {processor.py:161} INFO - Processing /home/airflow/.local/lib/python3.7/site-packages/airflow/example_dags/example_complex.py took 0.275 seconds
[2022-05-18 14:08:39,192] {processor.py:153} INFO - Started process (PID=179) to work on /home/airflow/.local/lib/python3.7/site-packages/airflow/example_dags/example_complex.py
[2022-05-18 14:08:39,194] {processor.py:641} INFO - Processing file /home/airflow/.local/lib/python3.7/site-packages/airflow/example_dags/example_complex.py for tasks to queue
[2022-05-18 14:08:39,195] {logging_mixin.py:115} INFO - [2022-05-18 14:08:39,195] {dagbag.py:507} INFO - Filling up the DagBag from /home/airflow/.local/lib/python3.7/site-packages/airflow/example_dags/example_complex.py
[2022-05-18 14:08:39,246] {processor.py:651} INFO - DAG(s) dict_keys(['example_complex']) retrieved from /home/airflow/.local/lib/python3.7/site-packages/airflow/example_dags/example_complex.py
[2022-05-18 14:08:39,297] {logging_mixin.py:115} INFO - [2022-05-18 14:08:39,297] {dag.py:2371} INFO - Sync 1 DAGs
[2022-05-18 14:08:39,324] {logging_mixin.py:115} INFO - [2022-05-18 14:08:39,324] {dag.py:2919} INFO - Setting next_dagrun for example_complex to None, run_after=None
[2022-05-18 14:08:39,473] {processor.py:161} INFO - Processing /home/airflow/.local/lib/python3.7/site-packages/airflow/example_dags/example_complex.py took 0.288 seconds
[2022-05-18 14:09:09,838] {processor.py:153} INFO - Started process (PID=233) to work on /home/airflow/.local/lib/python3.7/site-packages/airflow/example_dags/example_complex.py
[2022-05-18 14:09:09,857] {processor.py:641} INFO - Processing file /home/airflow/.local/lib/python3.7/site-packages/airflow/example_dags/example_complex.py for tasks to queue
[2022-05-18 14:09:09,859] {logging_mixin.py:115} INFO - [2022-05-18 14:09:09,859] {dagbag.py:507} INFO - Filling up the DagBag from /home/airflow/.local/lib/python3.7/site-packages/airflow/example_dags/example_complex.py
[2022-05-18 14:09:09,913] {processor.py:651} INFO - DAG(s) dict_keys(['example_complex']) retrieved from /home/airflow/.local/lib/python3.7/site-packages/airflow/example_dags/example_complex.py
[2022-05-18 14:09:09,952] {logging_mixin.py:115} INFO - [2022-05-18 14:09:09,952] {dag.py:2371} INFO - Sync 1 DAGs
[2022-05-18 14:09:09,976] {logging_mixin.py:115} INFO - [2022-05-18 14:09:09,976] {dag.py:2919} INFO - Setting next_dagrun for example_complex to None, run_after=None
[2022-05-18 14:09:10,121] {processor.py:161} INFO - Processing /home/airflow/.local/lib/python3.7/site-packages/airflow/example_dags/example_complex.py took 0.294 seconds
[2022-05-18 14:09:40,348] {processor.py:153} INFO - Started process (PID=295) to work on /home/airflow/.local/lib/python3.7/site-packages/airflow/example_dags/example_complex.py
[2022-05-18 14:09:40,348] {processor.py:641} INFO - Processing file /home/airflow/.local/lib/python3.7/site-packages/airflow/example_dags/example_complex.py for tasks to queue
[2022-05-18 14:09:40,349] {logging_mixin.py:115} INFO - [2022-05-18 14:09:40,349] {dagbag.py:507} INFO - Filling up the DagBag from /home/airflow/.local/lib/python3.7/site-packages/airflow/example_dags/example_complex.py
[2022-05-18 14:09:40,371] {processor.py:651} INFO - DAG(s) dict_keys(['example_complex']) retrieved from /home/airflow/.local/lib/python3.7/site-packages/airflow/example_dags/example_complex.py
[2022-05-18 14:09:40,412] {logging_mixin.py:115} INFO - [2022-05-18 14:09:40,411] {dag.py:2371} INFO - Sync 1 DAGs
[2022-05-18 14:09:40,438] {logging_mixin.py:115} INFO - [2022-05-18 14:09:40,438] {dag.py:2919} INFO - Setting next_dagrun for example_complex to None, run_after=None
[2022-05-18 14:09:40,580] {processor.py:161} INFO - Processing /home/airflow/.local/lib/python3.7/site-packages/airflow/example_dags/example_complex.py took 0.236 seconds
[2022-05-18 14:10:10,710] {processor.py:153} INFO - Started process (PID=355) to work on /home/airflow/.local/lib/python3.7/site-packages/airflow/example_dags/example_complex.py
[2022-05-18 14:10:10,710] {processor.py:641} INFO - Processing file /home/airflow/.local/lib/python3.7/site-packages/airflow/example_dags/example_complex.py for tasks to queue
[2022-05-18 14:10:10,711] {logging_mixin.py:115} INFO - [2022-05-18 14:10:10,711] {dagbag.py:507} INFO - Filling up the DagBag from /home/airflow/.local/lib/python3.7/site-packages/airflow/example_dags/example_complex.py
[2022-05-18 14:10:10,727] {processor.py:651} INFO - DAG(s) dict_keys(['example_complex']) retrieved from /home/airflow/.local/lib/python3.7/site-packages/airflow/example_dags/example_complex.py
[2022-05-18 14:10:10,760] {logging_mixin.py:115} INFO - [2022-05-18 14:10:10,760] {dag.py:2371} INFO - Sync 1 DAGs
[2022-05-18 14:10:10,788] {logging_mixin.py:115} INFO - [2022-05-18 14:10:10,788] {dag.py:2919} INFO - Setting next_dagrun for example_complex to None, run_after=None
[2022-05-18 14:10:10,943] {processor.py:161} INFO - Processing /home/airflow/.local/lib/python3.7/site-packages/airflow/example_dags/example_complex.py took 0.236 seconds
[2022-05-18 14:10:41,143] {processor.py:153} INFO - Started process (PID=410) to work on /home/airflow/.local/lib/python3.7/site-packages/airflow/example_dags/example_complex.py
[2022-05-18 14:10:41,169] {processor.py:641} INFO - Processing file /home/airflow/.local/lib/python3.7/site-packages/airflow/example_dags/example_complex.py for tasks to queue
[2022-05-18 14:10:41,171] {logging_mixin.py:115} INFO - [2022-05-18 14:10:41,171] {dagbag.py:507} INFO - Filling up the DagBag from /home/airflow/.local/lib/python3.7/site-packages/airflow/example_dags/example_complex.py
[2022-05-18 14:10:41,215] {processor.py:651} INFO - DAG(s) dict_keys(['example_complex']) retrieved from /home/airflow/.local/lib/python3.7/site-packages/airflow/example_dags/example_complex.py
[2022-05-18 14:10:41,263] {logging_mixin.py:115} INFO - [2022-05-18 14:10:41,263] {dag.py:2371} INFO - Sync 1 DAGs
[2022-05-18 14:10:41,287] {logging_mixin.py:115} INFO - [2022-05-18 14:10:41,287] {dag.py:2919} INFO - Setting next_dagrun for example_complex to None, run_after=None
[2022-05-18 14:10:41,442] {processor.py:161} INFO - Processing /home/airflow/.local/lib/python3.7/site-packages/airflow/example_dags/example_complex.py took 0.309 seconds
[2022-05-18 14:11:11,706] {processor.py:153} INFO - Started process (PID=471) to work on /home/airflow/.local/lib/python3.7/site-packages/airflow/example_dags/example_complex.py
[2022-05-18 14:11:11,761] {processor.py:641} INFO - Processing file /home/airflow/.local/lib/python3.7/site-packages/airflow/example_dags/example_complex.py for tasks to queue
[2022-05-18 14:11:11,764] {logging_mixin.py:115} INFO - [2022-05-18 14:11:11,763] {dagbag.py:507} INFO - Filling up the DagBag from /home/airflow/.local/lib/python3.7/site-packages/airflow/example_dags/example_complex.py
[2022-05-18 14:11:11,870] {processor.py:651} INFO - DAG(s) dict_keys(['example_complex']) retrieved from /home/airflow/.local/lib/python3.7/site-packages/airflow/example_dags/example_complex.py
[2022-05-18 14:11:11,980] {logging_mixin.py:115} INFO - [2022-05-18 14:11:11,980] {dag.py:2371} INFO - Sync 1 DAGs
[2022-05-18 14:11:12,047] {logging_mixin.py:115} INFO - [2022-05-18 14:11:12,047] {dag.py:2919} INFO - Setting next_dagrun for example_complex to None, run_after=None
[2022-05-18 14:11:12,258] {processor.py:161} INFO - Processing /home/airflow/.local/lib/python3.7/site-packages/airflow/example_dags/example_complex.py took 0.565 seconds
[2022-05-18 14:11:42,378] {processor.py:153} INFO - Started process (PID=525) to work on /home/airflow/.local/lib/python3.7/site-packages/airflow/example_dags/example_complex.py
[2022-05-18 14:11:42,379] {processor.py:641} INFO - Processing file /home/airflow/.local/lib/python3.7/site-packages/airflow/example_dags/example_complex.py for tasks to queue
[2022-05-18 14:11:42,380] {logging_mixin.py:115} INFO - [2022-05-18 14:11:42,380] {dagbag.py:507} INFO - Filling up the DagBag from /home/airflow/.local/lib/python3.7/site-packages/airflow/example_dags/example_complex.py
[2022-05-18 14:11:42,399] {processor.py:651} INFO - DAG(s) dict_keys(['example_complex']) retrieved from /home/airflow/.local/lib/python3.7/site-packages/airflow/example_dags/example_complex.py
[2022-05-18 14:11:42,431] {logging_mixin.py:115} INFO - [2022-05-18 14:11:42,431] {dag.py:2371} INFO - Sync 1 DAGs
[2022-05-18 14:11:42,454] {logging_mixin.py:115} INFO - [2022-05-18 14:11:42,454] {dag.py:2919} INFO - Setting next_dagrun for example_complex to None, run_after=None
[2022-05-18 14:11:42,589] {processor.py:161} INFO - Processing /home/airflow/.local/lib/python3.7/site-packages/airflow/example_dags/example_complex.py took 0.214 seconds
[2022-05-18 14:12:12,732] {processor.py:153} INFO - Started process (PID=586) to work on /home/airflow/.local/lib/python3.7/site-packages/airflow/example_dags/example_complex.py
[2022-05-18 14:12:12,788] {processor.py:641} INFO - Processing file /home/airflow/.local/lib/python3.7/site-packages/airflow/example_dags/example_complex.py for tasks to queue
[2022-05-18 14:12:12,789] {logging_mixin.py:115} INFO - [2022-05-18 14:12:12,789] {dagbag.py:507} INFO - Filling up the DagBag from /home/airflow/.local/lib/python3.7/site-packages/airflow/example_dags/example_complex.py
[2022-05-18 14:12:12,813] {processor.py:651} INFO - DAG(s) dict_keys(['example_complex']) retrieved from /home/airflow/.local/lib/python3.7/site-packages/airflow/example_dags/example_complex.py
[2022-05-18 14:12:12,856] {logging_mixin.py:115} INFO - [2022-05-18 14:12:12,856] {dag.py:2371} INFO - Sync 1 DAGs
[2022-05-18 14:12:12,891] {logging_mixin.py:115} INFO - [2022-05-18 14:12:12,890] {dag.py:2919} INFO - Setting next_dagrun for example_complex to None, run_after=None
[2022-05-18 14:12:13,082] {processor.py:161} INFO - Processing /home/airflow/.local/lib/python3.7/site-packages/airflow/example_dags/example_complex.py took 0.358 seconds
[2022-05-18 14:12:43,782] {processor.py:153} INFO - Started process (PID=639) to work on /home/airflow/.local/lib/python3.7/site-packages/airflow/example_dags/example_complex.py
[2022-05-18 14:12:43,783] {processor.py:641} INFO - Processing file /home/airflow/.local/lib/python3.7/site-packages/airflow/example_dags/example_complex.py for tasks to queue
[2022-05-18 14:12:43,785] {logging_mixin.py:115} INFO - [2022-05-18 14:12:43,785] {dagbag.py:507} INFO - Filling up the DagBag from /home/airflow/.local/lib/python3.7/site-packages/airflow/example_dags/example_complex.py
[2022-05-18 14:12:43,816] {processor.py:651} INFO - DAG(s) dict_keys(['example_complex']) retrieved from /home/airflow/.local/lib/python3.7/site-packages/airflow/example_dags/example_complex.py
[2022-05-18 14:12:43,849] {logging_mixin.py:115} INFO - [2022-05-18 14:12:43,849] {dag.py:2371} INFO - Sync 1 DAGs
[2022-05-18 14:12:43,992] {logging_mixin.py:115} INFO - [2022-05-18 14:12:43,992] {dag.py:2919} INFO - Setting next_dagrun for example_complex to None, run_after=None
[2022-05-18 14:12:44,080] {processor.py:161} INFO - Processing /home/airflow/.local/lib/python3.7/site-packages/airflow/example_dags/example_complex.py took 0.311 seconds
[2022-05-18 14:13:14,416] {processor.py:153} INFO - Started process (PID=701) to work on /home/airflow/.local/lib/python3.7/site-packages/airflow/example_dags/example_complex.py
[2022-05-18 14:13:14,430] {processor.py:641} INFO - Processing file /home/airflow/.local/lib/python3.7/site-packages/airflow/example_dags/example_complex.py for tasks to queue
[2022-05-18 14:13:14,430] {logging_mixin.py:115} INFO - [2022-05-18 14:13:14,430] {dagbag.py:507} INFO - Filling up the DagBag from /home/airflow/.local/lib/python3.7/site-packages/airflow/example_dags/example_complex.py
[2022-05-18 14:13:14,445] {processor.py:651} INFO - DAG(s) dict_keys(['example_complex']) retrieved from /home/airflow/.local/lib/python3.7/site-packages/airflow/example_dags/example_complex.py
[2022-05-18 14:13:14,478] {logging_mixin.py:115} INFO - [2022-05-18 14:13:14,478] {dag.py:2371} INFO - Sync 1 DAGs
[2022-05-18 14:13:14,604] {logging_mixin.py:115} INFO - [2022-05-18 14:13:14,604] {dag.py:2919} INFO - Setting next_dagrun for example_complex to None, run_after=None
[2022-05-18 14:13:14,639] {processor.py:161} INFO - Processing /home/airflow/.local/lib/python3.7/site-packages/airflow/example_dags/example_complex.py took 0.225 seconds
[2022-05-18 14:13:45,040] {processor.py:153} INFO - Started process (PID=753) to work on /home/airflow/.local/lib/python3.7/site-packages/airflow/example_dags/example_complex.py
[2022-05-18 14:13:45,066] {processor.py:641} INFO - Processing file /home/airflow/.local/lib/python3.7/site-packages/airflow/example_dags/example_complex.py for tasks to queue
[2022-05-18 14:13:45,068] {logging_mixin.py:115} INFO - [2022-05-18 14:13:45,068] {dagbag.py:507} INFO - Filling up the DagBag from /home/airflow/.local/lib/python3.7/site-packages/airflow/example_dags/example_complex.py
[2022-05-18 14:13:45,093] {processor.py:651} INFO - DAG(s) dict_keys(['example_complex']) retrieved from /home/airflow/.local/lib/python3.7/site-packages/airflow/example_dags/example_complex.py
[2022-05-18 14:13:45,126] {logging_mixin.py:115} INFO - [2022-05-18 14:13:45,126] {dag.py:2371} INFO - Sync 1 DAGs
[2022-05-18 14:13:45,273] {logging_mixin.py:115} INFO - [2022-05-18 14:13:45,273] {dag.py:2919} INFO - Setting next_dagrun for example_complex to None, run_after=None
[2022-05-18 14:13:45,308] {processor.py:161} INFO - Processing /home/airflow/.local/lib/python3.7/site-packages/airflow/example_dags/example_complex.py took 0.271 seconds
[2022-05-18 14:14:15,979] {processor.py:153} INFO - Started process (PID=814) to work on /home/airflow/.local/lib/python3.7/site-packages/airflow/example_dags/example_complex.py
[2022-05-18 14:14:15,980] {processor.py:641} INFO - Processing file /home/airflow/.local/lib/python3.7/site-packages/airflow/example_dags/example_complex.py for tasks to queue
[2022-05-18 14:14:15,981] {logging_mixin.py:115} INFO - [2022-05-18 14:14:15,980] {dagbag.py:507} INFO - Filling up the DagBag from /home/airflow/.local/lib/python3.7/site-packages/airflow/example_dags/example_complex.py
[2022-05-18 14:14:15,995] {processor.py:651} INFO - DAG(s) dict_keys(['example_complex']) retrieved from /home/airflow/.local/lib/python3.7/site-packages/airflow/example_dags/example_complex.py
[2022-05-18 14:14:16,026] {logging_mixin.py:115} INFO - [2022-05-18 14:14:16,026] {dag.py:2371} INFO - Sync 1 DAGs
[2022-05-18 14:14:16,161] {logging_mixin.py:115} INFO - [2022-05-18 14:14:16,161] {dag.py:2919} INFO - Setting next_dagrun for example_complex to None, run_after=None
[2022-05-18 14:14:16,191] {processor.py:161} INFO - Processing /home/airflow/.local/lib/python3.7/site-packages/airflow/example_dags/example_complex.py took 0.214 seconds
[2022-05-18 14:14:46,592] {processor.py:153} INFO - Started process (PID=869) to work on /home/airflow/.local/lib/python3.7/site-packages/airflow/example_dags/example_complex.py
[2022-05-18 14:14:46,592] {processor.py:641} INFO - Processing file /home/airflow/.local/lib/python3.7/site-packages/airflow/example_dags/example_complex.py for tasks to queue
[2022-05-18 14:14:46,593] {logging_mixin.py:115} INFO - [2022-05-18 14:14:46,593] {dagbag.py:507} INFO - Filling up the DagBag from /home/airflow/.local/lib/python3.7/site-packages/airflow/example_dags/example_complex.py
[2022-05-18 14:14:46,607] {processor.py:651} INFO - DAG(s) dict_keys(['example_complex']) retrieved from /home/airflow/.local/lib/python3.7/site-packages/airflow/example_dags/example_complex.py
[2022-05-18 14:14:46,651] {logging_mixin.py:115} INFO - [2022-05-18 14:14:46,651] {dag.py:2371} INFO - Sync 1 DAGs
[2022-05-18 14:14:46,807] {logging_mixin.py:115} INFO - [2022-05-18 14:14:46,807] {dag.py:2919} INFO - Setting next_dagrun for example_complex to None, run_after=None
[2022-05-18 14:14:46,848] {processor.py:161} INFO - Processing /home/airflow/.local/lib/python3.7/site-packages/airflow/example_dags/example_complex.py took 0.259 seconds
[2022-05-18 14:15:16,948] {processor.py:153} INFO - Started process (PID=931) to work on /home/airflow/.local/lib/python3.7/site-packages/airflow/example_dags/example_complex.py
[2022-05-18 14:15:17,026] {processor.py:641} INFO - Processing file /home/airflow/.local/lib/python3.7/site-packages/airflow/example_dags/example_complex.py for tasks to queue
[2022-05-18 14:15:17,037] {logging_mixin.py:115} INFO - [2022-05-18 14:15:17,037] {dagbag.py:507} INFO - Filling up the DagBag from /home/airflow/.local/lib/python3.7/site-packages/airflow/example_dags/example_complex.py
[2022-05-18 14:15:17,073] {processor.py:651} INFO - DAG(s) dict_keys(['example_complex']) retrieved from /home/airflow/.local/lib/python3.7/site-packages/airflow/example_dags/example_complex.py
[2022-05-18 14:15:17,127] {logging_mixin.py:115} INFO - [2022-05-18 14:15:17,126] {dag.py:2371} INFO - Sync 1 DAGs
[2022-05-18 14:15:17,322] {logging_mixin.py:115} INFO - [2022-05-18 14:15:17,322] {dag.py:2919} INFO - Setting next_dagrun for example_complex to None, run_after=None
[2022-05-18 14:15:17,388] {processor.py:161} INFO - Processing /home/airflow/.local/lib/python3.7/site-packages/airflow/example_dags/example_complex.py took 0.444 seconds
[2022-05-18 14:15:48,085] {processor.py:153} INFO - Started process (PID=984) to work on /home/airflow/.local/lib/python3.7/site-packages/airflow/example_dags/example_complex.py
[2022-05-18 14:15:48,085] {processor.py:641} INFO - Processing file /home/airflow/.local/lib/python3.7/site-packages/airflow/example_dags/example_complex.py for tasks to queue
[2022-05-18 14:15:48,086] {logging_mixin.py:115} INFO - [2022-05-18 14:15:48,085] {dagbag.py:507} INFO - Filling up the DagBag from /home/airflow/.local/lib/python3.7/site-packages/airflow/example_dags/example_complex.py
[2022-05-18 14:15:48,103] {processor.py:651} INFO - DAG(s) dict_keys(['example_complex']) retrieved from /home/airflow/.local/lib/python3.7/site-packages/airflow/example_dags/example_complex.py
[2022-05-18 14:15:48,140] {logging_mixin.py:115} INFO - [2022-05-18 14:15:48,140] {dag.py:2371} INFO - Sync 1 DAGs
[2022-05-18 14:15:48,295] {logging_mixin.py:115} INFO - [2022-05-18 14:15:48,295] {dag.py:2919} INFO - Setting next_dagrun for example_complex to None, run_after=None
[2022-05-18 14:15:48,354] {processor.py:161} INFO - Processing /home/airflow/.local/lib/python3.7/site-packages/airflow/example_dags/example_complex.py took 0.273 seconds
[2022-05-18 14:16:18,648] {processor.py:153} INFO - Started process (PID=1045) to work on /home/airflow/.local/lib/python3.7/site-packages/airflow/example_dags/example_complex.py
[2022-05-18 14:16:18,665] {processor.py:641} INFO - Processing file /home/airflow/.local/lib/python3.7/site-packages/airflow/example_dags/example_complex.py for tasks to queue
[2022-05-18 14:16:18,666] {logging_mixin.py:115} INFO - [2022-05-18 14:16:18,666] {dagbag.py:507} INFO - Filling up the DagBag from /home/airflow/.local/lib/python3.7/site-packages/airflow/example_dags/example_complex.py
[2022-05-18 14:16:18,680] {processor.py:651} INFO - DAG(s) dict_keys(['example_complex']) retrieved from /home/airflow/.local/lib/python3.7/site-packages/airflow/example_dags/example_complex.py
[2022-05-18 14:16:18,711] {logging_mixin.py:115} INFO - [2022-05-18 14:16:18,711] {dag.py:2371} INFO - Sync 1 DAGs
[2022-05-18 14:16:18,844] {logging_mixin.py:115} INFO - [2022-05-18 14:16:18,844] {dag.py:2919} INFO - Setting next_dagrun for example_complex to None, run_after=None
[2022-05-18 14:16:18,884] {processor.py:161} INFO - Processing /home/airflow/.local/lib/python3.7/site-packages/airflow/example_dags/example_complex.py took 0.239 seconds
[2022-05-18 14:16:49,566] {processor.py:153} INFO - Started process (PID=1100) to work on /home/airflow/.local/lib/python3.7/site-packages/airflow/example_dags/example_complex.py
[2022-05-18 14:16:49,567] {processor.py:641} INFO - Processing file /home/airflow/.local/lib/python3.7/site-packages/airflow/example_dags/example_complex.py for tasks to queue
[2022-05-18 14:16:49,567] {logging_mixin.py:115} INFO - [2022-05-18 14:16:49,567] {dagbag.py:507} INFO - Filling up the DagBag from /home/airflow/.local/lib/python3.7/site-packages/airflow/example_dags/example_complex.py
[2022-05-18 14:16:49,591] {processor.py:651} INFO - DAG(s) dict_keys(['example_complex']) retrieved from /home/airflow/.local/lib/python3.7/site-packages/airflow/example_dags/example_complex.py
[2022-05-18 14:16:49,655] {logging_mixin.py:115} INFO - [2022-05-18 14:16:49,655] {dag.py:2371} INFO - Sync 1 DAGs
[2022-05-18 14:16:49,793] {logging_mixin.py:115} INFO - [2022-05-18 14:16:49,793] {dag.py:2919} INFO - Setting next_dagrun for example_complex to None, run_after=None
[2022-05-18 14:16:49,830] {processor.py:161} INFO - Processing /home/airflow/.local/lib/python3.7/site-packages/airflow/example_dags/example_complex.py took 0.268 seconds
[2022-05-18 14:17:20,632] {processor.py:153} INFO - Started process (PID=1163) to work on /home/airflow/.local/lib/python3.7/site-packages/airflow/example_dags/example_complex.py
[2022-05-18 14:17:20,642] {processor.py:641} INFO - Processing file /home/airflow/.local/lib/python3.7/site-packages/airflow/example_dags/example_complex.py for tasks to queue
[2022-05-18 14:17:20,643] {logging_mixin.py:115} INFO - [2022-05-18 14:17:20,642] {dagbag.py:507} INFO - Filling up the DagBag from /home/airflow/.local/lib/python3.7/site-packages/airflow/example_dags/example_complex.py
[2022-05-18 14:17:20,670] {processor.py:651} INFO - DAG(s) dict_keys(['example_complex']) retrieved from /home/airflow/.local/lib/python3.7/site-packages/airflow/example_dags/example_complex.py
[2022-05-18 14:17:20,727] {logging_mixin.py:115} INFO - [2022-05-18 14:17:20,726] {dag.py:2371} INFO - Sync 1 DAGs
[2022-05-18 14:17:20,923] {logging_mixin.py:115} INFO - [2022-05-18 14:17:20,923] {dag.py:2919} INFO - Setting next_dagrun for example_complex to None, run_after=None
[2022-05-18 14:17:20,975] {processor.py:161} INFO - Processing /home/airflow/.local/lib/python3.7/site-packages/airflow/example_dags/example_complex.py took 0.349 seconds
[2022-05-18 14:17:51,112] {processor.py:153} INFO - Started process (PID=1216) to work on /home/airflow/.local/lib/python3.7/site-packages/airflow/example_dags/example_complex.py
[2022-05-18 14:17:51,116] {processor.py:641} INFO - Processing file /home/airflow/.local/lib/python3.7/site-packages/airflow/example_dags/example_complex.py for tasks to queue
[2022-05-18 14:17:51,117] {logging_mixin.py:115} INFO - [2022-05-18 14:17:51,117] {dagbag.py:507} INFO - Filling up the DagBag from /home/airflow/.local/lib/python3.7/site-packages/airflow/example_dags/example_complex.py
[2022-05-18 14:17:51,133] {processor.py:651} INFO - DAG(s) dict_keys(['example_complex']) retrieved from /home/airflow/.local/lib/python3.7/site-packages/airflow/example_dags/example_complex.py
[2022-05-18 14:17:51,165] {logging_mixin.py:115} INFO - [2022-05-18 14:17:51,165] {dag.py:2371} INFO - Sync 1 DAGs
[2022-05-18 14:17:51,304] {logging_mixin.py:115} INFO - [2022-05-18 14:17:51,304] {dag.py:2919} INFO - Setting next_dagrun for example_complex to None, run_after=None
[2022-05-18 14:17:51,412] {processor.py:161} INFO - Processing /home/airflow/.local/lib/python3.7/site-packages/airflow/example_dags/example_complex.py took 0.303 seconds
[2022-05-18 14:22:37,740] {processor.py:153} INFO - Started process (PID=57) to work on /home/airflow/.local/lib/python3.7/site-packages/airflow/example_dags/example_complex.py
[2022-05-18 14:22:37,786] {processor.py:641} INFO - Processing file /home/airflow/.local/lib/python3.7/site-packages/airflow/example_dags/example_complex.py for tasks to queue
[2022-05-18 14:22:37,787] {logging_mixin.py:115} INFO - [2022-05-18 14:22:37,787] {dagbag.py:507} INFO - Filling up the DagBag from /home/airflow/.local/lib/python3.7/site-packages/airflow/example_dags/example_complex.py
[2022-05-18 14:22:37,819] {processor.py:651} INFO - DAG(s) dict_keys(['example_complex']) retrieved from /home/airflow/.local/lib/python3.7/site-packages/airflow/example_dags/example_complex.py
[2022-05-18 14:22:37,890] {logging_mixin.py:115} INFO - [2022-05-18 14:22:37,890] {dag.py:2371} INFO - Sync 1 DAGs
[2022-05-18 14:22:37,948] {logging_mixin.py:115} INFO - [2022-05-18 14:22:37,948] {dag.py:2919} INFO - Setting next_dagrun for example_complex to None, run_after=None
[2022-05-18 14:22:38,004] {processor.py:161} INFO - Processing /home/airflow/.local/lib/python3.7/site-packages/airflow/example_dags/example_complex.py took 0.269 seconds
[2022-05-18 14:23:08,560] {processor.py:153} INFO - Started process (PID=109) to work on /home/airflow/.local/lib/python3.7/site-packages/airflow/example_dags/example_complex.py
[2022-05-18 14:23:08,560] {processor.py:641} INFO - Processing file /home/airflow/.local/lib/python3.7/site-packages/airflow/example_dags/example_complex.py for tasks to queue
[2022-05-18 14:23:08,561] {logging_mixin.py:115} INFO - [2022-05-18 14:23:08,561] {dagbag.py:507} INFO - Filling up the DagBag from /home/airflow/.local/lib/python3.7/site-packages/airflow/example_dags/example_complex.py
[2022-05-18 14:23:08,578] {processor.py:651} INFO - DAG(s) dict_keys(['example_complex']) retrieved from /home/airflow/.local/lib/python3.7/site-packages/airflow/example_dags/example_complex.py
[2022-05-18 14:23:08,606] {logging_mixin.py:115} INFO - [2022-05-18 14:23:08,606] {dag.py:2371} INFO - Sync 1 DAGs
[2022-05-18 14:23:08,632] {logging_mixin.py:115} INFO - [2022-05-18 14:23:08,632] {dag.py:2919} INFO - Setting next_dagrun for example_complex to None, run_after=None
[2022-05-18 14:23:08,666] {processor.py:161} INFO - Processing /home/airflow/.local/lib/python3.7/site-packages/airflow/example_dags/example_complex.py took 0.109 seconds
[2022-05-18 14:23:38,812] {processor.py:153} INFO - Started process (PID=172) to work on /home/airflow/.local/lib/python3.7/site-packages/airflow/example_dags/example_complex.py
[2022-05-18 14:23:38,812] {processor.py:641} INFO - Processing file /home/airflow/.local/lib/python3.7/site-packages/airflow/example_dags/example_complex.py for tasks to queue
[2022-05-18 14:23:38,813] {logging_mixin.py:115} INFO - [2022-05-18 14:23:38,813] {dagbag.py:507} INFO - Filling up the DagBag from /home/airflow/.local/lib/python3.7/site-packages/airflow/example_dags/example_complex.py
[2022-05-18 14:23:38,830] {processor.py:651} INFO - DAG(s) dict_keys(['example_complex']) retrieved from /home/airflow/.local/lib/python3.7/site-packages/airflow/example_dags/example_complex.py
[2022-05-18 14:23:38,859] {logging_mixin.py:115} INFO - [2022-05-18 14:23:38,859] {dag.py:2371} INFO - Sync 1 DAGs
[2022-05-18 14:23:38,881] {logging_mixin.py:115} INFO - [2022-05-18 14:23:38,881] {dag.py:2919} INFO - Setting next_dagrun for example_complex to None, run_after=None
[2022-05-18 14:23:38,916] {processor.py:161} INFO - Processing /home/airflow/.local/lib/python3.7/site-packages/airflow/example_dags/example_complex.py took 0.107 seconds
[2022-05-18 14:24:09,215] {processor.py:153} INFO - Started process (PID=225) to work on /home/airflow/.local/lib/python3.7/site-packages/airflow/example_dags/example_complex.py
[2022-05-18 14:24:09,230] {processor.py:641} INFO - Processing file /home/airflow/.local/lib/python3.7/site-packages/airflow/example_dags/example_complex.py for tasks to queue
[2022-05-18 14:24:09,231] {logging_mixin.py:115} INFO - [2022-05-18 14:24:09,231] {dagbag.py:507} INFO - Filling up the DagBag from /home/airflow/.local/lib/python3.7/site-packages/airflow/example_dags/example_complex.py
[2022-05-18 14:24:09,249] {processor.py:651} INFO - DAG(s) dict_keys(['example_complex']) retrieved from /home/airflow/.local/lib/python3.7/site-packages/airflow/example_dags/example_complex.py
[2022-05-18 14:24:09,279] {logging_mixin.py:115} INFO - [2022-05-18 14:24:09,279] {dag.py:2371} INFO - Sync 1 DAGs
[2022-05-18 14:24:09,300] {logging_mixin.py:115} INFO - [2022-05-18 14:24:09,300] {dag.py:2919} INFO - Setting next_dagrun for example_complex to None, run_after=None
[2022-05-18 14:24:09,357] {processor.py:161} INFO - Processing /home/airflow/.local/lib/python3.7/site-packages/airflow/example_dags/example_complex.py took 0.144 seconds
[2022-05-18 14:24:39,908] {processor.py:153} INFO - Started process (PID=286) to work on /home/airflow/.local/lib/python3.7/site-packages/airflow/example_dags/example_complex.py
[2022-05-18 14:24:39,908] {processor.py:641} INFO - Processing file /home/airflow/.local/lib/python3.7/site-packages/airflow/example_dags/example_complex.py for tasks to queue
[2022-05-18 14:24:39,909] {logging_mixin.py:115} INFO - [2022-05-18 14:24:39,909] {dagbag.py:507} INFO - Filling up the DagBag from /home/airflow/.local/lib/python3.7/site-packages/airflow/example_dags/example_complex.py
[2022-05-18 14:24:39,929] {processor.py:651} INFO - DAG(s) dict_keys(['example_complex']) retrieved from /home/airflow/.local/lib/python3.7/site-packages/airflow/example_dags/example_complex.py
[2022-05-18 14:24:39,963] {logging_mixin.py:115} INFO - [2022-05-18 14:24:39,962] {dag.py:2371} INFO - Sync 1 DAGs
[2022-05-18 14:24:39,988] {logging_mixin.py:115} INFO - [2022-05-18 14:24:39,988] {dag.py:2919} INFO - Setting next_dagrun for example_complex to None, run_after=None
[2022-05-18 14:24:40,031] {processor.py:161} INFO - Processing /home/airflow/.local/lib/python3.7/site-packages/airflow/example_dags/example_complex.py took 0.126 seconds
[2022-05-18 14:25:10,350] {processor.py:153} INFO - Started process (PID=339) to work on /home/airflow/.local/lib/python3.7/site-packages/airflow/example_dags/example_complex.py
[2022-05-18 14:25:10,362] {processor.py:641} INFO - Processing file /home/airflow/.local/lib/python3.7/site-packages/airflow/example_dags/example_complex.py for tasks to queue
[2022-05-18 14:25:10,362] {logging_mixin.py:115} INFO - [2022-05-18 14:25:10,362] {dagbag.py:507} INFO - Filling up the DagBag from /home/airflow/.local/lib/python3.7/site-packages/airflow/example_dags/example_complex.py
[2022-05-18 14:25:10,386] {processor.py:651} INFO - DAG(s) dict_keys(['example_complex']) retrieved from /home/airflow/.local/lib/python3.7/site-packages/airflow/example_dags/example_complex.py
[2022-05-18 14:25:10,419] {logging_mixin.py:115} INFO - [2022-05-18 14:25:10,419] {dag.py:2371} INFO - Sync 1 DAGs
[2022-05-18 14:25:10,442] {logging_mixin.py:115} INFO - [2022-05-18 14:25:10,442] {dag.py:2919} INFO - Setting next_dagrun for example_complex to None, run_after=None
[2022-05-18 14:25:10,510] {processor.py:161} INFO - Processing /home/airflow/.local/lib/python3.7/site-packages/airflow/example_dags/example_complex.py took 0.163 seconds
[2022-05-18 14:25:40,613] {processor.py:153} INFO - Started process (PID=402) to work on /home/airflow/.local/lib/python3.7/site-packages/airflow/example_dags/example_complex.py
[2022-05-18 14:25:40,613] {processor.py:641} INFO - Processing file /home/airflow/.local/lib/python3.7/site-packages/airflow/example_dags/example_complex.py for tasks to queue
[2022-05-18 14:25:40,614] {logging_mixin.py:115} INFO - [2022-05-18 14:25:40,614] {dagbag.py:507} INFO - Filling up the DagBag from /home/airflow/.local/lib/python3.7/site-packages/airflow/example_dags/example_complex.py
[2022-05-18 14:25:40,630] {processor.py:651} INFO - DAG(s) dict_keys(['example_complex']) retrieved from /home/airflow/.local/lib/python3.7/site-packages/airflow/example_dags/example_complex.py
[2022-05-18 14:25:40,659] {logging_mixin.py:115} INFO - [2022-05-18 14:25:40,659] {dag.py:2371} INFO - Sync 1 DAGs
[2022-05-18 14:25:40,681] {logging_mixin.py:115} INFO - [2022-05-18 14:25:40,681] {dag.py:2919} INFO - Setting next_dagrun for example_complex to None, run_after=None
[2022-05-18 14:25:40,721] {processor.py:161} INFO - Processing /home/airflow/.local/lib/python3.7/site-packages/airflow/example_dags/example_complex.py took 0.112 seconds
[2022-05-18 14:26:10,964] {processor.py:153} INFO - Started process (PID=463) to work on /home/airflow/.local/lib/python3.7/site-packages/airflow/example_dags/example_complex.py
[2022-05-18 14:26:10,997] {processor.py:641} INFO - Processing file /home/airflow/.local/lib/python3.7/site-packages/airflow/example_dags/example_complex.py for tasks to queue
[2022-05-18 14:26:11,034] {logging_mixin.py:115} INFO - [2022-05-18 14:26:11,034] {dagbag.py:507} INFO - Filling up the DagBag from /home/airflow/.local/lib/python3.7/site-packages/airflow/example_dags/example_complex.py
[2022-05-18 14:26:11,056] {processor.py:651} INFO - DAG(s) dict_keys(['example_complex']) retrieved from /home/airflow/.local/lib/python3.7/site-packages/airflow/example_dags/example_complex.py
[2022-05-18 14:26:11,086] {logging_mixin.py:115} INFO - [2022-05-18 14:26:11,086] {dag.py:2371} INFO - Sync 1 DAGs
[2022-05-18 14:26:11,108] {logging_mixin.py:115} INFO - [2022-05-18 14:26:11,108] {dag.py:2919} INFO - Setting next_dagrun for example_complex to None, run_after=None
[2022-05-18 14:26:11,157] {processor.py:161} INFO - Processing /home/airflow/.local/lib/python3.7/site-packages/airflow/example_dags/example_complex.py took 0.196 seconds
[2022-05-18 14:26:41,250] {processor.py:153} INFO - Started process (PID=516) to work on /home/airflow/.local/lib/python3.7/site-packages/airflow/example_dags/example_complex.py
[2022-05-18 14:26:41,251] {processor.py:641} INFO - Processing file /home/airflow/.local/lib/python3.7/site-packages/airflow/example_dags/example_complex.py for tasks to queue
[2022-05-18 14:26:41,252] {logging_mixin.py:115} INFO - [2022-05-18 14:26:41,252] {dagbag.py:507} INFO - Filling up the DagBag from /home/airflow/.local/lib/python3.7/site-packages/airflow/example_dags/example_complex.py
[2022-05-18 14:26:41,285] {processor.py:651} INFO - DAG(s) dict_keys(['example_complex']) retrieved from /home/airflow/.local/lib/python3.7/site-packages/airflow/example_dags/example_complex.py
[2022-05-18 14:26:41,346] {logging_mixin.py:115} INFO - [2022-05-18 14:26:41,345] {dag.py:2371} INFO - Sync 1 DAGs
[2022-05-18 14:26:41,384] {logging_mixin.py:115} INFO - [2022-05-18 14:26:41,384] {dag.py:2919} INFO - Setting next_dagrun for example_complex to None, run_after=None
[2022-05-18 14:26:41,437] {processor.py:161} INFO - Processing /home/airflow/.local/lib/python3.7/site-packages/airflow/example_dags/example_complex.py took 0.191 seconds
[2022-05-18 14:27:11,545] {processor.py:153} INFO - Started process (PID=568) to work on /home/airflow/.local/lib/python3.7/site-packages/airflow/example_dags/example_complex.py
[2022-05-18 14:27:11,558] {processor.py:641} INFO - Processing file /home/airflow/.local/lib/python3.7/site-packages/airflow/example_dags/example_complex.py for tasks to queue
[2022-05-18 14:27:11,559] {logging_mixin.py:115} INFO - [2022-05-18 14:27:11,559] {dagbag.py:507} INFO - Filling up the DagBag from /home/airflow/.local/lib/python3.7/site-packages/airflow/example_dags/example_complex.py
[2022-05-18 14:27:11,580] {processor.py:651} INFO - DAG(s) dict_keys(['example_complex']) retrieved from /home/airflow/.local/lib/python3.7/site-packages/airflow/example_dags/example_complex.py
[2022-05-18 14:27:11,615] {logging_mixin.py:115} INFO - [2022-05-18 14:27:11,615] {dag.py:2371} INFO - Sync 1 DAGs
[2022-05-18 14:27:11,644] {logging_mixin.py:115} INFO - [2022-05-18 14:27:11,644] {dag.py:2919} INFO - Setting next_dagrun for example_complex to None, run_after=None
[2022-05-18 14:27:11,684] {processor.py:161} INFO - Processing /home/airflow/.local/lib/python3.7/site-packages/airflow/example_dags/example_complex.py took 0.143 seconds
[2022-05-18 14:27:41,985] {processor.py:153} INFO - Started process (PID=632) to work on /home/airflow/.local/lib/python3.7/site-packages/airflow/example_dags/example_complex.py
[2022-05-18 14:27:41,986] {processor.py:641} INFO - Processing file /home/airflow/.local/lib/python3.7/site-packages/airflow/example_dags/example_complex.py for tasks to queue
[2022-05-18 14:27:41,986] {logging_mixin.py:115} INFO - [2022-05-18 14:27:41,986] {dagbag.py:507} INFO - Filling up the DagBag from /home/airflow/.local/lib/python3.7/site-packages/airflow/example_dags/example_complex.py
[2022-05-18 14:27:42,005] {processor.py:651} INFO - DAG(s) dict_keys(['example_complex']) retrieved from /home/airflow/.local/lib/python3.7/site-packages/airflow/example_dags/example_complex.py
[2022-05-18 14:27:42,041] {logging_mixin.py:115} INFO - [2022-05-18 14:27:42,041] {dag.py:2371} INFO - Sync 1 DAGs
[2022-05-18 14:27:42,067] {logging_mixin.py:115} INFO - [2022-05-18 14:27:42,067] {dag.py:2919} INFO - Setting next_dagrun for example_complex to None, run_after=None
[2022-05-18 14:27:42,112] {processor.py:161} INFO - Processing /home/airflow/.local/lib/python3.7/site-packages/airflow/example_dags/example_complex.py took 0.130 seconds
[2022-05-18 14:28:12,170] {processor.py:153} INFO - Started process (PID=684) to work on /home/airflow/.local/lib/python3.7/site-packages/airflow/example_dags/example_complex.py
[2022-05-18 14:28:12,191] {processor.py:641} INFO - Processing file /home/airflow/.local/lib/python3.7/site-packages/airflow/example_dags/example_complex.py for tasks to queue
[2022-05-18 14:28:12,192] {logging_mixin.py:115} INFO - [2022-05-18 14:28:12,192] {dagbag.py:507} INFO - Filling up the DagBag from /home/airflow/.local/lib/python3.7/site-packages/airflow/example_dags/example_complex.py
[2022-05-18 14:28:12,210] {processor.py:651} INFO - DAG(s) dict_keys(['example_complex']) retrieved from /home/airflow/.local/lib/python3.7/site-packages/airflow/example_dags/example_complex.py
[2022-05-18 14:28:12,245] {logging_mixin.py:115} INFO - [2022-05-18 14:28:12,245] {dag.py:2371} INFO - Sync 1 DAGs
[2022-05-18 14:28:12,271] {logging_mixin.py:115} INFO - [2022-05-18 14:28:12,271] {dag.py:2919} INFO - Setting next_dagrun for example_complex to None, run_after=None
[2022-05-18 14:28:12,321] {processor.py:161} INFO - Processing /home/airflow/.local/lib/python3.7/site-packages/airflow/example_dags/example_complex.py took 0.154 seconds
[2022-05-18 14:28:42,872] {processor.py:153} INFO - Started process (PID=747) to work on /home/airflow/.local/lib/python3.7/site-packages/airflow/example_dags/example_complex.py
[2022-05-18 14:28:42,900] {processor.py:641} INFO - Processing file /home/airflow/.local/lib/python3.7/site-packages/airflow/example_dags/example_complex.py for tasks to queue
[2022-05-18 14:28:42,900] {logging_mixin.py:115} INFO - [2022-05-18 14:28:42,900] {dagbag.py:507} INFO - Filling up the DagBag from /home/airflow/.local/lib/python3.7/site-packages/airflow/example_dags/example_complex.py
[2022-05-18 14:28:42,928] {processor.py:651} INFO - DAG(s) dict_keys(['example_complex']) retrieved from /home/airflow/.local/lib/python3.7/site-packages/airflow/example_dags/example_complex.py
[2022-05-18 14:28:42,991] {logging_mixin.py:115} INFO - [2022-05-18 14:28:42,990] {dag.py:2371} INFO - Sync 1 DAGs
[2022-05-18 14:28:43,038] {logging_mixin.py:115} INFO - [2022-05-18 14:28:43,038] {dag.py:2919} INFO - Setting next_dagrun for example_complex to None, run_after=None
[2022-05-18 14:28:43,089] {processor.py:161} INFO - Processing /home/airflow/.local/lib/python3.7/site-packages/airflow/example_dags/example_complex.py took 0.222 seconds
[2022-05-18 14:29:13,822] {processor.py:153} INFO - Started process (PID=802) to work on /home/airflow/.local/lib/python3.7/site-packages/airflow/example_dags/example_complex.py
[2022-05-18 14:29:13,822] {processor.py:641} INFO - Processing file /home/airflow/.local/lib/python3.7/site-packages/airflow/example_dags/example_complex.py for tasks to queue
[2022-05-18 14:29:13,823] {logging_mixin.py:115} INFO - [2022-05-18 14:29:13,823] {dagbag.py:507} INFO - Filling up the DagBag from /home/airflow/.local/lib/python3.7/site-packages/airflow/example_dags/example_complex.py
[2022-05-18 14:29:13,845] {processor.py:651} INFO - DAG(s) dict_keys(['example_complex']) retrieved from /home/airflow/.local/lib/python3.7/site-packages/airflow/example_dags/example_complex.py
[2022-05-18 14:29:13,884] {logging_mixin.py:115} INFO - [2022-05-18 14:29:13,884] {dag.py:2371} INFO - Sync 1 DAGs
[2022-05-18 14:29:13,911] {logging_mixin.py:115} INFO - [2022-05-18 14:29:13,911] {dag.py:2919} INFO - Setting next_dagrun for example_complex to None, run_after=None
[2022-05-18 14:29:13,959] {processor.py:161} INFO - Processing /home/airflow/.local/lib/python3.7/site-packages/airflow/example_dags/example_complex.py took 0.141 seconds
[2022-05-18 14:29:44,058] {processor.py:153} INFO - Started process (PID=865) to work on /home/airflow/.local/lib/python3.7/site-packages/airflow/example_dags/example_complex.py
[2022-05-18 14:29:44,061] {processor.py:641} INFO - Processing file /home/airflow/.local/lib/python3.7/site-packages/airflow/example_dags/example_complex.py for tasks to queue
[2022-05-18 14:29:44,061] {logging_mixin.py:115} INFO - [2022-05-18 14:29:44,061] {dagbag.py:507} INFO - Filling up the DagBag from /home/airflow/.local/lib/python3.7/site-packages/airflow/example_dags/example_complex.py
[2022-05-18 14:29:44,078] {processor.py:651} INFO - DAG(s) dict_keys(['example_complex']) retrieved from /home/airflow/.local/lib/python3.7/site-packages/airflow/example_dags/example_complex.py
[2022-05-18 14:29:44,111] {logging_mixin.py:115} INFO - [2022-05-18 14:29:44,110] {dag.py:2371} INFO - Sync 1 DAGs
[2022-05-18 14:29:44,134] {logging_mixin.py:115} INFO - [2022-05-18 14:29:44,134] {dag.py:2919} INFO - Setting next_dagrun for example_complex to None, run_after=None
[2022-05-18 14:29:44,179] {processor.py:161} INFO - Processing /home/airflow/.local/lib/python3.7/site-packages/airflow/example_dags/example_complex.py took 0.124 seconds
[2022-05-18 14:30:14,588] {processor.py:153} INFO - Started process (PID=920) to work on /home/airflow/.local/lib/python3.7/site-packages/airflow/example_dags/example_complex.py
[2022-05-18 14:30:14,588] {processor.py:641} INFO - Processing file /home/airflow/.local/lib/python3.7/site-packages/airflow/example_dags/example_complex.py for tasks to queue
[2022-05-18 14:30:14,589] {logging_mixin.py:115} INFO - [2022-05-18 14:30:14,588] {dagbag.py:507} INFO - Filling up the DagBag from /home/airflow/.local/lib/python3.7/site-packages/airflow/example_dags/example_complex.py
[2022-05-18 14:30:14,610] {processor.py:651} INFO - DAG(s) dict_keys(['example_complex']) retrieved from /home/airflow/.local/lib/python3.7/site-packages/airflow/example_dags/example_complex.py
[2022-05-18 14:30:14,650] {logging_mixin.py:115} INFO - [2022-05-18 14:30:14,650] {dag.py:2371} INFO - Sync 1 DAGs
[2022-05-18 14:30:14,678] {logging_mixin.py:115} INFO - [2022-05-18 14:30:14,678] {dag.py:2919} INFO - Setting next_dagrun for example_complex to None, run_after=None
[2022-05-18 14:30:14,745] {processor.py:161} INFO - Processing /home/airflow/.local/lib/python3.7/site-packages/airflow/example_dags/example_complex.py took 0.160 seconds
[2022-05-18 14:30:44,788] {processor.py:153} INFO - Started process (PID=981) to work on /home/airflow/.local/lib/python3.7/site-packages/airflow/example_dags/example_complex.py
[2022-05-18 14:30:44,794] {processor.py:641} INFO - Processing file /home/airflow/.local/lib/python3.7/site-packages/airflow/example_dags/example_complex.py for tasks to queue
[2022-05-18 14:30:44,794] {logging_mixin.py:115} INFO - [2022-05-18 14:30:44,794] {dagbag.py:507} INFO - Filling up the DagBag from /home/airflow/.local/lib/python3.7/site-packages/airflow/example_dags/example_complex.py
[2022-05-18 14:30:44,812] {processor.py:651} INFO - DAG(s) dict_keys(['example_complex']) retrieved from /home/airflow/.local/lib/python3.7/site-packages/airflow/example_dags/example_complex.py
[2022-05-18 14:30:44,852] {logging_mixin.py:115} INFO - [2022-05-18 14:30:44,852] {dag.py:2371} INFO - Sync 1 DAGs
[2022-05-18 14:30:44,877] {logging_mixin.py:115} INFO - [2022-05-18 14:30:44,877] {dag.py:2919} INFO - Setting next_dagrun for example_complex to None, run_after=None
[2022-05-18 14:30:44,918] {processor.py:161} INFO - Processing /home/airflow/.local/lib/python3.7/site-packages/airflow/example_dags/example_complex.py took 0.133 seconds
[2022-05-18 14:31:15,721] {processor.py:153} INFO - Started process (PID=1041) to work on /home/airflow/.local/lib/python3.7/site-packages/airflow/example_dags/example_complex.py
[2022-05-18 14:31:15,722] {processor.py:641} INFO - Processing file /home/airflow/.local/lib/python3.7/site-packages/airflow/example_dags/example_complex.py for tasks to queue
[2022-05-18 14:31:15,722] {logging_mixin.py:115} INFO - [2022-05-18 14:31:15,722] {dagbag.py:507} INFO - Filling up the DagBag from /home/airflow/.local/lib/python3.7/site-packages/airflow/example_dags/example_complex.py
[2022-05-18 14:31:15,738] {processor.py:651} INFO - DAG(s) dict_keys(['example_complex']) retrieved from /home/airflow/.local/lib/python3.7/site-packages/airflow/example_dags/example_complex.py
[2022-05-18 14:31:15,774] {logging_mixin.py:115} INFO - [2022-05-18 14:31:15,774] {dag.py:2371} INFO - Sync 1 DAGs
[2022-05-18 14:31:15,797] {logging_mixin.py:115} INFO - [2022-05-18 14:31:15,797] {dag.py:2919} INFO - Setting next_dagrun for example_complex to None, run_after=None
[2022-05-18 14:31:15,839] {processor.py:161} INFO - Processing /home/airflow/.local/lib/python3.7/site-packages/airflow/example_dags/example_complex.py took 0.121 seconds
[2022-05-18 14:31:46,598] {processor.py:153} INFO - Started process (PID=1095) to work on /home/airflow/.local/lib/python3.7/site-packages/airflow/example_dags/example_complex.py
[2022-05-18 14:31:46,633] {processor.py:641} INFO - Processing file /home/airflow/.local/lib/python3.7/site-packages/airflow/example_dags/example_complex.py for tasks to queue
[2022-05-18 14:31:46,635] {logging_mixin.py:115} INFO - [2022-05-18 14:31:46,634] {dagbag.py:507} INFO - Filling up the DagBag from /home/airflow/.local/lib/python3.7/site-packages/airflow/example_dags/example_complex.py
[2022-05-18 14:31:46,703] {processor.py:651} INFO - DAG(s) dict_keys(['example_complex']) retrieved from /home/airflow/.local/lib/python3.7/site-packages/airflow/example_dags/example_complex.py
[2022-05-18 14:31:46,746] {logging_mixin.py:115} INFO - [2022-05-18 14:31:46,746] {dag.py:2371} INFO - Sync 1 DAGs
[2022-05-18 14:31:46,768] {logging_mixin.py:115} INFO - [2022-05-18 14:31:46,768] {dag.py:2919} INFO - Setting next_dagrun for example_complex to None, run_after=None
[2022-05-18 14:31:46,809] {processor.py:161} INFO - Processing /home/airflow/.local/lib/python3.7/site-packages/airflow/example_dags/example_complex.py took 0.213 seconds
[2022-05-18 14:32:17,298] {processor.py:153} INFO - Started process (PID=1156) to work on /home/airflow/.local/lib/python3.7/site-packages/airflow/example_dags/example_complex.py
[2022-05-18 14:32:17,307] {processor.py:641} INFO - Processing file /home/airflow/.local/lib/python3.7/site-packages/airflow/example_dags/example_complex.py for tasks to queue
[2022-05-18 14:32:17,307] {logging_mixin.py:115} INFO - [2022-05-18 14:32:17,307] {dagbag.py:507} INFO - Filling up the DagBag from /home/airflow/.local/lib/python3.7/site-packages/airflow/example_dags/example_complex.py
[2022-05-18 14:32:17,327] {processor.py:651} INFO - DAG(s) dict_keys(['example_complex']) retrieved from /home/airflow/.local/lib/python3.7/site-packages/airflow/example_dags/example_complex.py
[2022-05-18 14:32:17,373] {logging_mixin.py:115} INFO - [2022-05-18 14:32:17,373] {dag.py:2371} INFO - Sync 1 DAGs
[2022-05-18 14:32:17,411] {logging_mixin.py:115} INFO - [2022-05-18 14:32:17,411] {dag.py:2919} INFO - Setting next_dagrun for example_complex to None, run_after=None
[2022-05-18 14:32:17,484] {processor.py:161} INFO - Processing /home/airflow/.local/lib/python3.7/site-packages/airflow/example_dags/example_complex.py took 0.189 seconds
[2022-05-18 14:32:47,657] {processor.py:153} INFO - Started process (PID=1209) to work on /home/airflow/.local/lib/python3.7/site-packages/airflow/example_dags/example_complex.py
[2022-05-18 14:32:47,671] {processor.py:641} INFO - Processing file /home/airflow/.local/lib/python3.7/site-packages/airflow/example_dags/example_complex.py for tasks to queue
[2022-05-18 14:32:47,672] {logging_mixin.py:115} INFO - [2022-05-18 14:32:47,672] {dagbag.py:507} INFO - Filling up the DagBag from /home/airflow/.local/lib/python3.7/site-packages/airflow/example_dags/example_complex.py
[2022-05-18 14:32:47,689] {processor.py:651} INFO - DAG(s) dict_keys(['example_complex']) retrieved from /home/airflow/.local/lib/python3.7/site-packages/airflow/example_dags/example_complex.py
[2022-05-18 14:32:47,718] {logging_mixin.py:115} INFO - [2022-05-18 14:32:47,718] {dag.py:2371} INFO - Sync 1 DAGs
[2022-05-18 14:32:47,739] {logging_mixin.py:115} INFO - [2022-05-18 14:32:47,739] {dag.py:2919} INFO - Setting next_dagrun for example_complex to None, run_after=None
[2022-05-18 14:32:47,775] {processor.py:161} INFO - Processing /home/airflow/.local/lib/python3.7/site-packages/airflow/example_dags/example_complex.py took 0.121 seconds
[2022-05-18 14:33:18,405] {processor.py:153} INFO - Started process (PID=1269) to work on /home/airflow/.local/lib/python3.7/site-packages/airflow/example_dags/example_complex.py
[2022-05-18 14:33:18,419] {processor.py:641} INFO - Processing file /home/airflow/.local/lib/python3.7/site-packages/airflow/example_dags/example_complex.py for tasks to queue
[2022-05-18 14:33:18,419] {logging_mixin.py:115} INFO - [2022-05-18 14:33:18,419] {dagbag.py:507} INFO - Filling up the DagBag from /home/airflow/.local/lib/python3.7/site-packages/airflow/example_dags/example_complex.py
[2022-05-18 14:33:18,435] {processor.py:651} INFO - DAG(s) dict_keys(['example_complex']) retrieved from /home/airflow/.local/lib/python3.7/site-packages/airflow/example_dags/example_complex.py
[2022-05-18 14:33:18,469] {logging_mixin.py:115} INFO - [2022-05-18 14:33:18,469] {dag.py:2371} INFO - Sync 1 DAGs
[2022-05-18 14:33:18,495] {logging_mixin.py:115} INFO - [2022-05-18 14:33:18,494] {dag.py:2919} INFO - Setting next_dagrun for example_complex to None, run_after=None
[2022-05-18 14:33:18,536] {processor.py:161} INFO - Processing /home/airflow/.local/lib/python3.7/site-packages/airflow/example_dags/example_complex.py took 0.134 seconds
[2022-05-18 14:33:49,114] {processor.py:153} INFO - Started process (PID=1321) to work on /home/airflow/.local/lib/python3.7/site-packages/airflow/example_dags/example_complex.py
[2022-05-18 14:33:49,121] {processor.py:641} INFO - Processing file /home/airflow/.local/lib/python3.7/site-packages/airflow/example_dags/example_complex.py for tasks to queue
[2022-05-18 14:33:49,122] {logging_mixin.py:115} INFO - [2022-05-18 14:33:49,122] {dagbag.py:507} INFO - Filling up the DagBag from /home/airflow/.local/lib/python3.7/site-packages/airflow/example_dags/example_complex.py
[2022-05-18 14:33:49,136] {processor.py:651} INFO - DAG(s) dict_keys(['example_complex']) retrieved from /home/airflow/.local/lib/python3.7/site-packages/airflow/example_dags/example_complex.py
[2022-05-18 14:33:49,172] {logging_mixin.py:115} INFO - [2022-05-18 14:33:49,172] {dag.py:2371} INFO - Sync 1 DAGs
[2022-05-18 14:33:49,196] {logging_mixin.py:115} INFO - [2022-05-18 14:33:49,196] {dag.py:2919} INFO - Setting next_dagrun for example_complex to None, run_after=None
[2022-05-18 14:33:49,236] {processor.py:161} INFO - Processing /home/airflow/.local/lib/python3.7/site-packages/airflow/example_dags/example_complex.py took 0.126 seconds
[2022-05-18 14:34:19,584] {processor.py:153} INFO - Started process (PID=1385) to work on /home/airflow/.local/lib/python3.7/site-packages/airflow/example_dags/example_complex.py
[2022-05-18 14:34:19,584] {processor.py:641} INFO - Processing file /home/airflow/.local/lib/python3.7/site-packages/airflow/example_dags/example_complex.py for tasks to queue
[2022-05-18 14:34:19,585] {logging_mixin.py:115} INFO - [2022-05-18 14:34:19,585] {dagbag.py:507} INFO - Filling up the DagBag from /home/airflow/.local/lib/python3.7/site-packages/airflow/example_dags/example_complex.py
[2022-05-18 14:34:19,607] {processor.py:651} INFO - DAG(s) dict_keys(['example_complex']) retrieved from /home/airflow/.local/lib/python3.7/site-packages/airflow/example_dags/example_complex.py
[2022-05-18 14:34:19,639] {logging_mixin.py:115} INFO - [2022-05-18 14:34:19,639] {dag.py:2371} INFO - Sync 1 DAGs
[2022-05-18 14:34:19,660] {logging_mixin.py:115} INFO - [2022-05-18 14:34:19,660] {dag.py:2919} INFO - Setting next_dagrun for example_complex to None, run_after=None
[2022-05-18 14:34:19,709] {processor.py:161} INFO - Processing /home/airflow/.local/lib/python3.7/site-packages/airflow/example_dags/example_complex.py took 0.130 seconds
[2022-05-18 14:34:50,099] {processor.py:153} INFO - Started process (PID=1438) to work on /home/airflow/.local/lib/python3.7/site-packages/airflow/example_dags/example_complex.py
[2022-05-18 14:34:50,113] {processor.py:641} INFO - Processing file /home/airflow/.local/lib/python3.7/site-packages/airflow/example_dags/example_complex.py for tasks to queue
[2022-05-18 14:34:50,114] {logging_mixin.py:115} INFO - [2022-05-18 14:34:50,114] {dagbag.py:507} INFO - Filling up the DagBag from /home/airflow/.local/lib/python3.7/site-packages/airflow/example_dags/example_complex.py
[2022-05-18 14:34:50,131] {processor.py:651} INFO - DAG(s) dict_keys(['example_complex']) retrieved from /home/airflow/.local/lib/python3.7/site-packages/airflow/example_dags/example_complex.py
[2022-05-18 14:34:50,169] {logging_mixin.py:115} INFO - [2022-05-18 14:34:50,169] {dag.py:2371} INFO - Sync 1 DAGs
[2022-05-18 14:34:50,196] {logging_mixin.py:115} INFO - [2022-05-18 14:34:50,196] {dag.py:2919} INFO - Setting next_dagrun for example_complex to None, run_after=None
[2022-05-18 14:34:50,244] {processor.py:161} INFO - Processing /home/airflow/.local/lib/python3.7/site-packages/airflow/example_dags/example_complex.py took 0.147 seconds
[2022-05-18 14:35:20,401] {processor.py:153} INFO - Started process (PID=1504) to work on /home/airflow/.local/lib/python3.7/site-packages/airflow/example_dags/example_complex.py
[2022-05-18 14:35:20,433] {processor.py:641} INFO - Processing file /home/airflow/.local/lib/python3.7/site-packages/airflow/example_dags/example_complex.py for tasks to queue
[2022-05-18 14:35:20,435] {logging_mixin.py:115} INFO - [2022-05-18 14:35:20,435] {dagbag.py:507} INFO - Filling up the DagBag from /home/airflow/.local/lib/python3.7/site-packages/airflow/example_dags/example_complex.py
[2022-05-18 14:35:20,516] {processor.py:651} INFO - DAG(s) dict_keys(['example_complex']) retrieved from /home/airflow/.local/lib/python3.7/site-packages/airflow/example_dags/example_complex.py
[2022-05-18 14:35:20,572] {logging_mixin.py:115} INFO - [2022-05-18 14:35:20,572] {dag.py:2371} INFO - Sync 1 DAGs
[2022-05-18 14:35:20,597] {logging_mixin.py:115} INFO - [2022-05-18 14:35:20,597] {dag.py:2919} INFO - Setting next_dagrun for example_complex to None, run_after=None
[2022-05-18 14:35:20,641] {processor.py:161} INFO - Processing /home/airflow/.local/lib/python3.7/site-packages/airflow/example_dags/example_complex.py took 0.244 seconds
[2022-05-18 14:35:50,826] {processor.py:153} INFO - Started process (PID=1556) to work on /home/airflow/.local/lib/python3.7/site-packages/airflow/example_dags/example_complex.py
[2022-05-18 14:35:50,829] {processor.py:641} INFO - Processing file /home/airflow/.local/lib/python3.7/site-packages/airflow/example_dags/example_complex.py for tasks to queue
[2022-05-18 14:35:50,829] {logging_mixin.py:115} INFO - [2022-05-18 14:35:50,829] {dagbag.py:507} INFO - Filling up the DagBag from /home/airflow/.local/lib/python3.7/site-packages/airflow/example_dags/example_complex.py
[2022-05-18 14:35:50,846] {processor.py:651} INFO - DAG(s) dict_keys(['example_complex']) retrieved from /home/airflow/.local/lib/python3.7/site-packages/airflow/example_dags/example_complex.py
[2022-05-18 14:35:50,881] {logging_mixin.py:115} INFO - [2022-05-18 14:35:50,881] {dag.py:2371} INFO - Sync 1 DAGs
[2022-05-18 14:35:50,906] {logging_mixin.py:115} INFO - [2022-05-18 14:35:50,906] {dag.py:2919} INFO - Setting next_dagrun for example_complex to None, run_after=None
[2022-05-18 14:35:50,948] {processor.py:161} INFO - Processing /home/airflow/.local/lib/python3.7/site-packages/airflow/example_dags/example_complex.py took 0.124 seconds
[2022-05-18 14:36:21,197] {processor.py:153} INFO - Started process (PID=1621) to work on /home/airflow/.local/lib/python3.7/site-packages/airflow/example_dags/example_complex.py
[2022-05-18 14:36:21,200] {processor.py:641} INFO - Processing file /home/airflow/.local/lib/python3.7/site-packages/airflow/example_dags/example_complex.py for tasks to queue
[2022-05-18 14:36:21,200] {logging_mixin.py:115} INFO - [2022-05-18 14:36:21,200] {dagbag.py:507} INFO - Filling up the DagBag from /home/airflow/.local/lib/python3.7/site-packages/airflow/example_dags/example_complex.py
[2022-05-18 14:36:21,220] {processor.py:651} INFO - DAG(s) dict_keys(['example_complex']) retrieved from /home/airflow/.local/lib/python3.7/site-packages/airflow/example_dags/example_complex.py
[2022-05-18 14:36:21,256] {logging_mixin.py:115} INFO - [2022-05-18 14:36:21,256] {dag.py:2371} INFO - Sync 1 DAGs
[2022-05-18 14:36:21,283] {logging_mixin.py:115} INFO - [2022-05-18 14:36:21,283] {dag.py:2919} INFO - Setting next_dagrun for example_complex to None, run_after=None
[2022-05-18 14:36:21,346] {processor.py:161} INFO - Processing /home/airflow/.local/lib/python3.7/site-packages/airflow/example_dags/example_complex.py took 0.152 seconds
[2022-05-18 14:36:51,542] {processor.py:153} INFO - Started process (PID=1676) to work on /home/airflow/.local/lib/python3.7/site-packages/airflow/example_dags/example_complex.py
[2022-05-18 14:36:51,542] {processor.py:641} INFO - Processing file /home/airflow/.local/lib/python3.7/site-packages/airflow/example_dags/example_complex.py for tasks to queue
[2022-05-18 14:36:51,543] {logging_mixin.py:115} INFO - [2022-05-18 14:36:51,543] {dagbag.py:507} INFO - Filling up the DagBag from /home/airflow/.local/lib/python3.7/site-packages/airflow/example_dags/example_complex.py
[2022-05-18 14:36:51,564] {processor.py:651} INFO - DAG(s) dict_keys(['example_complex']) retrieved from /home/airflow/.local/lib/python3.7/site-packages/airflow/example_dags/example_complex.py
[2022-05-18 14:36:51,596] {logging_mixin.py:115} INFO - [2022-05-18 14:36:51,596] {dag.py:2371} INFO - Sync 1 DAGs
[2022-05-18 14:36:51,621] {logging_mixin.py:115} INFO - [2022-05-18 14:36:51,621] {dag.py:2919} INFO - Setting next_dagrun for example_complex to None, run_after=None
[2022-05-18 14:36:51,658] {processor.py:161} INFO - Processing /home/airflow/.local/lib/python3.7/site-packages/airflow/example_dags/example_complex.py took 0.120 seconds
[2022-05-18 14:37:22,216] {processor.py:153} INFO - Started process (PID=1737) to work on /home/airflow/.local/lib/python3.7/site-packages/airflow/example_dags/example_complex.py
[2022-05-18 14:37:22,217] {processor.py:641} INFO - Processing file /home/airflow/.local/lib/python3.7/site-packages/airflow/example_dags/example_complex.py for tasks to queue
[2022-05-18 14:37:22,219] {logging_mixin.py:115} INFO - [2022-05-18 14:37:22,219] {dagbag.py:507} INFO - Filling up the DagBag from /home/airflow/.local/lib/python3.7/site-packages/airflow/example_dags/example_complex.py
[2022-05-18 14:37:22,263] {processor.py:651} INFO - DAG(s) dict_keys(['example_complex']) retrieved from /home/airflow/.local/lib/python3.7/site-packages/airflow/example_dags/example_complex.py
[2022-05-18 14:37:22,307] {logging_mixin.py:115} INFO - [2022-05-18 14:37:22,307] {dag.py:2371} INFO - Sync 1 DAGs
[2022-05-18 14:37:22,330] {logging_mixin.py:115} INFO - [2022-05-18 14:37:22,330] {dag.py:2919} INFO - Setting next_dagrun for example_complex to None, run_after=None
[2022-05-18 14:37:22,375] {processor.py:161} INFO - Processing /home/airflow/.local/lib/python3.7/site-packages/airflow/example_dags/example_complex.py took 0.171 seconds
[2022-05-18 14:37:52,449] {processor.py:153} INFO - Started process (PID=1790) to work on /home/airflow/.local/lib/python3.7/site-packages/airflow/example_dags/example_complex.py
[2022-05-18 14:37:52,460] {processor.py:641} INFO - Processing file /home/airflow/.local/lib/python3.7/site-packages/airflow/example_dags/example_complex.py for tasks to queue
[2022-05-18 14:37:52,461] {logging_mixin.py:115} INFO - [2022-05-18 14:37:52,461] {dagbag.py:507} INFO - Filling up the DagBag from /home/airflow/.local/lib/python3.7/site-packages/airflow/example_dags/example_complex.py
[2022-05-18 14:37:52,491] {processor.py:651} INFO - DAG(s) dict_keys(['example_complex']) retrieved from /home/airflow/.local/lib/python3.7/site-packages/airflow/example_dags/example_complex.py
[2022-05-18 14:37:52,552] {logging_mixin.py:115} INFO - [2022-05-18 14:37:52,551] {dag.py:2371} INFO - Sync 1 DAGs
[2022-05-18 14:37:52,592] {logging_mixin.py:115} INFO - [2022-05-18 14:37:52,592] {dag.py:2919} INFO - Setting next_dagrun for example_complex to None, run_after=None
[2022-05-18 14:37:52,638] {processor.py:161} INFO - Processing /home/airflow/.local/lib/python3.7/site-packages/airflow/example_dags/example_complex.py took 0.193 seconds
[2022-05-18 14:38:23,227] {processor.py:153} INFO - Started process (PID=1852) to work on /home/airflow/.local/lib/python3.7/site-packages/airflow/example_dags/example_complex.py
[2022-05-18 14:38:23,280] {processor.py:641} INFO - Processing file /home/airflow/.local/lib/python3.7/site-packages/airflow/example_dags/example_complex.py for tasks to queue
[2022-05-18 14:38:23,280] {logging_mixin.py:115} INFO - [2022-05-18 14:38:23,280] {dagbag.py:507} INFO - Filling up the DagBag from /home/airflow/.local/lib/python3.7/site-packages/airflow/example_dags/example_complex.py
[2022-05-18 14:38:23,299] {processor.py:651} INFO - DAG(s) dict_keys(['example_complex']) retrieved from /home/airflow/.local/lib/python3.7/site-packages/airflow/example_dags/example_complex.py
[2022-05-18 14:38:23,340] {logging_mixin.py:115} INFO - [2022-05-18 14:38:23,340] {dag.py:2371} INFO - Sync 1 DAGs
[2022-05-18 14:38:23,366] {logging_mixin.py:115} INFO - [2022-05-18 14:38:23,366] {dag.py:2919} INFO - Setting next_dagrun for example_complex to None, run_after=None
[2022-05-18 14:38:23,461] {processor.py:161} INFO - Processing /home/airflow/.local/lib/python3.7/site-packages/airflow/example_dags/example_complex.py took 0.240 seconds
[2022-05-18 14:38:54,104] {processor.py:153} INFO - Started process (PID=1903) to work on /home/airflow/.local/lib/python3.7/site-packages/airflow/example_dags/example_complex.py
[2022-05-18 14:38:54,104] {processor.py:641} INFO - Processing file /home/airflow/.local/lib/python3.7/site-packages/airflow/example_dags/example_complex.py for tasks to queue
[2022-05-18 14:38:54,105] {logging_mixin.py:115} INFO - [2022-05-18 14:38:54,105] {dagbag.py:507} INFO - Filling up the DagBag from /home/airflow/.local/lib/python3.7/site-packages/airflow/example_dags/example_complex.py
[2022-05-18 14:38:54,125] {processor.py:651} INFO - DAG(s) dict_keys(['example_complex']) retrieved from /home/airflow/.local/lib/python3.7/site-packages/airflow/example_dags/example_complex.py
[2022-05-18 14:38:54,155] {logging_mixin.py:115} INFO - [2022-05-18 14:38:54,155] {dag.py:2371} INFO - Sync 1 DAGs
[2022-05-18 14:38:54,176] {logging_mixin.py:115} INFO - [2022-05-18 14:38:54,176] {dag.py:2919} INFO - Setting next_dagrun for example_complex to None, run_after=None
[2022-05-18 14:38:54,215] {processor.py:161} INFO - Processing /home/airflow/.local/lib/python3.7/site-packages/airflow/example_dags/example_complex.py took 0.114 seconds
[2022-05-18 14:39:24,822] {processor.py:153} INFO - Started process (PID=1965) to work on /home/airflow/.local/lib/python3.7/site-packages/airflow/example_dags/example_complex.py
[2022-05-18 14:39:24,832] {processor.py:641} INFO - Processing file /home/airflow/.local/lib/python3.7/site-packages/airflow/example_dags/example_complex.py for tasks to queue
[2022-05-18 14:39:24,832] {logging_mixin.py:115} INFO - [2022-05-18 14:39:24,832] {dagbag.py:507} INFO - Filling up the DagBag from /home/airflow/.local/lib/python3.7/site-packages/airflow/example_dags/example_complex.py
[2022-05-18 14:39:24,853] {processor.py:651} INFO - DAG(s) dict_keys(['example_complex']) retrieved from /home/airflow/.local/lib/python3.7/site-packages/airflow/example_dags/example_complex.py
[2022-05-18 14:39:24,894] {logging_mixin.py:115} INFO - [2022-05-18 14:39:24,894] {dag.py:2371} INFO - Sync 1 DAGs
[2022-05-18 14:39:24,930] {logging_mixin.py:115} INFO - [2022-05-18 14:39:24,930] {dag.py:2919} INFO - Setting next_dagrun for example_complex to None, run_after=None
[2022-05-18 14:39:24,976] {processor.py:161} INFO - Processing /home/airflow/.local/lib/python3.7/site-packages/airflow/example_dags/example_complex.py took 0.158 seconds
[2022-05-18 14:39:55,167] {processor.py:153} INFO - Started process (PID=2019) to work on /home/airflow/.local/lib/python3.7/site-packages/airflow/example_dags/example_complex.py
[2022-05-18 14:39:55,168] {processor.py:641} INFO - Processing file /home/airflow/.local/lib/python3.7/site-packages/airflow/example_dags/example_complex.py for tasks to queue
[2022-05-18 14:39:55,168] {logging_mixin.py:115} INFO - [2022-05-18 14:39:55,168] {dagbag.py:507} INFO - Filling up the DagBag from /home/airflow/.local/lib/python3.7/site-packages/airflow/example_dags/example_complex.py
[2022-05-18 14:39:55,194] {processor.py:651} INFO - DAG(s) dict_keys(['example_complex']) retrieved from /home/airflow/.local/lib/python3.7/site-packages/airflow/example_dags/example_complex.py
[2022-05-18 14:39:55,242] {logging_mixin.py:115} INFO - [2022-05-18 14:39:55,242] {dag.py:2371} INFO - Sync 1 DAGs
[2022-05-18 14:39:55,289] {logging_mixin.py:115} INFO - [2022-05-18 14:39:55,289] {dag.py:2919} INFO - Setting next_dagrun for example_complex to None, run_after=None
[2022-05-18 14:39:55,334] {processor.py:161} INFO - Processing /home/airflow/.local/lib/python3.7/site-packages/airflow/example_dags/example_complex.py took 0.171 seconds
[2022-05-18 14:40:25,722] {processor.py:153} INFO - Started process (PID=2072) to work on /home/airflow/.local/lib/python3.7/site-packages/airflow/example_dags/example_complex.py
[2022-05-18 14:40:25,735] {processor.py:641} INFO - Processing file /home/airflow/.local/lib/python3.7/site-packages/airflow/example_dags/example_complex.py for tasks to queue
[2022-05-18 14:40:25,737] {logging_mixin.py:115} INFO - [2022-05-18 14:40:25,736] {dagbag.py:507} INFO - Filling up the DagBag from /home/airflow/.local/lib/python3.7/site-packages/airflow/example_dags/example_complex.py
[2022-05-18 14:40:25,814] {processor.py:651} INFO - DAG(s) dict_keys(['example_complex']) retrieved from /home/airflow/.local/lib/python3.7/site-packages/airflow/example_dags/example_complex.py
[2022-05-18 14:40:25,884] {logging_mixin.py:115} INFO - [2022-05-18 14:40:25,884] {dag.py:2371} INFO - Sync 1 DAGs
[2022-05-18 14:40:25,908] {logging_mixin.py:115} INFO - [2022-05-18 14:40:25,908] {dag.py:2919} INFO - Setting next_dagrun for example_complex to None, run_after=None
[2022-05-18 14:40:25,943] {processor.py:161} INFO - Processing /home/airflow/.local/lib/python3.7/site-packages/airflow/example_dags/example_complex.py took 0.223 seconds
[2022-05-18 14:40:56,391] {processor.py:153} INFO - Started process (PID=2133) to work on /home/airflow/.local/lib/python3.7/site-packages/airflow/example_dags/example_complex.py
[2022-05-18 14:40:56,392] {processor.py:641} INFO - Processing file /home/airflow/.local/lib/python3.7/site-packages/airflow/example_dags/example_complex.py for tasks to queue
[2022-05-18 14:40:56,393] {logging_mixin.py:115} INFO - [2022-05-18 14:40:56,393] {dagbag.py:507} INFO - Filling up the DagBag from /home/airflow/.local/lib/python3.7/site-packages/airflow/example_dags/example_complex.py
[2022-05-18 14:40:56,433] {processor.py:651} INFO - DAG(s) dict_keys(['example_complex']) retrieved from /home/airflow/.local/lib/python3.7/site-packages/airflow/example_dags/example_complex.py
[2022-05-18 14:40:56,498] {logging_mixin.py:115} INFO - [2022-05-18 14:40:56,498] {dag.py:2371} INFO - Sync 1 DAGs
[2022-05-18 14:40:56,549] {logging_mixin.py:115} INFO - [2022-05-18 14:40:56,549] {dag.py:2919} INFO - Setting next_dagrun for example_complex to None, run_after=None
[2022-05-18 14:40:56,599] {processor.py:161} INFO - Processing /home/airflow/.local/lib/python3.7/site-packages/airflow/example_dags/example_complex.py took 0.213 seconds
[2022-05-18 14:41:39,596] {processor.py:153} INFO - Started process (PID=60) to work on /home/airflow/.local/lib/python3.7/site-packages/airflow/example_dags/example_complex.py
[2022-05-18 14:41:39,597] {processor.py:641} INFO - Processing file /home/airflow/.local/lib/python3.7/site-packages/airflow/example_dags/example_complex.py for tasks to queue
[2022-05-18 14:41:39,598] {logging_mixin.py:115} INFO - [2022-05-18 14:41:39,598] {dagbag.py:507} INFO - Filling up the DagBag from /home/airflow/.local/lib/python3.7/site-packages/airflow/example_dags/example_complex.py
[2022-05-18 14:41:39,639] {processor.py:651} INFO - DAG(s) dict_keys(['example_complex']) retrieved from /home/airflow/.local/lib/python3.7/site-packages/airflow/example_dags/example_complex.py
[2022-05-18 14:41:39,699] {logging_mixin.py:115} INFO - [2022-05-18 14:41:39,699] {dag.py:2371} INFO - Sync 1 DAGs
[2022-05-18 14:41:39,751] {logging_mixin.py:115} INFO - [2022-05-18 14:41:39,750] {dag.py:2919} INFO - Setting next_dagrun for example_complex to None, run_after=None
[2022-05-18 14:41:39,800] {processor.py:161} INFO - Processing /home/airflow/.local/lib/python3.7/site-packages/airflow/example_dags/example_complex.py took 0.209 seconds
[2022-05-18 14:42:09,874] {processor.py:153} INFO - Started process (PID=123) to work on /home/airflow/.local/lib/python3.7/site-packages/airflow/example_dags/example_complex.py
[2022-05-18 14:42:09,875] {processor.py:641} INFO - Processing file /home/airflow/.local/lib/python3.7/site-packages/airflow/example_dags/example_complex.py for tasks to queue
[2022-05-18 14:42:09,876] {logging_mixin.py:115} INFO - [2022-05-18 14:42:09,875] {dagbag.py:507} INFO - Filling up the DagBag from /home/airflow/.local/lib/python3.7/site-packages/airflow/example_dags/example_complex.py
[2022-05-18 14:42:09,901] {processor.py:651} INFO - DAG(s) dict_keys(['example_complex']) retrieved from /home/airflow/.local/lib/python3.7/site-packages/airflow/example_dags/example_complex.py
[2022-05-18 14:42:09,944] {logging_mixin.py:115} INFO - [2022-05-18 14:42:09,943] {dag.py:2371} INFO - Sync 1 DAGs
[2022-05-18 14:42:09,976] {logging_mixin.py:115} INFO - [2022-05-18 14:42:09,976] {dag.py:2919} INFO - Setting next_dagrun for example_complex to None, run_after=None
[2022-05-18 14:42:10,025] {processor.py:161} INFO - Processing /home/airflow/.local/lib/python3.7/site-packages/airflow/example_dags/example_complex.py took 0.154 seconds
[2022-05-18 14:42:40,060] {processor.py:153} INFO - Started process (PID=178) to work on /home/airflow/.local/lib/python3.7/site-packages/airflow/example_dags/example_complex.py
[2022-05-18 14:42:40,064] {processor.py:641} INFO - Processing file /home/airflow/.local/lib/python3.7/site-packages/airflow/example_dags/example_complex.py for tasks to queue
[2022-05-18 14:42:40,064] {logging_mixin.py:115} INFO - [2022-05-18 14:42:40,064] {dagbag.py:507} INFO - Filling up the DagBag from /home/airflow/.local/lib/python3.7/site-packages/airflow/example_dags/example_complex.py
[2022-05-18 14:42:40,084] {processor.py:651} INFO - DAG(s) dict_keys(['example_complex']) retrieved from /home/airflow/.local/lib/python3.7/site-packages/airflow/example_dags/example_complex.py
[2022-05-18 14:42:40,116] {logging_mixin.py:115} INFO - [2022-05-18 14:42:40,116] {dag.py:2371} INFO - Sync 1 DAGs
[2022-05-18 14:42:40,138] {logging_mixin.py:115} INFO - [2022-05-18 14:42:40,138] {dag.py:2919} INFO - Setting next_dagrun for example_complex to None, run_after=None
[2022-05-18 14:42:40,183] {processor.py:161} INFO - Processing /home/airflow/.local/lib/python3.7/site-packages/airflow/example_dags/example_complex.py took 0.125 seconds
[2022-05-18 14:43:11,010] {processor.py:153} INFO - Started process (PID=244) to work on /home/airflow/.local/lib/python3.7/site-packages/airflow/example_dags/example_complex.py
[2022-05-18 14:43:11,011] {processor.py:641} INFO - Processing file /home/airflow/.local/lib/python3.7/site-packages/airflow/example_dags/example_complex.py for tasks to queue
[2022-05-18 14:43:11,011] {logging_mixin.py:115} INFO - [2022-05-18 14:43:11,011] {dagbag.py:507} INFO - Filling up the DagBag from /home/airflow/.local/lib/python3.7/site-packages/airflow/example_dags/example_complex.py
[2022-05-18 14:43:11,029] {processor.py:651} INFO - DAG(s) dict_keys(['example_complex']) retrieved from /home/airflow/.local/lib/python3.7/site-packages/airflow/example_dags/example_complex.py
[2022-05-18 14:43:11,061] {logging_mixin.py:115} INFO - [2022-05-18 14:43:11,061] {dag.py:2371} INFO - Sync 1 DAGs
[2022-05-18 14:43:11,086] {logging_mixin.py:115} INFO - [2022-05-18 14:43:11,086] {dag.py:2919} INFO - Setting next_dagrun for example_complex to None, run_after=None
[2022-05-18 14:43:11,151] {processor.py:161} INFO - Processing /home/airflow/.local/lib/python3.7/site-packages/airflow/example_dags/example_complex.py took 0.144 seconds
[2022-05-18 14:43:41,491] {processor.py:153} INFO - Started process (PID=300) to work on /home/airflow/.local/lib/python3.7/site-packages/airflow/example_dags/example_complex.py
[2022-05-18 14:43:41,507] {processor.py:641} INFO - Processing file /home/airflow/.local/lib/python3.7/site-packages/airflow/example_dags/example_complex.py for tasks to queue
[2022-05-18 14:43:41,508] {logging_mixin.py:115} INFO - [2022-05-18 14:43:41,507] {dagbag.py:507} INFO - Filling up the DagBag from /home/airflow/.local/lib/python3.7/site-packages/airflow/example_dags/example_complex.py
[2022-05-18 14:43:41,526] {processor.py:651} INFO - DAG(s) dict_keys(['example_complex']) retrieved from /home/airflow/.local/lib/python3.7/site-packages/airflow/example_dags/example_complex.py
[2022-05-18 14:43:41,560] {logging_mixin.py:115} INFO - [2022-05-18 14:43:41,560] {dag.py:2371} INFO - Sync 1 DAGs
[2022-05-18 14:43:41,587] {logging_mixin.py:115} INFO - [2022-05-18 14:43:41,587] {dag.py:2919} INFO - Setting next_dagrun for example_complex to None, run_after=None
[2022-05-18 14:43:41,638] {processor.py:161} INFO - Processing /home/airflow/.local/lib/python3.7/site-packages/airflow/example_dags/example_complex.py took 0.150 seconds
[2022-05-18 14:44:12,442] {processor.py:153} INFO - Started process (PID=359) to work on /home/airflow/.local/lib/python3.7/site-packages/airflow/example_dags/example_complex.py
[2022-05-18 14:44:12,455] {processor.py:641} INFO - Processing file /home/airflow/.local/lib/python3.7/site-packages/airflow/example_dags/example_complex.py for tasks to queue
[2022-05-18 14:44:12,456] {logging_mixin.py:115} INFO - [2022-05-18 14:44:12,456] {dagbag.py:507} INFO - Filling up the DagBag from /home/airflow/.local/lib/python3.7/site-packages/airflow/example_dags/example_complex.py
[2022-05-18 14:44:12,507] {processor.py:651} INFO - DAG(s) dict_keys(['example_complex']) retrieved from /home/airflow/.local/lib/python3.7/site-packages/airflow/example_dags/example_complex.py
[2022-05-18 14:44:12,583] {logging_mixin.py:115} INFO - [2022-05-18 14:44:12,583] {dag.py:2371} INFO - Sync 1 DAGs
[2022-05-18 14:44:12,647] {logging_mixin.py:115} INFO - [2022-05-18 14:44:12,647] {dag.py:2919} INFO - Setting next_dagrun for example_complex to None, run_after=None
[2022-05-18 14:44:12,717] {processor.py:161} INFO - Processing /home/airflow/.local/lib/python3.7/site-packages/airflow/example_dags/example_complex.py took 0.295 seconds
[2022-05-18 14:44:43,580] {processor.py:153} INFO - Started process (PID=416) to work on /home/airflow/.local/lib/python3.7/site-packages/airflow/example_dags/example_complex.py
[2022-05-18 14:44:43,581] {processor.py:641} INFO - Processing file /home/airflow/.local/lib/python3.7/site-packages/airflow/example_dags/example_complex.py for tasks to queue
[2022-05-18 14:44:43,582] {logging_mixin.py:115} INFO - [2022-05-18 14:44:43,582] {dagbag.py:507} INFO - Filling up the DagBag from /home/airflow/.local/lib/python3.7/site-packages/airflow/example_dags/example_complex.py
[2022-05-18 14:44:43,648] {processor.py:651} INFO - DAG(s) dict_keys(['example_complex']) retrieved from /home/airflow/.local/lib/python3.7/site-packages/airflow/example_dags/example_complex.py
[2022-05-18 14:44:43,698] {logging_mixin.py:115} INFO - [2022-05-18 14:44:43,698] {dag.py:2371} INFO - Sync 1 DAGs
[2022-05-18 14:44:43,731] {logging_mixin.py:115} INFO - [2022-05-18 14:44:43,731] {dag.py:2919} INFO - Setting next_dagrun for example_complex to None, run_after=None
[2022-05-18 14:44:43,800] {processor.py:161} INFO - Processing /home/airflow/.local/lib/python3.7/site-packages/airflow/example_dags/example_complex.py took 0.227 seconds
[2022-05-18 14:45:14,648] {processor.py:153} INFO - Started process (PID=469) to work on /home/airflow/.local/lib/python3.7/site-packages/airflow/example_dags/example_complex.py
[2022-05-18 14:45:14,669] {processor.py:641} INFO - Processing file /home/airflow/.local/lib/python3.7/site-packages/airflow/example_dags/example_complex.py for tasks to queue
[2022-05-18 14:45:14,670] {logging_mixin.py:115} INFO - [2022-05-18 14:45:14,669] {dagbag.py:507} INFO - Filling up the DagBag from /home/airflow/.local/lib/python3.7/site-packages/airflow/example_dags/example_complex.py
[2022-05-18 14:45:14,711] {processor.py:651} INFO - DAG(s) dict_keys(['example_complex']) retrieved from /home/airflow/.local/lib/python3.7/site-packages/airflow/example_dags/example_complex.py
[2022-05-18 14:45:14,781] {logging_mixin.py:115} INFO - [2022-05-18 14:45:14,780] {dag.py:2371} INFO - Sync 1 DAGs
[2022-05-18 14:45:14,841] {logging_mixin.py:115} INFO - [2022-05-18 14:45:14,840] {dag.py:2919} INFO - Setting next_dagrun for example_complex to None, run_after=None
[2022-05-18 14:45:14,902] {processor.py:161} INFO - Processing /home/airflow/.local/lib/python3.7/site-packages/airflow/example_dags/example_complex.py took 0.260 seconds
[2022-05-18 14:45:45,045] {processor.py:153} INFO - Started process (PID=532) to work on /home/airflow/.local/lib/python3.7/site-packages/airflow/example_dags/example_complex.py
[2022-05-18 14:45:45,045] {processor.py:641} INFO - Processing file /home/airflow/.local/lib/python3.7/site-packages/airflow/example_dags/example_complex.py for tasks to queue
[2022-05-18 14:45:45,046] {logging_mixin.py:115} INFO - [2022-05-18 14:45:45,046] {dagbag.py:507} INFO - Filling up the DagBag from /home/airflow/.local/lib/python3.7/site-packages/airflow/example_dags/example_complex.py
[2022-05-18 14:45:45,075] {processor.py:651} INFO - DAG(s) dict_keys(['example_complex']) retrieved from /home/airflow/.local/lib/python3.7/site-packages/airflow/example_dags/example_complex.py
[2022-05-18 14:45:45,138] {logging_mixin.py:115} INFO - [2022-05-18 14:45:45,138] {dag.py:2371} INFO - Sync 1 DAGs
[2022-05-18 14:45:45,181] {logging_mixin.py:115} INFO - [2022-05-18 14:45:45,181] {dag.py:2919} INFO - Setting next_dagrun for example_complex to None, run_after=None
[2022-05-18 14:45:45,255] {processor.py:161} INFO - Processing /home/airflow/.local/lib/python3.7/site-packages/airflow/example_dags/example_complex.py took 0.213 seconds
[2022-05-18 14:46:15,642] {processor.py:153} INFO - Started process (PID=586) to work on /home/airflow/.local/lib/python3.7/site-packages/airflow/example_dags/example_complex.py
[2022-05-18 14:46:15,662] {processor.py:641} INFO - Processing file /home/airflow/.local/lib/python3.7/site-packages/airflow/example_dags/example_complex.py for tasks to queue
[2022-05-18 14:46:15,664] {logging_mixin.py:115} INFO - [2022-05-18 14:46:15,664] {dagbag.py:507} INFO - Filling up the DagBag from /home/airflow/.local/lib/python3.7/site-packages/airflow/example_dags/example_complex.py
[2022-05-18 14:46:15,718] {processor.py:651} INFO - DAG(s) dict_keys(['example_complex']) retrieved from /home/airflow/.local/lib/python3.7/site-packages/airflow/example_dags/example_complex.py
[2022-05-18 14:46:15,755] {logging_mixin.py:115} INFO - [2022-05-18 14:46:15,755] {dag.py:2371} INFO - Sync 1 DAGs
[2022-05-18 14:46:15,779] {logging_mixin.py:115} INFO - [2022-05-18 14:46:15,779] {dag.py:2919} INFO - Setting next_dagrun for example_complex to None, run_after=None
[2022-05-18 14:46:15,823] {processor.py:161} INFO - Processing /home/airflow/.local/lib/python3.7/site-packages/airflow/example_dags/example_complex.py took 0.193 seconds
[2022-05-18 14:46:46,266] {processor.py:153} INFO - Started process (PID=639) to work on /home/airflow/.local/lib/python3.7/site-packages/airflow/example_dags/example_complex.py
[2022-05-18 14:46:46,266] {processor.py:641} INFO - Processing file /home/airflow/.local/lib/python3.7/site-packages/airflow/example_dags/example_complex.py for tasks to queue
[2022-05-18 14:46:46,267] {logging_mixin.py:115} INFO - [2022-05-18 14:46:46,267] {dagbag.py:507} INFO - Filling up the DagBag from /home/airflow/.local/lib/python3.7/site-packages/airflow/example_dags/example_complex.py
[2022-05-18 14:46:46,290] {processor.py:651} INFO - DAG(s) dict_keys(['example_complex']) retrieved from /home/airflow/.local/lib/python3.7/site-packages/airflow/example_dags/example_complex.py
[2022-05-18 14:46:46,346] {logging_mixin.py:115} INFO - [2022-05-18 14:46:46,345] {dag.py:2371} INFO - Sync 1 DAGs
[2022-05-18 14:46:46,391] {logging_mixin.py:115} INFO - [2022-05-18 14:46:46,391] {dag.py:2919} INFO - Setting next_dagrun for example_complex to None, run_after=None
[2022-05-18 14:46:46,441] {processor.py:161} INFO - Processing /home/airflow/.local/lib/python3.7/site-packages/airflow/example_dags/example_complex.py took 0.179 seconds
[2022-05-18 14:47:17,042] {processor.py:153} INFO - Started process (PID=693) to work on /home/airflow/.local/lib/python3.7/site-packages/airflow/example_dags/example_complex.py
[2022-05-18 14:47:17,054] {processor.py:641} INFO - Processing file /home/airflow/.local/lib/python3.7/site-packages/airflow/example_dags/example_complex.py for tasks to queue
[2022-05-18 14:47:17,055] {logging_mixin.py:115} INFO - [2022-05-18 14:47:17,055] {dagbag.py:507} INFO - Filling up the DagBag from /home/airflow/.local/lib/python3.7/site-packages/airflow/example_dags/example_complex.py
[2022-05-18 14:47:17,086] {processor.py:651} INFO - DAG(s) dict_keys(['example_complex']) retrieved from /home/airflow/.local/lib/python3.7/site-packages/airflow/example_dags/example_complex.py
[2022-05-18 14:47:17,157] {logging_mixin.py:115} INFO - [2022-05-18 14:47:17,157] {dag.py:2371} INFO - Sync 1 DAGs
[2022-05-18 14:47:17,219] {logging_mixin.py:115} INFO - [2022-05-18 14:47:17,219] {dag.py:2919} INFO - Setting next_dagrun for example_complex to None, run_after=None
[2022-05-18 14:47:17,282] {processor.py:161} INFO - Processing /home/airflow/.local/lib/python3.7/site-packages/airflow/example_dags/example_complex.py took 0.244 seconds
[2022-05-18 14:47:48,072] {processor.py:153} INFO - Started process (PID=758) to work on /home/airflow/.local/lib/python3.7/site-packages/airflow/example_dags/example_complex.py
[2022-05-18 14:47:48,072] {processor.py:641} INFO - Processing file /home/airflow/.local/lib/python3.7/site-packages/airflow/example_dags/example_complex.py for tasks to queue
[2022-05-18 14:47:48,073] {logging_mixin.py:115} INFO - [2022-05-18 14:47:48,073] {dagbag.py:507} INFO - Filling up the DagBag from /home/airflow/.local/lib/python3.7/site-packages/airflow/example_dags/example_complex.py
[2022-05-18 14:47:48,096] {processor.py:651} INFO - DAG(s) dict_keys(['example_complex']) retrieved from /home/airflow/.local/lib/python3.7/site-packages/airflow/example_dags/example_complex.py
[2022-05-18 14:47:48,143] {logging_mixin.py:115} INFO - [2022-05-18 14:47:48,143] {dag.py:2371} INFO - Sync 1 DAGs
[2022-05-18 14:47:48,178] {logging_mixin.py:115} INFO - [2022-05-18 14:47:48,178] {dag.py:2919} INFO - Setting next_dagrun for example_complex to None, run_after=None
[2022-05-18 14:47:48,218] {processor.py:161} INFO - Processing /home/airflow/.local/lib/python3.7/site-packages/airflow/example_dags/example_complex.py took 0.151 seconds
[2022-05-18 14:48:18,491] {processor.py:153} INFO - Started process (PID=814) to work on /home/airflow/.local/lib/python3.7/site-packages/airflow/example_dags/example_complex.py
[2022-05-18 14:48:18,499] {processor.py:641} INFO - Processing file /home/airflow/.local/lib/python3.7/site-packages/airflow/example_dags/example_complex.py for tasks to queue
[2022-05-18 14:48:18,500] {logging_mixin.py:115} INFO - [2022-05-18 14:48:18,500] {dagbag.py:507} INFO - Filling up the DagBag from /home/airflow/.local/lib/python3.7/site-packages/airflow/example_dags/example_complex.py
[2022-05-18 14:48:18,520] {processor.py:651} INFO - DAG(s) dict_keys(['example_complex']) retrieved from /home/airflow/.local/lib/python3.7/site-packages/airflow/example_dags/example_complex.py
[2022-05-18 14:48:18,567] {logging_mixin.py:115} INFO - [2022-05-18 14:48:18,567] {dag.py:2371} INFO - Sync 1 DAGs
[2022-05-18 14:48:18,598] {logging_mixin.py:115} INFO - [2022-05-18 14:48:18,598] {dag.py:2919} INFO - Setting next_dagrun for example_complex to None, run_after=None
[2022-05-18 14:48:18,660] {processor.py:161} INFO - Processing /home/airflow/.local/lib/python3.7/site-packages/airflow/example_dags/example_complex.py took 0.173 seconds
[2022-05-18 14:48:49,196] {processor.py:153} INFO - Started process (PID=879) to work on /home/airflow/.local/lib/python3.7/site-packages/airflow/example_dags/example_complex.py
[2022-05-18 14:48:49,196] {processor.py:641} INFO - Processing file /home/airflow/.local/lib/python3.7/site-packages/airflow/example_dags/example_complex.py for tasks to queue
[2022-05-18 14:48:49,197] {logging_mixin.py:115} INFO - [2022-05-18 14:48:49,197] {dagbag.py:507} INFO - Filling up the DagBag from /home/airflow/.local/lib/python3.7/site-packages/airflow/example_dags/example_complex.py
[2022-05-18 14:48:49,221] {processor.py:651} INFO - DAG(s) dict_keys(['example_complex']) retrieved from /home/airflow/.local/lib/python3.7/site-packages/airflow/example_dags/example_complex.py
[2022-05-18 14:48:49,271] {logging_mixin.py:115} INFO - [2022-05-18 14:48:49,270] {dag.py:2371} INFO - Sync 1 DAGs
[2022-05-18 14:48:49,307] {logging_mixin.py:115} INFO - [2022-05-18 14:48:49,307] {dag.py:2919} INFO - Setting next_dagrun for example_complex to None, run_after=None
[2022-05-18 14:48:49,348] {processor.py:161} INFO - Processing /home/airflow/.local/lib/python3.7/site-packages/airflow/example_dags/example_complex.py took 0.156 seconds
[2022-05-18 14:49:19,782] {processor.py:153} INFO - Started process (PID=932) to work on /home/airflow/.local/lib/python3.7/site-packages/airflow/example_dags/example_complex.py
[2022-05-18 14:49:19,795] {processor.py:641} INFO - Processing file /home/airflow/.local/lib/python3.7/site-packages/airflow/example_dags/example_complex.py for tasks to queue
[2022-05-18 14:49:19,796] {logging_mixin.py:115} INFO - [2022-05-18 14:49:19,796] {dagbag.py:507} INFO - Filling up the DagBag from /home/airflow/.local/lib/python3.7/site-packages/airflow/example_dags/example_complex.py
[2022-05-18 14:49:19,827] {processor.py:651} INFO - DAG(s) dict_keys(['example_complex']) retrieved from /home/airflow/.local/lib/python3.7/site-packages/airflow/example_dags/example_complex.py
[2022-05-18 14:49:19,883] {logging_mixin.py:115} INFO - [2022-05-18 14:49:19,883] {dag.py:2371} INFO - Sync 1 DAGs
[2022-05-18 14:49:19,944] {logging_mixin.py:115} INFO - [2022-05-18 14:49:19,944] {dag.py:2919} INFO - Setting next_dagrun for example_complex to None, run_after=None
[2022-05-18 14:49:19,993] {processor.py:161} INFO - Processing /home/airflow/.local/lib/python3.7/site-packages/airflow/example_dags/example_complex.py took 0.216 seconds
[2022-05-18 14:49:50,986] {processor.py:153} INFO - Started process (PID=986) to work on /home/airflow/.local/lib/python3.7/site-packages/airflow/example_dags/example_complex.py
[2022-05-18 14:49:50,987] {processor.py:641} INFO - Processing file /home/airflow/.local/lib/python3.7/site-packages/airflow/example_dags/example_complex.py for tasks to queue
[2022-05-18 14:49:50,989] {logging_mixin.py:115} INFO - [2022-05-18 14:49:50,989] {dagbag.py:507} INFO - Filling up the DagBag from /home/airflow/.local/lib/python3.7/site-packages/airflow/example_dags/example_complex.py
[2022-05-18 14:49:51,033] {processor.py:651} INFO - DAG(s) dict_keys(['example_complex']) retrieved from /home/airflow/.local/lib/python3.7/site-packages/airflow/example_dags/example_complex.py
[2022-05-18 14:49:51,171] {logging_mixin.py:115} INFO - [2022-05-18 14:49:51,171] {dag.py:2371} INFO - Sync 1 DAGs
[2022-05-18 14:49:51,279] {logging_mixin.py:115} INFO - [2022-05-18 14:49:51,279] {dag.py:2919} INFO - Setting next_dagrun for example_complex to None, run_after=None
[2022-05-18 14:49:51,360] {processor.py:161} INFO - Processing /home/airflow/.local/lib/python3.7/site-packages/airflow/example_dags/example_complex.py took 0.380 seconds
[2022-05-18 14:50:21,691] {processor.py:153} INFO - Started process (PID=1050) to work on /home/airflow/.local/lib/python3.7/site-packages/airflow/example_dags/example_complex.py
[2022-05-18 14:50:21,727] {processor.py:641} INFO - Processing file /home/airflow/.local/lib/python3.7/site-packages/airflow/example_dags/example_complex.py for tasks to queue
[2022-05-18 14:50:21,728] {logging_mixin.py:115} INFO - [2022-05-18 14:50:21,728] {dagbag.py:507} INFO - Filling up the DagBag from /home/airflow/.local/lib/python3.7/site-packages/airflow/example_dags/example_complex.py
[2022-05-18 14:50:21,754] {processor.py:651} INFO - DAG(s) dict_keys(['example_complex']) retrieved from /home/airflow/.local/lib/python3.7/site-packages/airflow/example_dags/example_complex.py
[2022-05-18 14:50:21,817] {logging_mixin.py:115} INFO - [2022-05-18 14:50:21,817] {dag.py:2371} INFO - Sync 1 DAGs
[2022-05-18 14:50:21,857] {logging_mixin.py:115} INFO - [2022-05-18 14:50:21,857] {dag.py:2919} INFO - Setting next_dagrun for example_complex to None, run_after=None
[2022-05-18 14:50:21,907] {processor.py:161} INFO - Processing /home/airflow/.local/lib/python3.7/site-packages/airflow/example_dags/example_complex.py took 0.221 seconds
[2022-05-18 14:50:52,116] {processor.py:153} INFO - Started process (PID=1103) to work on /home/airflow/.local/lib/python3.7/site-packages/airflow/example_dags/example_complex.py
[2022-05-18 14:50:52,116] {processor.py:641} INFO - Processing file /home/airflow/.local/lib/python3.7/site-packages/airflow/example_dags/example_complex.py for tasks to queue
[2022-05-18 14:50:52,117] {logging_mixin.py:115} INFO - [2022-05-18 14:50:52,117] {dagbag.py:507} INFO - Filling up the DagBag from /home/airflow/.local/lib/python3.7/site-packages/airflow/example_dags/example_complex.py
[2022-05-18 14:50:52,138] {processor.py:651} INFO - DAG(s) dict_keys(['example_complex']) retrieved from /home/airflow/.local/lib/python3.7/site-packages/airflow/example_dags/example_complex.py
[2022-05-18 14:50:52,179] {logging_mixin.py:115} INFO - [2022-05-18 14:50:52,179] {dag.py:2371} INFO - Sync 1 DAGs
[2022-05-18 14:50:52,211] {logging_mixin.py:115} INFO - [2022-05-18 14:50:52,211] {dag.py:2919} INFO - Setting next_dagrun for example_complex to None, run_after=None
[2022-05-18 14:50:52,261] {processor.py:161} INFO - Processing /home/airflow/.local/lib/python3.7/site-packages/airflow/example_dags/example_complex.py took 0.149 seconds
[2022-05-18 14:51:22,491] {processor.py:153} INFO - Started process (PID=1163) to work on /home/airflow/.local/lib/python3.7/site-packages/airflow/example_dags/example_complex.py
[2022-05-18 14:51:22,513] {processor.py:641} INFO - Processing file /home/airflow/.local/lib/python3.7/site-packages/airflow/example_dags/example_complex.py for tasks to queue
[2022-05-18 14:51:22,515] {logging_mixin.py:115} INFO - [2022-05-18 14:51:22,515] {dagbag.py:507} INFO - Filling up the DagBag from /home/airflow/.local/lib/python3.7/site-packages/airflow/example_dags/example_complex.py
[2022-05-18 14:51:22,544] {processor.py:651} INFO - DAG(s) dict_keys(['example_complex']) retrieved from /home/airflow/.local/lib/python3.7/site-packages/airflow/example_dags/example_complex.py
[2022-05-18 14:51:22,592] {logging_mixin.py:115} INFO - [2022-05-18 14:51:22,591] {dag.py:2371} INFO - Sync 1 DAGs
[2022-05-18 14:51:22,628] {logging_mixin.py:115} INFO - [2022-05-18 14:51:22,628] {dag.py:2919} INFO - Setting next_dagrun for example_complex to None, run_after=None
[2022-05-18 14:51:22,664] {processor.py:161} INFO - Processing /home/airflow/.local/lib/python3.7/site-packages/airflow/example_dags/example_complex.py took 0.176 seconds
[2022-05-18 14:51:53,298] {processor.py:153} INFO - Started process (PID=1229) to work on /home/airflow/.local/lib/python3.7/site-packages/airflow/example_dags/example_complex.py
[2022-05-18 14:51:53,299] {processor.py:641} INFO - Processing file /home/airflow/.local/lib/python3.7/site-packages/airflow/example_dags/example_complex.py for tasks to queue
[2022-05-18 14:51:53,300] {logging_mixin.py:115} INFO - [2022-05-18 14:51:53,300] {dagbag.py:507} INFO - Filling up the DagBag from /home/airflow/.local/lib/python3.7/site-packages/airflow/example_dags/example_complex.py
[2022-05-18 14:51:53,338] {processor.py:651} INFO - DAG(s) dict_keys(['example_complex']) retrieved from /home/airflow/.local/lib/python3.7/site-packages/airflow/example_dags/example_complex.py
[2022-05-18 14:51:53,415] {logging_mixin.py:115} INFO - [2022-05-18 14:51:53,414] {dag.py:2371} INFO - Sync 1 DAGs
[2022-05-18 14:51:53,474] {logging_mixin.py:115} INFO - [2022-05-18 14:51:53,473] {dag.py:2919} INFO - Setting next_dagrun for example_complex to None, run_after=None
[2022-05-18 14:51:53,563] {processor.py:161} INFO - Processing /home/airflow/.local/lib/python3.7/site-packages/airflow/example_dags/example_complex.py took 0.279 seconds
[2022-05-18 14:52:23,822] {processor.py:153} INFO - Started process (PID=1282) to work on /home/airflow/.local/lib/python3.7/site-packages/airflow/example_dags/example_complex.py
[2022-05-18 14:52:24,044] {processor.py:641} INFO - Processing file /home/airflow/.local/lib/python3.7/site-packages/airflow/example_dags/example_complex.py for tasks to queue
[2022-05-18 14:52:24,056] {logging_mixin.py:115} INFO - [2022-05-18 14:52:24,056] {dagbag.py:507} INFO - Filling up the DagBag from /home/airflow/.local/lib/python3.7/site-packages/airflow/example_dags/example_complex.py
[2022-05-18 14:52:24,081] {processor.py:651} INFO - DAG(s) dict_keys(['example_complex']) retrieved from /home/airflow/.local/lib/python3.7/site-packages/airflow/example_dags/example_complex.py
[2022-05-18 14:52:24,137] {logging_mixin.py:115} INFO - [2022-05-18 14:52:24,137] {dag.py:2371} INFO - Sync 1 DAGs
[2022-05-18 14:52:24,179] {logging_mixin.py:115} INFO - [2022-05-18 14:52:24,179] {dag.py:2919} INFO - Setting next_dagrun for example_complex to None, run_after=None
[2022-05-18 14:52:24,249] {processor.py:161} INFO - Processing /home/airflow/.local/lib/python3.7/site-packages/airflow/example_dags/example_complex.py took 0.432 seconds
