[2022-05-18 14:07:45,351] {processor.py:153} INFO - Started process (PID=90) to work on /home/airflow/.local/lib/python3.7/site-packages/airflow/example_dags/tutorial_etl_dag.py
[2022-05-18 14:07:45,352] {processor.py:641} INFO - Processing file /home/airflow/.local/lib/python3.7/site-packages/airflow/example_dags/tutorial_etl_dag.py for tasks to queue
[2022-05-18 14:07:45,353] {logging_mixin.py:115} INFO - [2022-05-18 14:07:45,353] {dagbag.py:507} INFO - Filling up the DagBag from /home/airflow/.local/lib/python3.7/site-packages/airflow/example_dags/tutorial_etl_dag.py
[2022-05-18 14:07:45,398] {processor.py:651} INFO - DAG(s) dict_keys(['tutorial_etl_dag']) retrieved from /home/airflow/.local/lib/python3.7/site-packages/airflow/example_dags/tutorial_etl_dag.py
[2022-05-18 14:07:46,005] {logging_mixin.py:115} INFO - [2022-05-18 14:07:46,005] {manager.py:508} INFO - Created Permission View: can edit on DAG:tutorial_etl_dag
[2022-05-18 14:07:46,063] {logging_mixin.py:115} INFO - [2022-05-18 14:07:46,063] {manager.py:508} INFO - Created Permission View: can read on DAG:tutorial_etl_dag
[2022-05-18 14:07:46,124] {logging_mixin.py:115} INFO - [2022-05-18 14:07:46,124] {manager.py:508} INFO - Created Permission View: can delete on DAG:tutorial_etl_dag
[2022-05-18 14:07:46,124] {logging_mixin.py:115} INFO - [2022-05-18 14:07:46,124] {dag.py:2371} INFO - Sync 1 DAGs
[2022-05-18 14:07:46,155] {logging_mixin.py:115} INFO - [2022-05-18 14:07:46,155] {dag.py:2390} INFO - Creating ORM DAG for tutorial_etl_dag
[2022-05-18 14:07:46,202] {logging_mixin.py:115} INFO - [2022-05-18 14:07:46,201] {dag.py:2919} INFO - Setting next_dagrun for tutorial_etl_dag to None, run_after=None
[2022-05-18 14:07:46,277] {processor.py:161} INFO - Processing /home/airflow/.local/lib/python3.7/site-packages/airflow/example_dags/tutorial_etl_dag.py took 0.944 seconds
[2022-05-18 14:08:16,723] {processor.py:153} INFO - Started process (PID=141) to work on /home/airflow/.local/lib/python3.7/site-packages/airflow/example_dags/tutorial_etl_dag.py
[2022-05-18 14:08:16,724] {processor.py:641} INFO - Processing file /home/airflow/.local/lib/python3.7/site-packages/airflow/example_dags/tutorial_etl_dag.py for tasks to queue
[2022-05-18 14:08:16,726] {logging_mixin.py:115} INFO - [2022-05-18 14:08:16,725] {dagbag.py:507} INFO - Filling up the DagBag from /home/airflow/.local/lib/python3.7/site-packages/airflow/example_dags/tutorial_etl_dag.py
[2022-05-18 14:08:16,744] {processor.py:651} INFO - DAG(s) dict_keys(['tutorial_etl_dag']) retrieved from /home/airflow/.local/lib/python3.7/site-packages/airflow/example_dags/tutorial_etl_dag.py
[2022-05-18 14:08:16,781] {logging_mixin.py:115} INFO - [2022-05-18 14:08:16,781] {dag.py:2371} INFO - Sync 1 DAGs
[2022-05-18 14:08:16,812] {logging_mixin.py:115} INFO - [2022-05-18 14:08:16,812] {dag.py:2919} INFO - Setting next_dagrun for tutorial_etl_dag to None, run_after=None
[2022-05-18 14:08:16,963] {processor.py:161} INFO - Processing /home/airflow/.local/lib/python3.7/site-packages/airflow/example_dags/tutorial_etl_dag.py took 0.248 seconds
[2022-05-18 14:08:47,077] {processor.py:153} INFO - Started process (PID=202) to work on /home/airflow/.local/lib/python3.7/site-packages/airflow/example_dags/tutorial_etl_dag.py
[2022-05-18 14:08:47,117] {processor.py:641} INFO - Processing file /home/airflow/.local/lib/python3.7/site-packages/airflow/example_dags/tutorial_etl_dag.py for tasks to queue
[2022-05-18 14:08:47,117] {logging_mixin.py:115} INFO - [2022-05-18 14:08:47,117] {dagbag.py:507} INFO - Filling up the DagBag from /home/airflow/.local/lib/python3.7/site-packages/airflow/example_dags/tutorial_etl_dag.py
[2022-05-18 14:08:47,124] {processor.py:651} INFO - DAG(s) dict_keys(['tutorial_etl_dag']) retrieved from /home/airflow/.local/lib/python3.7/site-packages/airflow/example_dags/tutorial_etl_dag.py
[2022-05-18 14:08:47,153] {logging_mixin.py:115} INFO - [2022-05-18 14:08:47,152] {dag.py:2371} INFO - Sync 1 DAGs
[2022-05-18 14:08:47,186] {logging_mixin.py:115} INFO - [2022-05-18 14:08:47,186] {dag.py:2919} INFO - Setting next_dagrun for tutorial_etl_dag to None, run_after=None
[2022-05-18 14:08:47,466] {processor.py:161} INFO - Processing /home/airflow/.local/lib/python3.7/site-packages/airflow/example_dags/tutorial_etl_dag.py took 0.391 seconds
[2022-05-18 14:09:17,672] {processor.py:153} INFO - Started process (PID=257) to work on /home/airflow/.local/lib/python3.7/site-packages/airflow/example_dags/tutorial_etl_dag.py
[2022-05-18 14:09:17,672] {processor.py:641} INFO - Processing file /home/airflow/.local/lib/python3.7/site-packages/airflow/example_dags/tutorial_etl_dag.py for tasks to queue
[2022-05-18 14:09:17,673] {logging_mixin.py:115} INFO - [2022-05-18 14:09:17,672] {dagbag.py:507} INFO - Filling up the DagBag from /home/airflow/.local/lib/python3.7/site-packages/airflow/example_dags/tutorial_etl_dag.py
[2022-05-18 14:09:17,678] {processor.py:651} INFO - DAG(s) dict_keys(['tutorial_etl_dag']) retrieved from /home/airflow/.local/lib/python3.7/site-packages/airflow/example_dags/tutorial_etl_dag.py
[2022-05-18 14:09:17,699] {logging_mixin.py:115} INFO - [2022-05-18 14:09:17,699] {dag.py:2371} INFO - Sync 1 DAGs
[2022-05-18 14:09:17,723] {logging_mixin.py:115} INFO - [2022-05-18 14:09:17,723] {dag.py:2919} INFO - Setting next_dagrun for tutorial_etl_dag to None, run_after=None
[2022-05-18 14:09:17,871] {processor.py:161} INFO - Processing /home/airflow/.local/lib/python3.7/site-packages/airflow/example_dags/tutorial_etl_dag.py took 0.201 seconds
[2022-05-18 14:09:48,287] {processor.py:153} INFO - Started process (PID=319) to work on /home/airflow/.local/lib/python3.7/site-packages/airflow/example_dags/tutorial_etl_dag.py
[2022-05-18 14:09:48,316] {processor.py:641} INFO - Processing file /home/airflow/.local/lib/python3.7/site-packages/airflow/example_dags/tutorial_etl_dag.py for tasks to queue
[2022-05-18 14:09:48,317] {logging_mixin.py:115} INFO - [2022-05-18 14:09:48,317] {dagbag.py:507} INFO - Filling up the DagBag from /home/airflow/.local/lib/python3.7/site-packages/airflow/example_dags/tutorial_etl_dag.py
[2022-05-18 14:09:48,324] {processor.py:651} INFO - DAG(s) dict_keys(['tutorial_etl_dag']) retrieved from /home/airflow/.local/lib/python3.7/site-packages/airflow/example_dags/tutorial_etl_dag.py
[2022-05-18 14:09:48,354] {logging_mixin.py:115} INFO - [2022-05-18 14:09:48,354] {dag.py:2371} INFO - Sync 1 DAGs
[2022-05-18 14:09:48,389] {logging_mixin.py:115} INFO - [2022-05-18 14:09:48,388] {dag.py:2919} INFO - Setting next_dagrun for tutorial_etl_dag to None, run_after=None
[2022-05-18 14:09:48,569] {processor.py:161} INFO - Processing /home/airflow/.local/lib/python3.7/site-packages/airflow/example_dags/tutorial_etl_dag.py took 0.285 seconds
[2022-05-18 14:10:18,773] {processor.py:153} INFO - Started process (PID=372) to work on /home/airflow/.local/lib/python3.7/site-packages/airflow/example_dags/tutorial_etl_dag.py
[2022-05-18 14:10:18,773] {processor.py:641} INFO - Processing file /home/airflow/.local/lib/python3.7/site-packages/airflow/example_dags/tutorial_etl_dag.py for tasks to queue
[2022-05-18 14:10:18,773] {logging_mixin.py:115} INFO - [2022-05-18 14:10:18,773] {dagbag.py:507} INFO - Filling up the DagBag from /home/airflow/.local/lib/python3.7/site-packages/airflow/example_dags/tutorial_etl_dag.py
[2022-05-18 14:10:18,779] {processor.py:651} INFO - DAG(s) dict_keys(['tutorial_etl_dag']) retrieved from /home/airflow/.local/lib/python3.7/site-packages/airflow/example_dags/tutorial_etl_dag.py
[2022-05-18 14:10:18,802] {logging_mixin.py:115} INFO - [2022-05-18 14:10:18,802] {dag.py:2371} INFO - Sync 1 DAGs
[2022-05-18 14:10:18,828] {logging_mixin.py:115} INFO - [2022-05-18 14:10:18,828] {dag.py:2919} INFO - Setting next_dagrun for tutorial_etl_dag to None, run_after=None
[2022-05-18 14:10:18,980] {processor.py:161} INFO - Processing /home/airflow/.local/lib/python3.7/site-packages/airflow/example_dags/tutorial_etl_dag.py took 0.210 seconds
[2022-05-18 14:10:49,325] {processor.py:153} INFO - Started process (PID=434) to work on /home/airflow/.local/lib/python3.7/site-packages/airflow/example_dags/tutorial_etl_dag.py
[2022-05-18 14:10:49,338] {processor.py:641} INFO - Processing file /home/airflow/.local/lib/python3.7/site-packages/airflow/example_dags/tutorial_etl_dag.py for tasks to queue
[2022-05-18 14:10:49,339] {logging_mixin.py:115} INFO - [2022-05-18 14:10:49,339] {dagbag.py:507} INFO - Filling up the DagBag from /home/airflow/.local/lib/python3.7/site-packages/airflow/example_dags/tutorial_etl_dag.py
[2022-05-18 14:10:49,352] {processor.py:651} INFO - DAG(s) dict_keys(['tutorial_etl_dag']) retrieved from /home/airflow/.local/lib/python3.7/site-packages/airflow/example_dags/tutorial_etl_dag.py
[2022-05-18 14:10:49,398] {logging_mixin.py:115} INFO - [2022-05-18 14:10:49,398] {dag.py:2371} INFO - Sync 1 DAGs
[2022-05-18 14:10:49,429] {logging_mixin.py:115} INFO - [2022-05-18 14:10:49,429] {dag.py:2919} INFO - Setting next_dagrun for tutorial_etl_dag to None, run_after=None
[2022-05-18 14:10:49,576] {processor.py:161} INFO - Processing /home/airflow/.local/lib/python3.7/site-packages/airflow/example_dags/tutorial_etl_dag.py took 0.255 seconds
[2022-05-18 14:11:19,828] {processor.py:153} INFO - Started process (PID=486) to work on /home/airflow/.local/lib/python3.7/site-packages/airflow/example_dags/tutorial_etl_dag.py
[2022-05-18 14:11:19,843] {processor.py:641} INFO - Processing file /home/airflow/.local/lib/python3.7/site-packages/airflow/example_dags/tutorial_etl_dag.py for tasks to queue
[2022-05-18 14:11:19,844] {logging_mixin.py:115} INFO - [2022-05-18 14:11:19,844] {dagbag.py:507} INFO - Filling up the DagBag from /home/airflow/.local/lib/python3.7/site-packages/airflow/example_dags/tutorial_etl_dag.py
[2022-05-18 14:11:19,851] {processor.py:651} INFO - DAG(s) dict_keys(['tutorial_etl_dag']) retrieved from /home/airflow/.local/lib/python3.7/site-packages/airflow/example_dags/tutorial_etl_dag.py
[2022-05-18 14:11:19,876] {logging_mixin.py:115} INFO - [2022-05-18 14:11:19,875] {dag.py:2371} INFO - Sync 1 DAGs
[2022-05-18 14:11:19,902] {logging_mixin.py:115} INFO - [2022-05-18 14:11:19,901] {dag.py:2919} INFO - Setting next_dagrun for tutorial_etl_dag to None, run_after=None
[2022-05-18 14:11:20,042] {processor.py:161} INFO - Processing /home/airflow/.local/lib/python3.7/site-packages/airflow/example_dags/tutorial_etl_dag.py took 0.218 seconds
[2022-05-18 14:11:50,539] {processor.py:153} INFO - Started process (PID=548) to work on /home/airflow/.local/lib/python3.7/site-packages/airflow/example_dags/tutorial_etl_dag.py
[2022-05-18 14:11:50,540] {processor.py:641} INFO - Processing file /home/airflow/.local/lib/python3.7/site-packages/airflow/example_dags/tutorial_etl_dag.py for tasks to queue
[2022-05-18 14:11:50,542] {logging_mixin.py:115} INFO - [2022-05-18 14:11:50,541] {dagbag.py:507} INFO - Filling up the DagBag from /home/airflow/.local/lib/python3.7/site-packages/airflow/example_dags/tutorial_etl_dag.py
[2022-05-18 14:11:50,559] {processor.py:651} INFO - DAG(s) dict_keys(['tutorial_etl_dag']) retrieved from /home/airflow/.local/lib/python3.7/site-packages/airflow/example_dags/tutorial_etl_dag.py
[2022-05-18 14:11:50,620] {logging_mixin.py:115} INFO - [2022-05-18 14:11:50,620] {dag.py:2371} INFO - Sync 1 DAGs
[2022-05-18 14:11:50,649] {logging_mixin.py:115} INFO - [2022-05-18 14:11:50,649] {dag.py:2919} INFO - Setting next_dagrun for tutorial_etl_dag to None, run_after=None
[2022-05-18 14:11:50,799] {processor.py:161} INFO - Processing /home/airflow/.local/lib/python3.7/site-packages/airflow/example_dags/tutorial_etl_dag.py took 0.267 seconds
[2022-05-18 14:12:21,168] {processor.py:153} INFO - Started process (PID=601) to work on /home/airflow/.local/lib/python3.7/site-packages/airflow/example_dags/tutorial_etl_dag.py
[2022-05-18 14:12:21,178] {processor.py:641} INFO - Processing file /home/airflow/.local/lib/python3.7/site-packages/airflow/example_dags/tutorial_etl_dag.py for tasks to queue
[2022-05-18 14:12:21,179] {logging_mixin.py:115} INFO - [2022-05-18 14:12:21,179] {dagbag.py:507} INFO - Filling up the DagBag from /home/airflow/.local/lib/python3.7/site-packages/airflow/example_dags/tutorial_etl_dag.py
[2022-05-18 14:12:21,187] {processor.py:651} INFO - DAG(s) dict_keys(['tutorial_etl_dag']) retrieved from /home/airflow/.local/lib/python3.7/site-packages/airflow/example_dags/tutorial_etl_dag.py
[2022-05-18 14:12:21,216] {logging_mixin.py:115} INFO - [2022-05-18 14:12:21,216] {dag.py:2371} INFO - Sync 1 DAGs
[2022-05-18 14:12:21,253] {logging_mixin.py:115} INFO - [2022-05-18 14:12:21,252] {dag.py:2919} INFO - Setting next_dagrun for tutorial_etl_dag to None, run_after=None
[2022-05-18 14:12:21,435] {processor.py:161} INFO - Processing /home/airflow/.local/lib/python3.7/site-packages/airflow/example_dags/tutorial_etl_dag.py took 0.270 seconds
[2022-05-18 14:12:51,699] {processor.py:153} INFO - Started process (PID=663) to work on /home/airflow/.local/lib/python3.7/site-packages/airflow/example_dags/tutorial_etl_dag.py
[2022-05-18 14:12:51,701] {processor.py:641} INFO - Processing file /home/airflow/.local/lib/python3.7/site-packages/airflow/example_dags/tutorial_etl_dag.py for tasks to queue
[2022-05-18 14:12:51,702] {logging_mixin.py:115} INFO - [2022-05-18 14:12:51,702] {dagbag.py:507} INFO - Filling up the DagBag from /home/airflow/.local/lib/python3.7/site-packages/airflow/example_dags/tutorial_etl_dag.py
[2022-05-18 14:12:51,720] {processor.py:651} INFO - DAG(s) dict_keys(['tutorial_etl_dag']) retrieved from /home/airflow/.local/lib/python3.7/site-packages/airflow/example_dags/tutorial_etl_dag.py
[2022-05-18 14:12:51,751] {logging_mixin.py:115} INFO - [2022-05-18 14:12:51,751] {dag.py:2371} INFO - Sync 1 DAGs
[2022-05-18 14:12:51,917] {logging_mixin.py:115} INFO - [2022-05-18 14:12:51,917] {dag.py:2919} INFO - Setting next_dagrun for tutorial_etl_dag to None, run_after=None
[2022-05-18 14:12:51,983] {processor.py:161} INFO - Processing /home/airflow/.local/lib/python3.7/site-packages/airflow/example_dags/tutorial_etl_dag.py took 0.294 seconds
[2022-05-18 14:13:22,399] {processor.py:153} INFO - Started process (PID=716) to work on /home/airflow/.local/lib/python3.7/site-packages/airflow/example_dags/tutorial_etl_dag.py
[2022-05-18 14:13:22,419] {processor.py:641} INFO - Processing file /home/airflow/.local/lib/python3.7/site-packages/airflow/example_dags/tutorial_etl_dag.py for tasks to queue
[2022-05-18 14:13:22,420] {logging_mixin.py:115} INFO - [2022-05-18 14:13:22,420] {dagbag.py:507} INFO - Filling up the DagBag from /home/airflow/.local/lib/python3.7/site-packages/airflow/example_dags/tutorial_etl_dag.py
[2022-05-18 14:13:22,428] {processor.py:651} INFO - DAG(s) dict_keys(['tutorial_etl_dag']) retrieved from /home/airflow/.local/lib/python3.7/site-packages/airflow/example_dags/tutorial_etl_dag.py
[2022-05-18 14:13:22,461] {logging_mixin.py:115} INFO - [2022-05-18 14:13:22,461] {dag.py:2371} INFO - Sync 1 DAGs
[2022-05-18 14:13:22,622] {logging_mixin.py:115} INFO - [2022-05-18 14:13:22,621] {dag.py:2919} INFO - Setting next_dagrun for tutorial_etl_dag to None, run_after=None
[2022-05-18 14:13:22,670] {processor.py:161} INFO - Processing /home/airflow/.local/lib/python3.7/site-packages/airflow/example_dags/tutorial_etl_dag.py took 0.274 seconds
[2022-05-18 14:13:53,190] {processor.py:153} INFO - Started process (PID=777) to work on /home/airflow/.local/lib/python3.7/site-packages/airflow/example_dags/tutorial_etl_dag.py
[2022-05-18 14:13:53,201] {processor.py:641} INFO - Processing file /home/airflow/.local/lib/python3.7/site-packages/airflow/example_dags/tutorial_etl_dag.py for tasks to queue
[2022-05-18 14:13:53,202] {logging_mixin.py:115} INFO - [2022-05-18 14:13:53,202] {dagbag.py:507} INFO - Filling up the DagBag from /home/airflow/.local/lib/python3.7/site-packages/airflow/example_dags/tutorial_etl_dag.py
[2022-05-18 14:13:53,212] {processor.py:651} INFO - DAG(s) dict_keys(['tutorial_etl_dag']) retrieved from /home/airflow/.local/lib/python3.7/site-packages/airflow/example_dags/tutorial_etl_dag.py
[2022-05-18 14:13:53,260] {logging_mixin.py:115} INFO - [2022-05-18 14:13:53,260] {dag.py:2371} INFO - Sync 1 DAGs
[2022-05-18 14:13:53,413] {logging_mixin.py:115} INFO - [2022-05-18 14:13:53,413] {dag.py:2919} INFO - Setting next_dagrun for tutorial_etl_dag to None, run_after=None
[2022-05-18 14:13:53,456] {processor.py:161} INFO - Processing /home/airflow/.local/lib/python3.7/site-packages/airflow/example_dags/tutorial_etl_dag.py took 0.272 seconds
[2022-05-18 14:14:24,029] {processor.py:153} INFO - Started process (PID=829) to work on /home/airflow/.local/lib/python3.7/site-packages/airflow/example_dags/tutorial_etl_dag.py
[2022-05-18 14:14:24,047] {processor.py:641} INFO - Processing file /home/airflow/.local/lib/python3.7/site-packages/airflow/example_dags/tutorial_etl_dag.py for tasks to queue
[2022-05-18 14:14:24,048] {logging_mixin.py:115} INFO - [2022-05-18 14:14:24,048] {dagbag.py:507} INFO - Filling up the DagBag from /home/airflow/.local/lib/python3.7/site-packages/airflow/example_dags/tutorial_etl_dag.py
[2022-05-18 14:14:24,061] {processor.py:651} INFO - DAG(s) dict_keys(['tutorial_etl_dag']) retrieved from /home/airflow/.local/lib/python3.7/site-packages/airflow/example_dags/tutorial_etl_dag.py
[2022-05-18 14:14:24,107] {logging_mixin.py:115} INFO - [2022-05-18 14:14:24,107] {dag.py:2371} INFO - Sync 1 DAGs
[2022-05-18 14:14:24,311] {logging_mixin.py:115} INFO - [2022-05-18 14:14:24,311] {dag.py:2919} INFO - Setting next_dagrun for tutorial_etl_dag to None, run_after=None
[2022-05-18 14:14:24,375] {processor.py:161} INFO - Processing /home/airflow/.local/lib/python3.7/site-packages/airflow/example_dags/tutorial_etl_dag.py took 0.351 seconds
[2022-05-18 14:14:54,612] {processor.py:153} INFO - Started process (PID=893) to work on /home/airflow/.local/lib/python3.7/site-packages/airflow/example_dags/tutorial_etl_dag.py
[2022-05-18 14:14:54,612] {processor.py:641} INFO - Processing file /home/airflow/.local/lib/python3.7/site-packages/airflow/example_dags/tutorial_etl_dag.py for tasks to queue
[2022-05-18 14:14:54,613] {logging_mixin.py:115} INFO - [2022-05-18 14:14:54,613] {dagbag.py:507} INFO - Filling up the DagBag from /home/airflow/.local/lib/python3.7/site-packages/airflow/example_dags/tutorial_etl_dag.py
[2022-05-18 14:14:54,620] {processor.py:651} INFO - DAG(s) dict_keys(['tutorial_etl_dag']) retrieved from /home/airflow/.local/lib/python3.7/site-packages/airflow/example_dags/tutorial_etl_dag.py
[2022-05-18 14:14:54,644] {logging_mixin.py:115} INFO - [2022-05-18 14:14:54,644] {dag.py:2371} INFO - Sync 1 DAGs
[2022-05-18 14:14:54,774] {logging_mixin.py:115} INFO - [2022-05-18 14:14:54,773] {dag.py:2919} INFO - Setting next_dagrun for tutorial_etl_dag to None, run_after=None
[2022-05-18 14:14:54,810] {processor.py:161} INFO - Processing /home/airflow/.local/lib/python3.7/site-packages/airflow/example_dags/tutorial_etl_dag.py took 0.201 seconds
[2022-05-18 14:15:25,273] {processor.py:153} INFO - Started process (PID=946) to work on /home/airflow/.local/lib/python3.7/site-packages/airflow/example_dags/tutorial_etl_dag.py
[2022-05-18 14:15:25,273] {processor.py:641} INFO - Processing file /home/airflow/.local/lib/python3.7/site-packages/airflow/example_dags/tutorial_etl_dag.py for tasks to queue
[2022-05-18 14:15:25,274] {logging_mixin.py:115} INFO - [2022-05-18 14:15:25,274] {dagbag.py:507} INFO - Filling up the DagBag from /home/airflow/.local/lib/python3.7/site-packages/airflow/example_dags/tutorial_etl_dag.py
[2022-05-18 14:15:25,280] {processor.py:651} INFO - DAG(s) dict_keys(['tutorial_etl_dag']) retrieved from /home/airflow/.local/lib/python3.7/site-packages/airflow/example_dags/tutorial_etl_dag.py
[2022-05-18 14:15:25,313] {logging_mixin.py:115} INFO - [2022-05-18 14:15:25,313] {dag.py:2371} INFO - Sync 1 DAGs
[2022-05-18 14:15:25,493] {logging_mixin.py:115} INFO - [2022-05-18 14:15:25,493] {dag.py:2919} INFO - Setting next_dagrun for tutorial_etl_dag to None, run_after=None
[2022-05-18 14:15:25,571] {processor.py:161} INFO - Processing /home/airflow/.local/lib/python3.7/site-packages/airflow/example_dags/tutorial_etl_dag.py took 0.301 seconds
[2022-05-18 14:15:55,957] {processor.py:153} INFO - Started process (PID=1008) to work on /home/airflow/.local/lib/python3.7/site-packages/airflow/example_dags/tutorial_etl_dag.py
[2022-05-18 14:15:55,975] {processor.py:641} INFO - Processing file /home/airflow/.local/lib/python3.7/site-packages/airflow/example_dags/tutorial_etl_dag.py for tasks to queue
[2022-05-18 14:15:55,977] {logging_mixin.py:115} INFO - [2022-05-18 14:15:55,977] {dagbag.py:507} INFO - Filling up the DagBag from /home/airflow/.local/lib/python3.7/site-packages/airflow/example_dags/tutorial_etl_dag.py
[2022-05-18 14:15:55,992] {processor.py:651} INFO - DAG(s) dict_keys(['tutorial_etl_dag']) retrieved from /home/airflow/.local/lib/python3.7/site-packages/airflow/example_dags/tutorial_etl_dag.py
[2022-05-18 14:15:56,050] {logging_mixin.py:115} INFO - [2022-05-18 14:15:56,050] {dag.py:2371} INFO - Sync 1 DAGs
[2022-05-18 14:15:56,203] {logging_mixin.py:115} INFO - [2022-05-18 14:15:56,203] {dag.py:2919} INFO - Setting next_dagrun for tutorial_etl_dag to None, run_after=None
[2022-05-18 14:15:56,259] {processor.py:161} INFO - Processing /home/airflow/.local/lib/python3.7/site-packages/airflow/example_dags/tutorial_etl_dag.py took 0.309 seconds
[2022-05-18 14:16:26,701] {processor.py:153} INFO - Started process (PID=1060) to work on /home/airflow/.local/lib/python3.7/site-packages/airflow/example_dags/tutorial_etl_dag.py
[2022-05-18 14:16:26,702] {processor.py:641} INFO - Processing file /home/airflow/.local/lib/python3.7/site-packages/airflow/example_dags/tutorial_etl_dag.py for tasks to queue
[2022-05-18 14:16:26,702] {logging_mixin.py:115} INFO - [2022-05-18 14:16:26,702] {dagbag.py:507} INFO - Filling up the DagBag from /home/airflow/.local/lib/python3.7/site-packages/airflow/example_dags/tutorial_etl_dag.py
[2022-05-18 14:16:26,708] {processor.py:651} INFO - DAG(s) dict_keys(['tutorial_etl_dag']) retrieved from /home/airflow/.local/lib/python3.7/site-packages/airflow/example_dags/tutorial_etl_dag.py
[2022-05-18 14:16:26,733] {logging_mixin.py:115} INFO - [2022-05-18 14:16:26,733] {dag.py:2371} INFO - Sync 1 DAGs
[2022-05-18 14:16:26,873] {logging_mixin.py:115} INFO - [2022-05-18 14:16:26,873] {dag.py:2919} INFO - Setting next_dagrun for tutorial_etl_dag to None, run_after=None
[2022-05-18 14:16:26,912] {processor.py:161} INFO - Processing /home/airflow/.local/lib/python3.7/site-packages/airflow/example_dags/tutorial_etl_dag.py took 0.213 seconds
[2022-05-18 14:16:57,096] {processor.py:153} INFO - Started process (PID=1125) to work on /home/airflow/.local/lib/python3.7/site-packages/airflow/example_dags/tutorial_etl_dag.py
[2022-05-18 14:16:57,108] {processor.py:641} INFO - Processing file /home/airflow/.local/lib/python3.7/site-packages/airflow/example_dags/tutorial_etl_dag.py for tasks to queue
[2022-05-18 14:16:57,108] {logging_mixin.py:115} INFO - [2022-05-18 14:16:57,108] {dagbag.py:507} INFO - Filling up the DagBag from /home/airflow/.local/lib/python3.7/site-packages/airflow/example_dags/tutorial_etl_dag.py
[2022-05-18 14:16:57,115] {processor.py:651} INFO - DAG(s) dict_keys(['tutorial_etl_dag']) retrieved from /home/airflow/.local/lib/python3.7/site-packages/airflow/example_dags/tutorial_etl_dag.py
[2022-05-18 14:16:57,146] {logging_mixin.py:115} INFO - [2022-05-18 14:16:57,146] {dag.py:2371} INFO - Sync 1 DAGs
[2022-05-18 14:16:57,317] {logging_mixin.py:115} INFO - [2022-05-18 14:16:57,317] {dag.py:2919} INFO - Setting next_dagrun for tutorial_etl_dag to None, run_after=None
[2022-05-18 14:16:57,397] {processor.py:161} INFO - Processing /home/airflow/.local/lib/python3.7/site-packages/airflow/example_dags/tutorial_etl_dag.py took 0.304 seconds
[2022-05-18 14:17:27,986] {processor.py:153} INFO - Started process (PID=1178) to work on /home/airflow/.local/lib/python3.7/site-packages/airflow/example_dags/tutorial_etl_dag.py
[2022-05-18 14:17:27,987] {processor.py:641} INFO - Processing file /home/airflow/.local/lib/python3.7/site-packages/airflow/example_dags/tutorial_etl_dag.py for tasks to queue
[2022-05-18 14:17:27,989] {logging_mixin.py:115} INFO - [2022-05-18 14:17:27,989] {dagbag.py:507} INFO - Filling up the DagBag from /home/airflow/.local/lib/python3.7/site-packages/airflow/example_dags/tutorial_etl_dag.py
[2022-05-18 14:17:28,009] {processor.py:651} INFO - DAG(s) dict_keys(['tutorial_etl_dag']) retrieved from /home/airflow/.local/lib/python3.7/site-packages/airflow/example_dags/tutorial_etl_dag.py
[2022-05-18 14:17:28,043] {logging_mixin.py:115} INFO - [2022-05-18 14:17:28,043] {dag.py:2371} INFO - Sync 1 DAGs
[2022-05-18 14:17:28,177] {logging_mixin.py:115} INFO - [2022-05-18 14:17:28,177] {dag.py:2919} INFO - Setting next_dagrun for tutorial_etl_dag to None, run_after=None
[2022-05-18 14:17:28,221] {processor.py:161} INFO - Processing /home/airflow/.local/lib/python3.7/site-packages/airflow/example_dags/tutorial_etl_dag.py took 0.247 seconds
[2022-05-18 14:17:58,397] {processor.py:153} INFO - Started process (PID=1241) to work on /home/airflow/.local/lib/python3.7/site-packages/airflow/example_dags/tutorial_etl_dag.py
[2022-05-18 14:17:58,409] {processor.py:641} INFO - Processing file /home/airflow/.local/lib/python3.7/site-packages/airflow/example_dags/tutorial_etl_dag.py for tasks to queue
[2022-05-18 14:17:58,409] {logging_mixin.py:115} INFO - [2022-05-18 14:17:58,409] {dagbag.py:507} INFO - Filling up the DagBag from /home/airflow/.local/lib/python3.7/site-packages/airflow/example_dags/tutorial_etl_dag.py
[2022-05-18 14:17:58,415] {processor.py:651} INFO - DAG(s) dict_keys(['tutorial_etl_dag']) retrieved from /home/airflow/.local/lib/python3.7/site-packages/airflow/example_dags/tutorial_etl_dag.py
[2022-05-18 14:17:58,441] {logging_mixin.py:115} INFO - [2022-05-18 14:17:58,441] {dag.py:2371} INFO - Sync 1 DAGs
[2022-05-18 14:17:58,585] {logging_mixin.py:115} INFO - [2022-05-18 14:17:58,585] {dag.py:2919} INFO - Setting next_dagrun for tutorial_etl_dag to None, run_after=None
[2022-05-18 14:17:58,669] {processor.py:161} INFO - Processing /home/airflow/.local/lib/python3.7/site-packages/airflow/example_dags/tutorial_etl_dag.py took 0.275 seconds
[2022-05-18 14:22:40,447] {processor.py:153} INFO - Started process (PID=72) to work on /home/airflow/.local/lib/python3.7/site-packages/airflow/example_dags/tutorial_etl_dag.py
[2022-05-18 14:22:40,458] {processor.py:641} INFO - Processing file /home/airflow/.local/lib/python3.7/site-packages/airflow/example_dags/tutorial_etl_dag.py for tasks to queue
[2022-05-18 14:22:40,458] {logging_mixin.py:115} INFO - [2022-05-18 14:22:40,458] {dagbag.py:507} INFO - Filling up the DagBag from /home/airflow/.local/lib/python3.7/site-packages/airflow/example_dags/tutorial_etl_dag.py
[2022-05-18 14:22:40,472] {processor.py:651} INFO - DAG(s) dict_keys(['tutorial_etl_dag']) retrieved from /home/airflow/.local/lib/python3.7/site-packages/airflow/example_dags/tutorial_etl_dag.py
[2022-05-18 14:22:40,513] {logging_mixin.py:115} INFO - [2022-05-18 14:22:40,513] {dag.py:2371} INFO - Sync 1 DAGs
[2022-05-18 14:22:40,558] {logging_mixin.py:115} INFO - [2022-05-18 14:22:40,558] {dag.py:2919} INFO - Setting next_dagrun for tutorial_etl_dag to None, run_after=None
[2022-05-18 14:22:40,604] {processor.py:161} INFO - Processing /home/airflow/.local/lib/python3.7/site-packages/airflow/example_dags/tutorial_etl_dag.py took 0.161 seconds
[2022-05-18 14:23:11,133] {processor.py:153} INFO - Started process (PID=134) to work on /home/airflow/.local/lib/python3.7/site-packages/airflow/example_dags/tutorial_etl_dag.py
[2022-05-18 14:23:11,133] {processor.py:641} INFO - Processing file /home/airflow/.local/lib/python3.7/site-packages/airflow/example_dags/tutorial_etl_dag.py for tasks to queue
[2022-05-18 14:23:11,134] {logging_mixin.py:115} INFO - [2022-05-18 14:23:11,134] {dagbag.py:507} INFO - Filling up the DagBag from /home/airflow/.local/lib/python3.7/site-packages/airflow/example_dags/tutorial_etl_dag.py
[2022-05-18 14:23:11,146] {processor.py:651} INFO - DAG(s) dict_keys(['tutorial_etl_dag']) retrieved from /home/airflow/.local/lib/python3.7/site-packages/airflow/example_dags/tutorial_etl_dag.py
[2022-05-18 14:23:11,172] {logging_mixin.py:115} INFO - [2022-05-18 14:23:11,172] {dag.py:2371} INFO - Sync 1 DAGs
[2022-05-18 14:23:11,201] {logging_mixin.py:115} INFO - [2022-05-18 14:23:11,201] {dag.py:2919} INFO - Setting next_dagrun for tutorial_etl_dag to None, run_after=None
[2022-05-18 14:23:11,260] {processor.py:161} INFO - Processing /home/airflow/.local/lib/python3.7/site-packages/airflow/example_dags/tutorial_etl_dag.py took 0.131 seconds
[2022-05-18 14:23:42,564] {processor.py:153} INFO - Started process (PID=187) to work on /home/airflow/.local/lib/python3.7/site-packages/airflow/example_dags/tutorial_etl_dag.py
[2022-05-18 14:23:42,578] {processor.py:641} INFO - Processing file /home/airflow/.local/lib/python3.7/site-packages/airflow/example_dags/tutorial_etl_dag.py for tasks to queue
[2022-05-18 14:23:42,579] {logging_mixin.py:115} INFO - [2022-05-18 14:23:42,579] {dagbag.py:507} INFO - Filling up the DagBag from /home/airflow/.local/lib/python3.7/site-packages/airflow/example_dags/tutorial_etl_dag.py
[2022-05-18 14:23:42,590] {processor.py:651} INFO - DAG(s) dict_keys(['tutorial_etl_dag']) retrieved from /home/airflow/.local/lib/python3.7/site-packages/airflow/example_dags/tutorial_etl_dag.py
[2022-05-18 14:23:42,616] {logging_mixin.py:115} INFO - [2022-05-18 14:23:42,616] {dag.py:2371} INFO - Sync 1 DAGs
[2022-05-18 14:23:42,644] {logging_mixin.py:115} INFO - [2022-05-18 14:23:42,644] {dag.py:2919} INFO - Setting next_dagrun for tutorial_etl_dag to None, run_after=None
[2022-05-18 14:23:42,681] {processor.py:161} INFO - Processing /home/airflow/.local/lib/python3.7/site-packages/airflow/example_dags/tutorial_etl_dag.py took 0.120 seconds
[2022-05-18 14:24:12,946] {processor.py:153} INFO - Started process (PID=249) to work on /home/airflow/.local/lib/python3.7/site-packages/airflow/example_dags/tutorial_etl_dag.py
[2022-05-18 14:24:12,947] {processor.py:641} INFO - Processing file /home/airflow/.local/lib/python3.7/site-packages/airflow/example_dags/tutorial_etl_dag.py for tasks to queue
[2022-05-18 14:24:12,948] {logging_mixin.py:115} INFO - [2022-05-18 14:24:12,948] {dagbag.py:507} INFO - Filling up the DagBag from /home/airflow/.local/lib/python3.7/site-packages/airflow/example_dags/tutorial_etl_dag.py
[2022-05-18 14:24:12,964] {processor.py:651} INFO - DAG(s) dict_keys(['tutorial_etl_dag']) retrieved from /home/airflow/.local/lib/python3.7/site-packages/airflow/example_dags/tutorial_etl_dag.py
[2022-05-18 14:24:12,998] {logging_mixin.py:115} INFO - [2022-05-18 14:24:12,997] {dag.py:2371} INFO - Sync 1 DAGs
[2022-05-18 14:24:13,031] {logging_mixin.py:115} INFO - [2022-05-18 14:24:13,031] {dag.py:2919} INFO - Setting next_dagrun for tutorial_etl_dag to None, run_after=None
[2022-05-18 14:24:13,074] {processor.py:161} INFO - Processing /home/airflow/.local/lib/python3.7/site-packages/airflow/example_dags/tutorial_etl_dag.py took 0.132 seconds
[2022-05-18 14:24:43,775] {processor.py:153} INFO - Started process (PID=301) to work on /home/airflow/.local/lib/python3.7/site-packages/airflow/example_dags/tutorial_etl_dag.py
[2022-05-18 14:24:43,801] {processor.py:641} INFO - Processing file /home/airflow/.local/lib/python3.7/site-packages/airflow/example_dags/tutorial_etl_dag.py for tasks to queue
[2022-05-18 14:24:43,801] {logging_mixin.py:115} INFO - [2022-05-18 14:24:43,801] {dagbag.py:507} INFO - Filling up the DagBag from /home/airflow/.local/lib/python3.7/site-packages/airflow/example_dags/tutorial_etl_dag.py
[2022-05-18 14:24:43,818] {processor.py:651} INFO - DAG(s) dict_keys(['tutorial_etl_dag']) retrieved from /home/airflow/.local/lib/python3.7/site-packages/airflow/example_dags/tutorial_etl_dag.py
[2022-05-18 14:24:43,861] {logging_mixin.py:115} INFO - [2022-05-18 14:24:43,861] {dag.py:2371} INFO - Sync 1 DAGs
[2022-05-18 14:24:43,905] {logging_mixin.py:115} INFO - [2022-05-18 14:24:43,905] {dag.py:2919} INFO - Setting next_dagrun for tutorial_etl_dag to None, run_after=None
[2022-05-18 14:24:43,957] {processor.py:161} INFO - Processing /home/airflow/.local/lib/python3.7/site-packages/airflow/example_dags/tutorial_etl_dag.py took 0.187 seconds
[2022-05-18 14:25:14,238] {processor.py:153} INFO - Started process (PID=365) to work on /home/airflow/.local/lib/python3.7/site-packages/airflow/example_dags/tutorial_etl_dag.py
[2022-05-18 14:25:14,239] {processor.py:641} INFO - Processing file /home/airflow/.local/lib/python3.7/site-packages/airflow/example_dags/tutorial_etl_dag.py for tasks to queue
[2022-05-18 14:25:14,239] {logging_mixin.py:115} INFO - [2022-05-18 14:25:14,239] {dagbag.py:507} INFO - Filling up the DagBag from /home/airflow/.local/lib/python3.7/site-packages/airflow/example_dags/tutorial_etl_dag.py
[2022-05-18 14:25:14,251] {processor.py:651} INFO - DAG(s) dict_keys(['tutorial_etl_dag']) retrieved from /home/airflow/.local/lib/python3.7/site-packages/airflow/example_dags/tutorial_etl_dag.py
[2022-05-18 14:25:14,281] {logging_mixin.py:115} INFO - [2022-05-18 14:25:14,281] {dag.py:2371} INFO - Sync 1 DAGs
[2022-05-18 14:25:14,306] {logging_mixin.py:115} INFO - [2022-05-18 14:25:14,306] {dag.py:2919} INFO - Setting next_dagrun for tutorial_etl_dag to None, run_after=None
[2022-05-18 14:25:14,340] {processor.py:161} INFO - Processing /home/airflow/.local/lib/python3.7/site-packages/airflow/example_dags/tutorial_etl_dag.py took 0.106 seconds
[2022-05-18 14:25:45,157] {processor.py:153} INFO - Started process (PID=417) to work on /home/airflow/.local/lib/python3.7/site-packages/airflow/example_dags/tutorial_etl_dag.py
[2022-05-18 14:25:45,214] {processor.py:641} INFO - Processing file /home/airflow/.local/lib/python3.7/site-packages/airflow/example_dags/tutorial_etl_dag.py for tasks to queue
[2022-05-18 14:25:45,215] {logging_mixin.py:115} INFO - [2022-05-18 14:25:45,214] {dagbag.py:507} INFO - Filling up the DagBag from /home/airflow/.local/lib/python3.7/site-packages/airflow/example_dags/tutorial_etl_dag.py
[2022-05-18 14:25:45,232] {processor.py:651} INFO - DAG(s) dict_keys(['tutorial_etl_dag']) retrieved from /home/airflow/.local/lib/python3.7/site-packages/airflow/example_dags/tutorial_etl_dag.py
[2022-05-18 14:25:45,286] {logging_mixin.py:115} INFO - [2022-05-18 14:25:45,286] {dag.py:2371} INFO - Sync 1 DAGs
[2022-05-18 14:25:45,332] {logging_mixin.py:115} INFO - [2022-05-18 14:25:45,331] {dag.py:2919} INFO - Setting next_dagrun for tutorial_etl_dag to None, run_after=None
[2022-05-18 14:25:45,373] {processor.py:161} INFO - Processing /home/airflow/.local/lib/python3.7/site-packages/airflow/example_dags/tutorial_etl_dag.py took 0.221 seconds
[2022-05-18 14:26:15,542] {processor.py:153} INFO - Started process (PID=478) to work on /home/airflow/.local/lib/python3.7/site-packages/airflow/example_dags/tutorial_etl_dag.py
[2022-05-18 14:26:15,543] {processor.py:641} INFO - Processing file /home/airflow/.local/lib/python3.7/site-packages/airflow/example_dags/tutorial_etl_dag.py for tasks to queue
[2022-05-18 14:26:15,543] {logging_mixin.py:115} INFO - [2022-05-18 14:26:15,543] {dagbag.py:507} INFO - Filling up the DagBag from /home/airflow/.local/lib/python3.7/site-packages/airflow/example_dags/tutorial_etl_dag.py
[2022-05-18 14:26:15,554] {processor.py:651} INFO - DAG(s) dict_keys(['tutorial_etl_dag']) retrieved from /home/airflow/.local/lib/python3.7/site-packages/airflow/example_dags/tutorial_etl_dag.py
[2022-05-18 14:26:15,579] {logging_mixin.py:115} INFO - [2022-05-18 14:26:15,578] {dag.py:2371} INFO - Sync 1 DAGs
[2022-05-18 14:26:15,606] {logging_mixin.py:115} INFO - [2022-05-18 14:26:15,606] {dag.py:2919} INFO - Setting next_dagrun for tutorial_etl_dag to None, run_after=None
[2022-05-18 14:26:15,693] {processor.py:161} INFO - Processing /home/airflow/.local/lib/python3.7/site-packages/airflow/example_dags/tutorial_etl_dag.py took 0.153 seconds
[2022-05-18 14:26:46,785] {processor.py:153} INFO - Started process (PID=531) to work on /home/airflow/.local/lib/python3.7/site-packages/airflow/example_dags/tutorial_etl_dag.py
[2022-05-18 14:26:46,798] {processor.py:641} INFO - Processing file /home/airflow/.local/lib/python3.7/site-packages/airflow/example_dags/tutorial_etl_dag.py for tasks to queue
[2022-05-18 14:26:46,799] {logging_mixin.py:115} INFO - [2022-05-18 14:26:46,799] {dagbag.py:507} INFO - Filling up the DagBag from /home/airflow/.local/lib/python3.7/site-packages/airflow/example_dags/tutorial_etl_dag.py
[2022-05-18 14:26:46,809] {processor.py:651} INFO - DAG(s) dict_keys(['tutorial_etl_dag']) retrieved from /home/airflow/.local/lib/python3.7/site-packages/airflow/example_dags/tutorial_etl_dag.py
[2022-05-18 14:26:46,832] {logging_mixin.py:115} INFO - [2022-05-18 14:26:46,832] {dag.py:2371} INFO - Sync 1 DAGs
[2022-05-18 14:26:46,856] {logging_mixin.py:115} INFO - [2022-05-18 14:26:46,856] {dag.py:2919} INFO - Setting next_dagrun for tutorial_etl_dag to None, run_after=None
[2022-05-18 14:26:46,898] {processor.py:161} INFO - Processing /home/airflow/.local/lib/python3.7/site-packages/airflow/example_dags/tutorial_etl_dag.py took 0.116 seconds
[2022-05-18 14:27:17,280] {processor.py:153} INFO - Started process (PID=593) to work on /home/airflow/.local/lib/python3.7/site-packages/airflow/example_dags/tutorial_etl_dag.py
[2022-05-18 14:27:17,281] {processor.py:641} INFO - Processing file /home/airflow/.local/lib/python3.7/site-packages/airflow/example_dags/tutorial_etl_dag.py for tasks to queue
[2022-05-18 14:27:17,281] {logging_mixin.py:115} INFO - [2022-05-18 14:27:17,281] {dagbag.py:507} INFO - Filling up the DagBag from /home/airflow/.local/lib/python3.7/site-packages/airflow/example_dags/tutorial_etl_dag.py
[2022-05-18 14:27:17,296] {processor.py:651} INFO - DAG(s) dict_keys(['tutorial_etl_dag']) retrieved from /home/airflow/.local/lib/python3.7/site-packages/airflow/example_dags/tutorial_etl_dag.py
[2022-05-18 14:27:17,375] {logging_mixin.py:115} INFO - [2022-05-18 14:27:17,375] {dag.py:2371} INFO - Sync 1 DAGs
[2022-05-18 14:27:17,439] {logging_mixin.py:115} INFO - [2022-05-18 14:27:17,438] {dag.py:2919} INFO - Setting next_dagrun for tutorial_etl_dag to None, run_after=None
[2022-05-18 14:27:17,511] {processor.py:161} INFO - Processing /home/airflow/.local/lib/python3.7/site-packages/airflow/example_dags/tutorial_etl_dag.py took 0.235 seconds
[2022-05-18 14:27:47,666] {processor.py:153} INFO - Started process (PID=647) to work on /home/airflow/.local/lib/python3.7/site-packages/airflow/example_dags/tutorial_etl_dag.py
[2022-05-18 14:27:47,681] {processor.py:641} INFO - Processing file /home/airflow/.local/lib/python3.7/site-packages/airflow/example_dags/tutorial_etl_dag.py for tasks to queue
[2022-05-18 14:27:47,682] {logging_mixin.py:115} INFO - [2022-05-18 14:27:47,682] {dagbag.py:507} INFO - Filling up the DagBag from /home/airflow/.local/lib/python3.7/site-packages/airflow/example_dags/tutorial_etl_dag.py
[2022-05-18 14:27:47,692] {processor.py:651} INFO - DAG(s) dict_keys(['tutorial_etl_dag']) retrieved from /home/airflow/.local/lib/python3.7/site-packages/airflow/example_dags/tutorial_etl_dag.py
[2022-05-18 14:27:47,721] {logging_mixin.py:115} INFO - [2022-05-18 14:27:47,721] {dag.py:2371} INFO - Sync 1 DAGs
[2022-05-18 14:27:47,750] {logging_mixin.py:115} INFO - [2022-05-18 14:27:47,750] {dag.py:2919} INFO - Setting next_dagrun for tutorial_etl_dag to None, run_after=None
[2022-05-18 14:27:47,792] {processor.py:161} INFO - Processing /home/airflow/.local/lib/python3.7/site-packages/airflow/example_dags/tutorial_etl_dag.py took 0.129 seconds
[2022-05-18 14:28:18,814] {processor.py:153} INFO - Started process (PID=710) to work on /home/airflow/.local/lib/python3.7/site-packages/airflow/example_dags/tutorial_etl_dag.py
[2022-05-18 14:28:18,815] {processor.py:641} INFO - Processing file /home/airflow/.local/lib/python3.7/site-packages/airflow/example_dags/tutorial_etl_dag.py for tasks to queue
[2022-05-18 14:28:18,816] {logging_mixin.py:115} INFO - [2022-05-18 14:28:18,816] {dagbag.py:507} INFO - Filling up the DagBag from /home/airflow/.local/lib/python3.7/site-packages/airflow/example_dags/tutorial_etl_dag.py
[2022-05-18 14:28:18,828] {processor.py:651} INFO - DAG(s) dict_keys(['tutorial_etl_dag']) retrieved from /home/airflow/.local/lib/python3.7/site-packages/airflow/example_dags/tutorial_etl_dag.py
[2022-05-18 14:28:18,867] {logging_mixin.py:115} INFO - [2022-05-18 14:28:18,867] {dag.py:2371} INFO - Sync 1 DAGs
[2022-05-18 14:28:18,901] {logging_mixin.py:115} INFO - [2022-05-18 14:28:18,900] {dag.py:2919} INFO - Setting next_dagrun for tutorial_etl_dag to None, run_after=None
[2022-05-18 14:28:18,945] {processor.py:161} INFO - Processing /home/airflow/.local/lib/python3.7/site-packages/airflow/example_dags/tutorial_etl_dag.py took 0.136 seconds
[2022-05-18 14:28:49,914] {processor.py:153} INFO - Started process (PID=774) to work on /home/airflow/.local/lib/python3.7/site-packages/airflow/example_dags/tutorial_etl_dag.py
[2022-05-18 14:28:49,926] {processor.py:641} INFO - Processing file /home/airflow/.local/lib/python3.7/site-packages/airflow/example_dags/tutorial_etl_dag.py for tasks to queue
[2022-05-18 14:28:49,927] {logging_mixin.py:115} INFO - [2022-05-18 14:28:49,927] {dagbag.py:507} INFO - Filling up the DagBag from /home/airflow/.local/lib/python3.7/site-packages/airflow/example_dags/tutorial_etl_dag.py
[2022-05-18 14:28:49,944] {processor.py:651} INFO - DAG(s) dict_keys(['tutorial_etl_dag']) retrieved from /home/airflow/.local/lib/python3.7/site-packages/airflow/example_dags/tutorial_etl_dag.py
[2022-05-18 14:28:49,988] {logging_mixin.py:115} INFO - [2022-05-18 14:28:49,987] {dag.py:2371} INFO - Sync 1 DAGs
[2022-05-18 14:28:50,025] {logging_mixin.py:115} INFO - [2022-05-18 14:28:50,025] {dag.py:2919} INFO - Setting next_dagrun for tutorial_etl_dag to None, run_after=None
[2022-05-18 14:28:50,074] {processor.py:161} INFO - Processing /home/airflow/.local/lib/python3.7/site-packages/airflow/example_dags/tutorial_etl_dag.py took 0.166 seconds
[2022-05-18 14:29:20,188] {processor.py:153} INFO - Started process (PID=828) to work on /home/airflow/.local/lib/python3.7/site-packages/airflow/example_dags/tutorial_etl_dag.py
[2022-05-18 14:29:20,189] {processor.py:641} INFO - Processing file /home/airflow/.local/lib/python3.7/site-packages/airflow/example_dags/tutorial_etl_dag.py for tasks to queue
[2022-05-18 14:29:20,189] {logging_mixin.py:115} INFO - [2022-05-18 14:29:20,189] {dagbag.py:507} INFO - Filling up the DagBag from /home/airflow/.local/lib/python3.7/site-packages/airflow/example_dags/tutorial_etl_dag.py
[2022-05-18 14:29:20,198] {processor.py:651} INFO - DAG(s) dict_keys(['tutorial_etl_dag']) retrieved from /home/airflow/.local/lib/python3.7/site-packages/airflow/example_dags/tutorial_etl_dag.py
[2022-05-18 14:29:20,230] {logging_mixin.py:115} INFO - [2022-05-18 14:29:20,230] {dag.py:2371} INFO - Sync 1 DAGs
[2022-05-18 14:29:20,263] {logging_mixin.py:115} INFO - [2022-05-18 14:29:20,263] {dag.py:2919} INFO - Setting next_dagrun for tutorial_etl_dag to None, run_after=None
[2022-05-18 14:29:20,322] {processor.py:161} INFO - Processing /home/airflow/.local/lib/python3.7/site-packages/airflow/example_dags/tutorial_etl_dag.py took 0.137 seconds
[2022-05-18 14:29:50,951] {processor.py:153} INFO - Started process (PID=881) to work on /home/airflow/.local/lib/python3.7/site-packages/airflow/example_dags/tutorial_etl_dag.py
[2022-05-18 14:29:50,969] {processor.py:641} INFO - Processing file /home/airflow/.local/lib/python3.7/site-packages/airflow/example_dags/tutorial_etl_dag.py for tasks to queue
[2022-05-18 14:29:50,971] {logging_mixin.py:115} INFO - [2022-05-18 14:29:50,971] {dagbag.py:507} INFO - Filling up the DagBag from /home/airflow/.local/lib/python3.7/site-packages/airflow/example_dags/tutorial_etl_dag.py
[2022-05-18 14:29:50,996] {processor.py:651} INFO - DAG(s) dict_keys(['tutorial_etl_dag']) retrieved from /home/airflow/.local/lib/python3.7/site-packages/airflow/example_dags/tutorial_etl_dag.py
[2022-05-18 14:29:51,080] {logging_mixin.py:115} INFO - [2022-05-18 14:29:51,080] {dag.py:2371} INFO - Sync 1 DAGs
[2022-05-18 14:29:51,120] {logging_mixin.py:115} INFO - [2022-05-18 14:29:51,120] {dag.py:2919} INFO - Setting next_dagrun for tutorial_etl_dag to None, run_after=None
[2022-05-18 14:29:51,154] {processor.py:161} INFO - Processing /home/airflow/.local/lib/python3.7/site-packages/airflow/example_dags/tutorial_etl_dag.py took 0.206 seconds
[2022-05-18 14:30:21,313] {processor.py:153} INFO - Started process (PID=945) to work on /home/airflow/.local/lib/python3.7/site-packages/airflow/example_dags/tutorial_etl_dag.py
[2022-05-18 14:30:21,313] {processor.py:641} INFO - Processing file /home/airflow/.local/lib/python3.7/site-packages/airflow/example_dags/tutorial_etl_dag.py for tasks to queue
[2022-05-18 14:30:21,314] {logging_mixin.py:115} INFO - [2022-05-18 14:30:21,313] {dagbag.py:507} INFO - Filling up the DagBag from /home/airflow/.local/lib/python3.7/site-packages/airflow/example_dags/tutorial_etl_dag.py
[2022-05-18 14:30:21,320] {processor.py:651} INFO - DAG(s) dict_keys(['tutorial_etl_dag']) retrieved from /home/airflow/.local/lib/python3.7/site-packages/airflow/example_dags/tutorial_etl_dag.py
[2022-05-18 14:30:21,347] {logging_mixin.py:115} INFO - [2022-05-18 14:30:21,347] {dag.py:2371} INFO - Sync 1 DAGs
[2022-05-18 14:30:21,371] {logging_mixin.py:115} INFO - [2022-05-18 14:30:21,371] {dag.py:2919} INFO - Setting next_dagrun for tutorial_etl_dag to None, run_after=None
[2022-05-18 14:30:21,420] {processor.py:161} INFO - Processing /home/airflow/.local/lib/python3.7/site-packages/airflow/example_dags/tutorial_etl_dag.py took 0.110 seconds
[2022-05-18 14:30:51,960] {processor.py:153} INFO - Started process (PID=1004) to work on /home/airflow/.local/lib/python3.7/site-packages/airflow/example_dags/tutorial_etl_dag.py
[2022-05-18 14:30:51,961] {processor.py:641} INFO - Processing file /home/airflow/.local/lib/python3.7/site-packages/airflow/example_dags/tutorial_etl_dag.py for tasks to queue
[2022-05-18 14:30:51,961] {logging_mixin.py:115} INFO - [2022-05-18 14:30:51,961] {dagbag.py:507} INFO - Filling up the DagBag from /home/airflow/.local/lib/python3.7/site-packages/airflow/example_dags/tutorial_etl_dag.py
[2022-05-18 14:30:51,968] {processor.py:651} INFO - DAG(s) dict_keys(['tutorial_etl_dag']) retrieved from /home/airflow/.local/lib/python3.7/site-packages/airflow/example_dags/tutorial_etl_dag.py
[2022-05-18 14:30:51,994] {logging_mixin.py:115} INFO - [2022-05-18 14:30:51,994] {dag.py:2371} INFO - Sync 1 DAGs
[2022-05-18 14:30:52,018] {logging_mixin.py:115} INFO - [2022-05-18 14:30:52,018] {dag.py:2919} INFO - Setting next_dagrun for tutorial_etl_dag to None, run_after=None
[2022-05-18 14:30:52,058] {processor.py:161} INFO - Processing /home/airflow/.local/lib/python3.7/site-packages/airflow/example_dags/tutorial_etl_dag.py took 0.101 seconds
[2022-05-18 14:31:23,103] {processor.py:153} INFO - Started process (PID=1059) to work on /home/airflow/.local/lib/python3.7/site-packages/airflow/example_dags/tutorial_etl_dag.py
[2022-05-18 14:31:23,104] {processor.py:641} INFO - Processing file /home/airflow/.local/lib/python3.7/site-packages/airflow/example_dags/tutorial_etl_dag.py for tasks to queue
[2022-05-18 14:31:23,105] {logging_mixin.py:115} INFO - [2022-05-18 14:31:23,105] {dagbag.py:507} INFO - Filling up the DagBag from /home/airflow/.local/lib/python3.7/site-packages/airflow/example_dags/tutorial_etl_dag.py
[2022-05-18 14:31:23,118] {processor.py:651} INFO - DAG(s) dict_keys(['tutorial_etl_dag']) retrieved from /home/airflow/.local/lib/python3.7/site-packages/airflow/example_dags/tutorial_etl_dag.py
[2022-05-18 14:31:23,160] {logging_mixin.py:115} INFO - [2022-05-18 14:31:23,159] {dag.py:2371} INFO - Sync 1 DAGs
[2022-05-18 14:31:23,192] {logging_mixin.py:115} INFO - [2022-05-18 14:31:23,192] {dag.py:2919} INFO - Setting next_dagrun for tutorial_etl_dag to None, run_after=None
[2022-05-18 14:31:23,237] {processor.py:161} INFO - Processing /home/airflow/.local/lib/python3.7/site-packages/airflow/example_dags/tutorial_etl_dag.py took 0.140 seconds
[2022-05-18 14:31:53,756] {processor.py:153} INFO - Started process (PID=1120) to work on /home/airflow/.local/lib/python3.7/site-packages/airflow/example_dags/tutorial_etl_dag.py
[2022-05-18 14:31:53,777] {processor.py:641} INFO - Processing file /home/airflow/.local/lib/python3.7/site-packages/airflow/example_dags/tutorial_etl_dag.py for tasks to queue
[2022-05-18 14:31:53,778] {logging_mixin.py:115} INFO - [2022-05-18 14:31:53,778] {dagbag.py:507} INFO - Filling up the DagBag from /home/airflow/.local/lib/python3.7/site-packages/airflow/example_dags/tutorial_etl_dag.py
[2022-05-18 14:31:53,785] {processor.py:651} INFO - DAG(s) dict_keys(['tutorial_etl_dag']) retrieved from /home/airflow/.local/lib/python3.7/site-packages/airflow/example_dags/tutorial_etl_dag.py
[2022-05-18 14:31:53,811] {logging_mixin.py:115} INFO - [2022-05-18 14:31:53,811] {dag.py:2371} INFO - Sync 1 DAGs
[2022-05-18 14:31:53,834] {logging_mixin.py:115} INFO - [2022-05-18 14:31:53,834] {dag.py:2919} INFO - Setting next_dagrun for tutorial_etl_dag to None, run_after=None
[2022-05-18 14:31:53,878] {processor.py:161} INFO - Processing /home/airflow/.local/lib/python3.7/site-packages/airflow/example_dags/tutorial_etl_dag.py took 0.124 seconds
[2022-05-18 14:32:25,056] {processor.py:153} INFO - Started process (PID=1172) to work on /home/airflow/.local/lib/python3.7/site-packages/airflow/example_dags/tutorial_etl_dag.py
[2022-05-18 14:32:25,070] {processor.py:641} INFO - Processing file /home/airflow/.local/lib/python3.7/site-packages/airflow/example_dags/tutorial_etl_dag.py for tasks to queue
[2022-05-18 14:32:25,071] {logging_mixin.py:115} INFO - [2022-05-18 14:32:25,071] {dagbag.py:507} INFO - Filling up the DagBag from /home/airflow/.local/lib/python3.7/site-packages/airflow/example_dags/tutorial_etl_dag.py
[2022-05-18 14:32:25,078] {processor.py:651} INFO - DAG(s) dict_keys(['tutorial_etl_dag']) retrieved from /home/airflow/.local/lib/python3.7/site-packages/airflow/example_dags/tutorial_etl_dag.py
[2022-05-18 14:32:25,110] {logging_mixin.py:115} INFO - [2022-05-18 14:32:25,110] {dag.py:2371} INFO - Sync 1 DAGs
[2022-05-18 14:32:25,138] {logging_mixin.py:115} INFO - [2022-05-18 14:32:25,138] {dag.py:2919} INFO - Setting next_dagrun for tutorial_etl_dag to None, run_after=None
[2022-05-18 14:32:25,187] {processor.py:161} INFO - Processing /home/airflow/.local/lib/python3.7/site-packages/airflow/example_dags/tutorial_etl_dag.py took 0.133 seconds
[2022-05-18 14:32:55,982] {processor.py:153} INFO - Started process (PID=1233) to work on /home/airflow/.local/lib/python3.7/site-packages/airflow/example_dags/tutorial_etl_dag.py
[2022-05-18 14:32:55,998] {processor.py:641} INFO - Processing file /home/airflow/.local/lib/python3.7/site-packages/airflow/example_dags/tutorial_etl_dag.py for tasks to queue
[2022-05-18 14:32:55,998] {logging_mixin.py:115} INFO - [2022-05-18 14:32:55,998] {dagbag.py:507} INFO - Filling up the DagBag from /home/airflow/.local/lib/python3.7/site-packages/airflow/example_dags/tutorial_etl_dag.py
[2022-05-18 14:32:56,005] {processor.py:651} INFO - DAG(s) dict_keys(['tutorial_etl_dag']) retrieved from /home/airflow/.local/lib/python3.7/site-packages/airflow/example_dags/tutorial_etl_dag.py
[2022-05-18 14:32:56,038] {logging_mixin.py:115} INFO - [2022-05-18 14:32:56,037] {dag.py:2371} INFO - Sync 1 DAGs
[2022-05-18 14:32:56,070] {logging_mixin.py:115} INFO - [2022-05-18 14:32:56,070] {dag.py:2919} INFO - Setting next_dagrun for tutorial_etl_dag to None, run_after=None
[2022-05-18 14:32:56,120] {processor.py:161} INFO - Processing /home/airflow/.local/lib/python3.7/site-packages/airflow/example_dags/tutorial_etl_dag.py took 0.142 seconds
[2022-05-18 14:33:26,605] {processor.py:153} INFO - Started process (PID=1285) to work on /home/airflow/.local/lib/python3.7/site-packages/airflow/example_dags/tutorial_etl_dag.py
[2022-05-18 14:33:26,629] {processor.py:641} INFO - Processing file /home/airflow/.local/lib/python3.7/site-packages/airflow/example_dags/tutorial_etl_dag.py for tasks to queue
[2022-05-18 14:33:26,630] {logging_mixin.py:115} INFO - [2022-05-18 14:33:26,630] {dagbag.py:507} INFO - Filling up the DagBag from /home/airflow/.local/lib/python3.7/site-packages/airflow/example_dags/tutorial_etl_dag.py
[2022-05-18 14:33:26,638] {processor.py:651} INFO - DAG(s) dict_keys(['tutorial_etl_dag']) retrieved from /home/airflow/.local/lib/python3.7/site-packages/airflow/example_dags/tutorial_etl_dag.py
[2022-05-18 14:33:26,666] {logging_mixin.py:115} INFO - [2022-05-18 14:33:26,666] {dag.py:2371} INFO - Sync 1 DAGs
[2022-05-18 14:33:26,694] {logging_mixin.py:115} INFO - [2022-05-18 14:33:26,694] {dag.py:2919} INFO - Setting next_dagrun for tutorial_etl_dag to None, run_after=None
[2022-05-18 14:33:26,738] {processor.py:161} INFO - Processing /home/airflow/.local/lib/python3.7/site-packages/airflow/example_dags/tutorial_etl_dag.py took 0.136 seconds
[2022-05-18 14:33:56,835] {processor.py:153} INFO - Started process (PID=1346) to work on /home/airflow/.local/lib/python3.7/site-packages/airflow/example_dags/tutorial_etl_dag.py
[2022-05-18 14:33:56,836] {processor.py:641} INFO - Processing file /home/airflow/.local/lib/python3.7/site-packages/airflow/example_dags/tutorial_etl_dag.py for tasks to queue
[2022-05-18 14:33:56,837] {logging_mixin.py:115} INFO - [2022-05-18 14:33:56,836] {dagbag.py:507} INFO - Filling up the DagBag from /home/airflow/.local/lib/python3.7/site-packages/airflow/example_dags/tutorial_etl_dag.py
[2022-05-18 14:33:56,845] {processor.py:651} INFO - DAG(s) dict_keys(['tutorial_etl_dag']) retrieved from /home/airflow/.local/lib/python3.7/site-packages/airflow/example_dags/tutorial_etl_dag.py
[2022-05-18 14:33:56,872] {logging_mixin.py:115} INFO - [2022-05-18 14:33:56,871] {dag.py:2371} INFO - Sync 1 DAGs
[2022-05-18 14:33:56,896] {logging_mixin.py:115} INFO - [2022-05-18 14:33:56,896] {dag.py:2919} INFO - Setting next_dagrun for tutorial_etl_dag to None, run_after=None
[2022-05-18 14:33:56,939] {processor.py:161} INFO - Processing /home/airflow/.local/lib/python3.7/site-packages/airflow/example_dags/tutorial_etl_dag.py took 0.107 seconds
[2022-05-18 14:34:27,069] {processor.py:153} INFO - Started process (PID=1400) to work on /home/airflow/.local/lib/python3.7/site-packages/airflow/example_dags/tutorial_etl_dag.py
[2022-05-18 14:34:27,070] {processor.py:641} INFO - Processing file /home/airflow/.local/lib/python3.7/site-packages/airflow/example_dags/tutorial_etl_dag.py for tasks to queue
[2022-05-18 14:34:27,070] {logging_mixin.py:115} INFO - [2022-05-18 14:34:27,070] {dagbag.py:507} INFO - Filling up the DagBag from /home/airflow/.local/lib/python3.7/site-packages/airflow/example_dags/tutorial_etl_dag.py
[2022-05-18 14:34:27,077] {processor.py:651} INFO - DAG(s) dict_keys(['tutorial_etl_dag']) retrieved from /home/airflow/.local/lib/python3.7/site-packages/airflow/example_dags/tutorial_etl_dag.py
[2022-05-18 14:34:27,103] {logging_mixin.py:115} INFO - [2022-05-18 14:34:27,103] {dag.py:2371} INFO - Sync 1 DAGs
[2022-05-18 14:34:27,127] {logging_mixin.py:115} INFO - [2022-05-18 14:34:27,127] {dag.py:2919} INFO - Setting next_dagrun for tutorial_etl_dag to None, run_after=None
[2022-05-18 14:34:27,198] {processor.py:161} INFO - Processing /home/airflow/.local/lib/python3.7/site-packages/airflow/example_dags/tutorial_etl_dag.py took 0.131 seconds
[2022-05-18 14:34:57,439] {processor.py:153} INFO - Started process (PID=1464) to work on /home/airflow/.local/lib/python3.7/site-packages/airflow/example_dags/tutorial_etl_dag.py
[2022-05-18 14:34:57,439] {processor.py:641} INFO - Processing file /home/airflow/.local/lib/python3.7/site-packages/airflow/example_dags/tutorial_etl_dag.py for tasks to queue
[2022-05-18 14:34:57,440] {logging_mixin.py:115} INFO - [2022-05-18 14:34:57,440] {dagbag.py:507} INFO - Filling up the DagBag from /home/airflow/.local/lib/python3.7/site-packages/airflow/example_dags/tutorial_etl_dag.py
[2022-05-18 14:34:57,448] {processor.py:651} INFO - DAG(s) dict_keys(['tutorial_etl_dag']) retrieved from /home/airflow/.local/lib/python3.7/site-packages/airflow/example_dags/tutorial_etl_dag.py
[2022-05-18 14:34:57,479] {logging_mixin.py:115} INFO - [2022-05-18 14:34:57,479] {dag.py:2371} INFO - Sync 1 DAGs
[2022-05-18 14:34:57,510] {logging_mixin.py:115} INFO - [2022-05-18 14:34:57,510] {dag.py:2919} INFO - Setting next_dagrun for tutorial_etl_dag to None, run_after=None
[2022-05-18 14:34:57,556] {processor.py:161} INFO - Processing /home/airflow/.local/lib/python3.7/site-packages/airflow/example_dags/tutorial_etl_dag.py took 0.120 seconds
[2022-05-18 14:35:28,044] {processor.py:153} INFO - Started process (PID=1519) to work on /home/airflow/.local/lib/python3.7/site-packages/airflow/example_dags/tutorial_etl_dag.py
[2022-05-18 14:35:28,044] {processor.py:641} INFO - Processing file /home/airflow/.local/lib/python3.7/site-packages/airflow/example_dags/tutorial_etl_dag.py for tasks to queue
[2022-05-18 14:35:28,045] {logging_mixin.py:115} INFO - [2022-05-18 14:35:28,045] {dagbag.py:507} INFO - Filling up the DagBag from /home/airflow/.local/lib/python3.7/site-packages/airflow/example_dags/tutorial_etl_dag.py
[2022-05-18 14:35:28,054] {processor.py:651} INFO - DAG(s) dict_keys(['tutorial_etl_dag']) retrieved from /home/airflow/.local/lib/python3.7/site-packages/airflow/example_dags/tutorial_etl_dag.py
[2022-05-18 14:35:28,083] {logging_mixin.py:115} INFO - [2022-05-18 14:35:28,083] {dag.py:2371} INFO - Sync 1 DAGs
[2022-05-18 14:35:28,109] {logging_mixin.py:115} INFO - [2022-05-18 14:35:28,108] {dag.py:2919} INFO - Setting next_dagrun for tutorial_etl_dag to None, run_after=None
[2022-05-18 14:35:28,169] {processor.py:161} INFO - Processing /home/airflow/.local/lib/python3.7/site-packages/airflow/example_dags/tutorial_etl_dag.py took 0.131 seconds
[2022-05-18 14:35:58,560] {processor.py:153} INFO - Started process (PID=1582) to work on /home/airflow/.local/lib/python3.7/site-packages/airflow/example_dags/tutorial_etl_dag.py
[2022-05-18 14:35:58,564] {processor.py:641} INFO - Processing file /home/airflow/.local/lib/python3.7/site-packages/airflow/example_dags/tutorial_etl_dag.py for tasks to queue
[2022-05-18 14:35:58,564] {logging_mixin.py:115} INFO - [2022-05-18 14:35:58,564] {dagbag.py:507} INFO - Filling up the DagBag from /home/airflow/.local/lib/python3.7/site-packages/airflow/example_dags/tutorial_etl_dag.py
[2022-05-18 14:35:58,571] {processor.py:651} INFO - DAG(s) dict_keys(['tutorial_etl_dag']) retrieved from /home/airflow/.local/lib/python3.7/site-packages/airflow/example_dags/tutorial_etl_dag.py
[2022-05-18 14:35:58,596] {logging_mixin.py:115} INFO - [2022-05-18 14:35:58,596] {dag.py:2371} INFO - Sync 1 DAGs
[2022-05-18 14:35:58,624] {logging_mixin.py:115} INFO - [2022-05-18 14:35:58,624] {dag.py:2919} INFO - Setting next_dagrun for tutorial_etl_dag to None, run_after=None
[2022-05-18 14:35:58,662] {processor.py:161} INFO - Processing /home/airflow/.local/lib/python3.7/site-packages/airflow/example_dags/tutorial_etl_dag.py took 0.105 seconds
[2022-05-18 14:36:28,818] {processor.py:153} INFO - Started process (PID=1643) to work on /home/airflow/.local/lib/python3.7/site-packages/airflow/example_dags/tutorial_etl_dag.py
[2022-05-18 14:36:28,819] {processor.py:641} INFO - Processing file /home/airflow/.local/lib/python3.7/site-packages/airflow/example_dags/tutorial_etl_dag.py for tasks to queue
[2022-05-18 14:36:28,819] {logging_mixin.py:115} INFO - [2022-05-18 14:36:28,819] {dagbag.py:507} INFO - Filling up the DagBag from /home/airflow/.local/lib/python3.7/site-packages/airflow/example_dags/tutorial_etl_dag.py
[2022-05-18 14:36:28,827] {processor.py:651} INFO - DAG(s) dict_keys(['tutorial_etl_dag']) retrieved from /home/airflow/.local/lib/python3.7/site-packages/airflow/example_dags/tutorial_etl_dag.py
[2022-05-18 14:36:28,857] {logging_mixin.py:115} INFO - [2022-05-18 14:36:28,857] {dag.py:2371} INFO - Sync 1 DAGs
[2022-05-18 14:36:28,890] {logging_mixin.py:115} INFO - [2022-05-18 14:36:28,890] {dag.py:2919} INFO - Setting next_dagrun for tutorial_etl_dag to None, run_after=None
[2022-05-18 14:36:28,932] {processor.py:161} INFO - Processing /home/airflow/.local/lib/python3.7/site-packages/airflow/example_dags/tutorial_etl_dag.py took 0.117 seconds
[2022-05-18 14:36:58,970] {processor.py:153} INFO - Started process (PID=1699) to work on /home/airflow/.local/lib/python3.7/site-packages/airflow/example_dags/tutorial_etl_dag.py
[2022-05-18 14:36:58,971] {processor.py:641} INFO - Processing file /home/airflow/.local/lib/python3.7/site-packages/airflow/example_dags/tutorial_etl_dag.py for tasks to queue
[2022-05-18 14:36:58,971] {logging_mixin.py:115} INFO - [2022-05-18 14:36:58,971] {dagbag.py:507} INFO - Filling up the DagBag from /home/airflow/.local/lib/python3.7/site-packages/airflow/example_dags/tutorial_etl_dag.py
[2022-05-18 14:36:58,978] {processor.py:651} INFO - DAG(s) dict_keys(['tutorial_etl_dag']) retrieved from /home/airflow/.local/lib/python3.7/site-packages/airflow/example_dags/tutorial_etl_dag.py
[2022-05-18 14:36:59,002] {logging_mixin.py:115} INFO - [2022-05-18 14:36:59,002] {dag.py:2371} INFO - Sync 1 DAGs
[2022-05-18 14:36:59,027] {logging_mixin.py:115} INFO - [2022-05-18 14:36:59,027] {dag.py:2919} INFO - Setting next_dagrun for tutorial_etl_dag to None, run_after=None
[2022-05-18 14:36:59,081] {processor.py:161} INFO - Processing /home/airflow/.local/lib/python3.7/site-packages/airflow/example_dags/tutorial_etl_dag.py took 0.113 seconds
[2022-05-18 14:37:29,472] {processor.py:153} INFO - Started process (PID=1759) to work on /home/airflow/.local/lib/python3.7/site-packages/airflow/example_dags/tutorial_etl_dag.py
[2022-05-18 14:37:29,474] {processor.py:641} INFO - Processing file /home/airflow/.local/lib/python3.7/site-packages/airflow/example_dags/tutorial_etl_dag.py for tasks to queue
[2022-05-18 14:37:29,475] {logging_mixin.py:115} INFO - [2022-05-18 14:37:29,475] {dagbag.py:507} INFO - Filling up the DagBag from /home/airflow/.local/lib/python3.7/site-packages/airflow/example_dags/tutorial_etl_dag.py
[2022-05-18 14:37:29,483] {processor.py:651} INFO - DAG(s) dict_keys(['tutorial_etl_dag']) retrieved from /home/airflow/.local/lib/python3.7/site-packages/airflow/example_dags/tutorial_etl_dag.py
[2022-05-18 14:37:29,519] {logging_mixin.py:115} INFO - [2022-05-18 14:37:29,519] {dag.py:2371} INFO - Sync 1 DAGs
[2022-05-18 14:37:29,548] {logging_mixin.py:115} INFO - [2022-05-18 14:37:29,548] {dag.py:2919} INFO - Setting next_dagrun for tutorial_etl_dag to None, run_after=None
[2022-05-18 14:37:29,585] {processor.py:161} INFO - Processing /home/airflow/.local/lib/python3.7/site-packages/airflow/example_dags/tutorial_etl_dag.py took 0.116 seconds
[2022-05-18 14:38:00,929] {processor.py:153} INFO - Started process (PID=1815) to work on /home/airflow/.local/lib/python3.7/site-packages/airflow/example_dags/tutorial_etl_dag.py
[2022-05-18 14:38:00,931] {processor.py:641} INFO - Processing file /home/airflow/.local/lib/python3.7/site-packages/airflow/example_dags/tutorial_etl_dag.py for tasks to queue
[2022-05-18 14:38:00,931] {logging_mixin.py:115} INFO - [2022-05-18 14:38:00,931] {dagbag.py:507} INFO - Filling up the DagBag from /home/airflow/.local/lib/python3.7/site-packages/airflow/example_dags/tutorial_etl_dag.py
[2022-05-18 14:38:00,939] {processor.py:651} INFO - DAG(s) dict_keys(['tutorial_etl_dag']) retrieved from /home/airflow/.local/lib/python3.7/site-packages/airflow/example_dags/tutorial_etl_dag.py
[2022-05-18 14:38:00,964] {logging_mixin.py:115} INFO - [2022-05-18 14:38:00,964] {dag.py:2371} INFO - Sync 1 DAGs
[2022-05-18 14:38:00,987] {logging_mixin.py:115} INFO - [2022-05-18 14:38:00,987] {dag.py:2919} INFO - Setting next_dagrun for tutorial_etl_dag to None, run_after=None
[2022-05-18 14:38:01,029] {processor.py:161} INFO - Processing /home/airflow/.local/lib/python3.7/site-packages/airflow/example_dags/tutorial_etl_dag.py took 0.102 seconds
[2022-05-18 14:38:31,708] {processor.py:153} INFO - Started process (PID=1875) to work on /home/airflow/.local/lib/python3.7/site-packages/airflow/example_dags/tutorial_etl_dag.py
[2022-05-18 14:38:31,763] {processor.py:641} INFO - Processing file /home/airflow/.local/lib/python3.7/site-packages/airflow/example_dags/tutorial_etl_dag.py for tasks to queue
[2022-05-18 14:38:31,764] {logging_mixin.py:115} INFO - [2022-05-18 14:38:31,764] {dagbag.py:507} INFO - Filling up the DagBag from /home/airflow/.local/lib/python3.7/site-packages/airflow/example_dags/tutorial_etl_dag.py
[2022-05-18 14:38:31,827] {processor.py:651} INFO - DAG(s) dict_keys(['tutorial_etl_dag']) retrieved from /home/airflow/.local/lib/python3.7/site-packages/airflow/example_dags/tutorial_etl_dag.py
[2022-05-18 14:38:31,912] {logging_mixin.py:115} INFO - [2022-05-18 14:38:31,912] {dag.py:2371} INFO - Sync 1 DAGs
[2022-05-18 14:38:31,984] {logging_mixin.py:115} INFO - [2022-05-18 14:38:31,984] {dag.py:2919} INFO - Setting next_dagrun for tutorial_etl_dag to None, run_after=None
[2022-05-18 14:38:32,096] {processor.py:161} INFO - Processing /home/airflow/.local/lib/python3.7/site-packages/airflow/example_dags/tutorial_etl_dag.py took 0.393 seconds
[2022-05-18 14:39:02,208] {processor.py:153} INFO - Started process (PID=1929) to work on /home/airflow/.local/lib/python3.7/site-packages/airflow/example_dags/tutorial_etl_dag.py
[2022-05-18 14:39:02,209] {processor.py:641} INFO - Processing file /home/airflow/.local/lib/python3.7/site-packages/airflow/example_dags/tutorial_etl_dag.py for tasks to queue
[2022-05-18 14:39:02,211] {logging_mixin.py:115} INFO - [2022-05-18 14:39:02,210] {dagbag.py:507} INFO - Filling up the DagBag from /home/airflow/.local/lib/python3.7/site-packages/airflow/example_dags/tutorial_etl_dag.py
[2022-05-18 14:39:02,233] {processor.py:651} INFO - DAG(s) dict_keys(['tutorial_etl_dag']) retrieved from /home/airflow/.local/lib/python3.7/site-packages/airflow/example_dags/tutorial_etl_dag.py
[2022-05-18 14:39:02,271] {logging_mixin.py:115} INFO - [2022-05-18 14:39:02,270] {dag.py:2371} INFO - Sync 1 DAGs
[2022-05-18 14:39:02,303] {logging_mixin.py:115} INFO - [2022-05-18 14:39:02,302] {dag.py:2919} INFO - Setting next_dagrun for tutorial_etl_dag to None, run_after=None
[2022-05-18 14:39:02,344] {processor.py:161} INFO - Processing /home/airflow/.local/lib/python3.7/site-packages/airflow/example_dags/tutorial_etl_dag.py took 0.146 seconds
[2022-05-18 14:39:33,319] {processor.py:153} INFO - Started process (PID=1981) to work on /home/airflow/.local/lib/python3.7/site-packages/airflow/example_dags/tutorial_etl_dag.py
[2022-05-18 14:39:33,330] {processor.py:641} INFO - Processing file /home/airflow/.local/lib/python3.7/site-packages/airflow/example_dags/tutorial_etl_dag.py for tasks to queue
[2022-05-18 14:39:33,330] {logging_mixin.py:115} INFO - [2022-05-18 14:39:33,330] {dagbag.py:507} INFO - Filling up the DagBag from /home/airflow/.local/lib/python3.7/site-packages/airflow/example_dags/tutorial_etl_dag.py
[2022-05-18 14:39:33,339] {processor.py:651} INFO - DAG(s) dict_keys(['tutorial_etl_dag']) retrieved from /home/airflow/.local/lib/python3.7/site-packages/airflow/example_dags/tutorial_etl_dag.py
[2022-05-18 14:39:33,366] {logging_mixin.py:115} INFO - [2022-05-18 14:39:33,366] {dag.py:2371} INFO - Sync 1 DAGs
[2022-05-18 14:39:33,396] {logging_mixin.py:115} INFO - [2022-05-18 14:39:33,396] {dag.py:2919} INFO - Setting next_dagrun for tutorial_etl_dag to None, run_after=None
[2022-05-18 14:39:33,450] {processor.py:161} INFO - Processing /home/airflow/.local/lib/python3.7/site-packages/airflow/example_dags/tutorial_etl_dag.py took 0.135 seconds
[2022-05-18 14:40:04,325] {processor.py:153} INFO - Started process (PID=2043) to work on /home/airflow/.local/lib/python3.7/site-packages/airflow/example_dags/tutorial_etl_dag.py
[2022-05-18 14:40:04,354] {processor.py:641} INFO - Processing file /home/airflow/.local/lib/python3.7/site-packages/airflow/example_dags/tutorial_etl_dag.py for tasks to queue
[2022-05-18 14:40:04,355] {logging_mixin.py:115} INFO - [2022-05-18 14:40:04,354] {dagbag.py:507} INFO - Filling up the DagBag from /home/airflow/.local/lib/python3.7/site-packages/airflow/example_dags/tutorial_etl_dag.py
[2022-05-18 14:40:04,363] {processor.py:651} INFO - DAG(s) dict_keys(['tutorial_etl_dag']) retrieved from /home/airflow/.local/lib/python3.7/site-packages/airflow/example_dags/tutorial_etl_dag.py
[2022-05-18 14:40:04,395] {logging_mixin.py:115} INFO - [2022-05-18 14:40:04,394] {dag.py:2371} INFO - Sync 1 DAGs
[2022-05-18 14:40:04,429] {logging_mixin.py:115} INFO - [2022-05-18 14:40:04,428] {dag.py:2919} INFO - Setting next_dagrun for tutorial_etl_dag to None, run_after=None
[2022-05-18 14:40:04,469] {processor.py:161} INFO - Processing /home/airflow/.local/lib/python3.7/site-packages/airflow/example_dags/tutorial_etl_dag.py took 0.148 seconds
[2022-05-18 14:40:35,559] {processor.py:153} INFO - Started process (PID=2097) to work on /home/airflow/.local/lib/python3.7/site-packages/airflow/example_dags/tutorial_etl_dag.py
[2022-05-18 14:40:35,568] {processor.py:641} INFO - Processing file /home/airflow/.local/lib/python3.7/site-packages/airflow/example_dags/tutorial_etl_dag.py for tasks to queue
[2022-05-18 14:40:35,568] {logging_mixin.py:115} INFO - [2022-05-18 14:40:35,568] {dagbag.py:507} INFO - Filling up the DagBag from /home/airflow/.local/lib/python3.7/site-packages/airflow/example_dags/tutorial_etl_dag.py
[2022-05-18 14:40:35,576] {processor.py:651} INFO - DAG(s) dict_keys(['tutorial_etl_dag']) retrieved from /home/airflow/.local/lib/python3.7/site-packages/airflow/example_dags/tutorial_etl_dag.py
[2022-05-18 14:40:35,605] {logging_mixin.py:115} INFO - [2022-05-18 14:40:35,605] {dag.py:2371} INFO - Sync 1 DAGs
[2022-05-18 14:40:35,644] {logging_mixin.py:115} INFO - [2022-05-18 14:40:35,644] {dag.py:2919} INFO - Setting next_dagrun for tutorial_etl_dag to None, run_after=None
[2022-05-18 14:40:35,685] {processor.py:161} INFO - Processing /home/airflow/.local/lib/python3.7/site-packages/airflow/example_dags/tutorial_etl_dag.py took 0.130 seconds
[2022-05-18 14:41:06,051] {processor.py:153} INFO - Started process (PID=2159) to work on /home/airflow/.local/lib/python3.7/site-packages/airflow/example_dags/tutorial_etl_dag.py
[2022-05-18 14:41:06,051] {processor.py:641} INFO - Processing file /home/airflow/.local/lib/python3.7/site-packages/airflow/example_dags/tutorial_etl_dag.py for tasks to queue
[2022-05-18 14:41:06,052] {logging_mixin.py:115} INFO - [2022-05-18 14:41:06,051] {dagbag.py:507} INFO - Filling up the DagBag from /home/airflow/.local/lib/python3.7/site-packages/airflow/example_dags/tutorial_etl_dag.py
[2022-05-18 14:41:06,059] {processor.py:651} INFO - DAG(s) dict_keys(['tutorial_etl_dag']) retrieved from /home/airflow/.local/lib/python3.7/site-packages/airflow/example_dags/tutorial_etl_dag.py
[2022-05-18 14:41:06,091] {logging_mixin.py:115} INFO - [2022-05-18 14:41:06,091] {dag.py:2371} INFO - Sync 1 DAGs
[2022-05-18 14:41:06,121] {logging_mixin.py:115} INFO - [2022-05-18 14:41:06,121] {dag.py:2919} INFO - Setting next_dagrun for tutorial_etl_dag to None, run_after=None
[2022-05-18 14:41:06,166] {processor.py:161} INFO - Processing /home/airflow/.local/lib/python3.7/site-packages/airflow/example_dags/tutorial_etl_dag.py took 0.118 seconds
[2022-05-18 14:41:41,824] {processor.py:153} INFO - Started process (PID=75) to work on /home/airflow/.local/lib/python3.7/site-packages/airflow/example_dags/tutorial_etl_dag.py
[2022-05-18 14:41:41,825] {processor.py:641} INFO - Processing file /home/airflow/.local/lib/python3.7/site-packages/airflow/example_dags/tutorial_etl_dag.py for tasks to queue
[2022-05-18 14:41:41,826] {logging_mixin.py:115} INFO - [2022-05-18 14:41:41,825] {dagbag.py:507} INFO - Filling up the DagBag from /home/airflow/.local/lib/python3.7/site-packages/airflow/example_dags/tutorial_etl_dag.py
[2022-05-18 14:41:41,840] {processor.py:651} INFO - DAG(s) dict_keys(['tutorial_etl_dag']) retrieved from /home/airflow/.local/lib/python3.7/site-packages/airflow/example_dags/tutorial_etl_dag.py
[2022-05-18 14:41:41,875] {logging_mixin.py:115} INFO - [2022-05-18 14:41:41,875] {dag.py:2371} INFO - Sync 1 DAGs
[2022-05-18 14:41:41,920] {logging_mixin.py:115} INFO - [2022-05-18 14:41:41,920] {dag.py:2919} INFO - Setting next_dagrun for tutorial_etl_dag to None, run_after=None
[2022-05-18 14:41:41,973] {processor.py:161} INFO - Processing /home/airflow/.local/lib/python3.7/site-packages/airflow/example_dags/tutorial_etl_dag.py took 0.153 seconds
[2022-05-18 14:42:12,228] {processor.py:153} INFO - Started process (PID=138) to work on /home/airflow/.local/lib/python3.7/site-packages/airflow/example_dags/tutorial_etl_dag.py
[2022-05-18 14:42:12,229] {processor.py:641} INFO - Processing file /home/airflow/.local/lib/python3.7/site-packages/airflow/example_dags/tutorial_etl_dag.py for tasks to queue
[2022-05-18 14:42:12,230] {logging_mixin.py:115} INFO - [2022-05-18 14:42:12,230] {dagbag.py:507} INFO - Filling up the DagBag from /home/airflow/.local/lib/python3.7/site-packages/airflow/example_dags/tutorial_etl_dag.py
[2022-05-18 14:42:12,247] {processor.py:651} INFO - DAG(s) dict_keys(['tutorial_etl_dag']) retrieved from /home/airflow/.local/lib/python3.7/site-packages/airflow/example_dags/tutorial_etl_dag.py
[2022-05-18 14:42:12,293] {logging_mixin.py:115} INFO - [2022-05-18 14:42:12,293] {dag.py:2371} INFO - Sync 1 DAGs
[2022-05-18 14:42:12,343] {logging_mixin.py:115} INFO - [2022-05-18 14:42:12,342] {dag.py:2919} INFO - Setting next_dagrun for tutorial_etl_dag to None, run_after=None
[2022-05-18 14:42:12,399] {processor.py:161} INFO - Processing /home/airflow/.local/lib/python3.7/site-packages/airflow/example_dags/tutorial_etl_dag.py took 0.180 seconds
[2022-05-18 14:42:43,290] {processor.py:153} INFO - Started process (PID=194) to work on /home/airflow/.local/lib/python3.7/site-packages/airflow/example_dags/tutorial_etl_dag.py
[2022-05-18 14:42:43,290] {processor.py:641} INFO - Processing file /home/airflow/.local/lib/python3.7/site-packages/airflow/example_dags/tutorial_etl_dag.py for tasks to queue
[2022-05-18 14:42:43,291] {logging_mixin.py:115} INFO - [2022-05-18 14:42:43,291] {dagbag.py:507} INFO - Filling up the DagBag from /home/airflow/.local/lib/python3.7/site-packages/airflow/example_dags/tutorial_etl_dag.py
[2022-05-18 14:42:43,305] {processor.py:651} INFO - DAG(s) dict_keys(['tutorial_etl_dag']) retrieved from /home/airflow/.local/lib/python3.7/site-packages/airflow/example_dags/tutorial_etl_dag.py
[2022-05-18 14:42:43,337] {logging_mixin.py:115} INFO - [2022-05-18 14:42:43,337] {dag.py:2371} INFO - Sync 1 DAGs
[2022-05-18 14:42:43,373] {logging_mixin.py:115} INFO - [2022-05-18 14:42:43,373] {dag.py:2919} INFO - Setting next_dagrun for tutorial_etl_dag to None, run_after=None
[2022-05-18 14:42:43,440] {processor.py:161} INFO - Processing /home/airflow/.local/lib/python3.7/site-packages/airflow/example_dags/tutorial_etl_dag.py took 0.153 seconds
[2022-05-18 14:43:13,688] {processor.py:153} INFO - Started process (PID=259) to work on /home/airflow/.local/lib/python3.7/site-packages/airflow/example_dags/tutorial_etl_dag.py
[2022-05-18 14:43:13,689] {processor.py:641} INFO - Processing file /home/airflow/.local/lib/python3.7/site-packages/airflow/example_dags/tutorial_etl_dag.py for tasks to queue
[2022-05-18 14:43:13,689] {logging_mixin.py:115} INFO - [2022-05-18 14:43:13,689] {dagbag.py:507} INFO - Filling up the DagBag from /home/airflow/.local/lib/python3.7/site-packages/airflow/example_dags/tutorial_etl_dag.py
[2022-05-18 14:43:13,698] {processor.py:651} INFO - DAG(s) dict_keys(['tutorial_etl_dag']) retrieved from /home/airflow/.local/lib/python3.7/site-packages/airflow/example_dags/tutorial_etl_dag.py
[2022-05-18 14:43:13,723] {logging_mixin.py:115} INFO - [2022-05-18 14:43:13,723] {dag.py:2371} INFO - Sync 1 DAGs
[2022-05-18 14:43:13,748] {logging_mixin.py:115} INFO - [2022-05-18 14:43:13,748] {dag.py:2919} INFO - Setting next_dagrun for tutorial_etl_dag to None, run_after=None
[2022-05-18 14:43:13,787] {processor.py:161} INFO - Processing /home/airflow/.local/lib/python3.7/site-packages/airflow/example_dags/tutorial_etl_dag.py took 0.102 seconds
[2022-05-18 14:43:44,299] {processor.py:153} INFO - Started process (PID=315) to work on /home/airflow/.local/lib/python3.7/site-packages/airflow/example_dags/tutorial_etl_dag.py
[2022-05-18 14:43:44,306] {processor.py:641} INFO - Processing file /home/airflow/.local/lib/python3.7/site-packages/airflow/example_dags/tutorial_etl_dag.py for tasks to queue
[2022-05-18 14:43:44,307] {logging_mixin.py:115} INFO - [2022-05-18 14:43:44,307] {dagbag.py:507} INFO - Filling up the DagBag from /home/airflow/.local/lib/python3.7/site-packages/airflow/example_dags/tutorial_etl_dag.py
[2022-05-18 14:43:44,319] {processor.py:651} INFO - DAG(s) dict_keys(['tutorial_etl_dag']) retrieved from /home/airflow/.local/lib/python3.7/site-packages/airflow/example_dags/tutorial_etl_dag.py
[2022-05-18 14:43:44,351] {logging_mixin.py:115} INFO - [2022-05-18 14:43:44,350] {dag.py:2371} INFO - Sync 1 DAGs
[2022-05-18 14:43:44,380] {logging_mixin.py:115} INFO - [2022-05-18 14:43:44,380] {dag.py:2919} INFO - Setting next_dagrun for tutorial_etl_dag to None, run_after=None
[2022-05-18 14:43:44,426] {processor.py:161} INFO - Processing /home/airflow/.local/lib/python3.7/site-packages/airflow/example_dags/tutorial_etl_dag.py took 0.130 seconds
[2022-05-18 14:44:15,663] {processor.py:153} INFO - Started process (PID=377) to work on /home/airflow/.local/lib/python3.7/site-packages/airflow/example_dags/tutorial_etl_dag.py
[2022-05-18 14:44:15,669] {processor.py:641} INFO - Processing file /home/airflow/.local/lib/python3.7/site-packages/airflow/example_dags/tutorial_etl_dag.py for tasks to queue
[2022-05-18 14:44:15,670] {logging_mixin.py:115} INFO - [2022-05-18 14:44:15,670] {dagbag.py:507} INFO - Filling up the DagBag from /home/airflow/.local/lib/python3.7/site-packages/airflow/example_dags/tutorial_etl_dag.py
[2022-05-18 14:44:15,699] {processor.py:651} INFO - DAG(s) dict_keys(['tutorial_etl_dag']) retrieved from /home/airflow/.local/lib/python3.7/site-packages/airflow/example_dags/tutorial_etl_dag.py
[2022-05-18 14:44:15,794] {logging_mixin.py:115} INFO - [2022-05-18 14:44:15,793] {dag.py:2371} INFO - Sync 1 DAGs
[2022-05-18 14:44:15,902] {logging_mixin.py:115} INFO - [2022-05-18 14:44:15,901] {dag.py:2919} INFO - Setting next_dagrun for tutorial_etl_dag to None, run_after=None
[2022-05-18 14:44:15,985] {processor.py:161} INFO - Processing /home/airflow/.local/lib/python3.7/site-packages/airflow/example_dags/tutorial_etl_dag.py took 0.334 seconds
[2022-05-18 14:44:46,441] {processor.py:153} INFO - Started process (PID=431) to work on /home/airflow/.local/lib/python3.7/site-packages/airflow/example_dags/tutorial_etl_dag.py
[2022-05-18 14:44:46,450] {processor.py:641} INFO - Processing file /home/airflow/.local/lib/python3.7/site-packages/airflow/example_dags/tutorial_etl_dag.py for tasks to queue
[2022-05-18 14:44:46,451] {logging_mixin.py:115} INFO - [2022-05-18 14:44:46,450] {dagbag.py:507} INFO - Filling up the DagBag from /home/airflow/.local/lib/python3.7/site-packages/airflow/example_dags/tutorial_etl_dag.py
[2022-05-18 14:44:46,468] {processor.py:651} INFO - DAG(s) dict_keys(['tutorial_etl_dag']) retrieved from /home/airflow/.local/lib/python3.7/site-packages/airflow/example_dags/tutorial_etl_dag.py
[2022-05-18 14:44:46,507] {logging_mixin.py:115} INFO - [2022-05-18 14:44:46,507] {dag.py:2371} INFO - Sync 1 DAGs
[2022-05-18 14:44:46,546] {logging_mixin.py:115} INFO - [2022-05-18 14:44:46,546] {dag.py:2919} INFO - Setting next_dagrun for tutorial_etl_dag to None, run_after=None
[2022-05-18 14:44:46,621] {processor.py:161} INFO - Processing /home/airflow/.local/lib/python3.7/site-packages/airflow/example_dags/tutorial_etl_dag.py took 0.184 seconds
[2022-05-18 14:45:17,209] {processor.py:153} INFO - Started process (PID=484) to work on /home/airflow/.local/lib/python3.7/site-packages/airflow/example_dags/tutorial_etl_dag.py
[2022-05-18 14:45:17,210] {processor.py:641} INFO - Processing file /home/airflow/.local/lib/python3.7/site-packages/airflow/example_dags/tutorial_etl_dag.py for tasks to queue
[2022-05-18 14:45:17,211] {logging_mixin.py:115} INFO - [2022-05-18 14:45:17,210] {dagbag.py:507} INFO - Filling up the DagBag from /home/airflow/.local/lib/python3.7/site-packages/airflow/example_dags/tutorial_etl_dag.py
[2022-05-18 14:45:17,227] {processor.py:651} INFO - DAG(s) dict_keys(['tutorial_etl_dag']) retrieved from /home/airflow/.local/lib/python3.7/site-packages/airflow/example_dags/tutorial_etl_dag.py
[2022-05-18 14:45:17,268] {logging_mixin.py:115} INFO - [2022-05-18 14:45:17,267] {dag.py:2371} INFO - Sync 1 DAGs
[2022-05-18 14:45:17,310] {logging_mixin.py:115} INFO - [2022-05-18 14:45:17,310] {dag.py:2919} INFO - Setting next_dagrun for tutorial_etl_dag to None, run_after=None
[2022-05-18 14:45:17,357] {processor.py:161} INFO - Processing /home/airflow/.local/lib/python3.7/site-packages/airflow/example_dags/tutorial_etl_dag.py took 0.152 seconds
[2022-05-18 14:45:47,721] {processor.py:153} INFO - Started process (PID=547) to work on /home/airflow/.local/lib/python3.7/site-packages/airflow/example_dags/tutorial_etl_dag.py
[2022-05-18 14:45:47,728] {processor.py:641} INFO - Processing file /home/airflow/.local/lib/python3.7/site-packages/airflow/example_dags/tutorial_etl_dag.py for tasks to queue
[2022-05-18 14:45:47,729] {logging_mixin.py:115} INFO - [2022-05-18 14:45:47,729] {dagbag.py:507} INFO - Filling up the DagBag from /home/airflow/.local/lib/python3.7/site-packages/airflow/example_dags/tutorial_etl_dag.py
[2022-05-18 14:45:47,749] {processor.py:651} INFO - DAG(s) dict_keys(['tutorial_etl_dag']) retrieved from /home/airflow/.local/lib/python3.7/site-packages/airflow/example_dags/tutorial_etl_dag.py
[2022-05-18 14:45:47,798] {logging_mixin.py:115} INFO - [2022-05-18 14:45:47,798] {dag.py:2371} INFO - Sync 1 DAGs
[2022-05-18 14:45:47,843] {logging_mixin.py:115} INFO - [2022-05-18 14:45:47,843] {dag.py:2919} INFO - Setting next_dagrun for tutorial_etl_dag to None, run_after=None
[2022-05-18 14:45:47,896] {processor.py:161} INFO - Processing /home/airflow/.local/lib/python3.7/site-packages/airflow/example_dags/tutorial_etl_dag.py took 0.180 seconds
[2022-05-18 14:46:18,046] {processor.py:153} INFO - Started process (PID=601) to work on /home/airflow/.local/lib/python3.7/site-packages/airflow/example_dags/tutorial_etl_dag.py
[2022-05-18 14:46:18,047] {processor.py:641} INFO - Processing file /home/airflow/.local/lib/python3.7/site-packages/airflow/example_dags/tutorial_etl_dag.py for tasks to queue
[2022-05-18 14:46:18,048] {logging_mixin.py:115} INFO - [2022-05-18 14:46:18,047] {dagbag.py:507} INFO - Filling up the DagBag from /home/airflow/.local/lib/python3.7/site-packages/airflow/example_dags/tutorial_etl_dag.py
[2022-05-18 14:46:18,065] {processor.py:651} INFO - DAG(s) dict_keys(['tutorial_etl_dag']) retrieved from /home/airflow/.local/lib/python3.7/site-packages/airflow/example_dags/tutorial_etl_dag.py
[2022-05-18 14:46:18,115] {logging_mixin.py:115} INFO - [2022-05-18 14:46:18,115] {dag.py:2371} INFO - Sync 1 DAGs
[2022-05-18 14:46:18,168] {logging_mixin.py:115} INFO - [2022-05-18 14:46:18,168] {dag.py:2919} INFO - Setting next_dagrun for tutorial_etl_dag to None, run_after=None
[2022-05-18 14:46:18,216] {processor.py:161} INFO - Processing /home/airflow/.local/lib/python3.7/site-packages/airflow/example_dags/tutorial_etl_dag.py took 0.175 seconds
[2022-05-18 14:46:49,046] {processor.py:153} INFO - Started process (PID=654) to work on /home/airflow/.local/lib/python3.7/site-packages/airflow/example_dags/tutorial_etl_dag.py
[2022-05-18 14:46:49,051] {processor.py:641} INFO - Processing file /home/airflow/.local/lib/python3.7/site-packages/airflow/example_dags/tutorial_etl_dag.py for tasks to queue
[2022-05-18 14:46:49,052] {logging_mixin.py:115} INFO - [2022-05-18 14:46:49,052] {dagbag.py:507} INFO - Filling up the DagBag from /home/airflow/.local/lib/python3.7/site-packages/airflow/example_dags/tutorial_etl_dag.py
[2022-05-18 14:46:49,068] {processor.py:651} INFO - DAG(s) dict_keys(['tutorial_etl_dag']) retrieved from /home/airflow/.local/lib/python3.7/site-packages/airflow/example_dags/tutorial_etl_dag.py
[2022-05-18 14:46:49,122] {logging_mixin.py:115} INFO - [2022-05-18 14:46:49,121] {dag.py:2371} INFO - Sync 1 DAGs
[2022-05-18 14:46:49,181] {logging_mixin.py:115} INFO - [2022-05-18 14:46:49,181] {dag.py:2919} INFO - Setting next_dagrun for tutorial_etl_dag to None, run_after=None
[2022-05-18 14:46:49,244] {processor.py:161} INFO - Processing /home/airflow/.local/lib/python3.7/site-packages/airflow/example_dags/tutorial_etl_dag.py took 0.203 seconds
[2022-05-18 14:47:20,094] {processor.py:153} INFO - Started process (PID=719) to work on /home/airflow/.local/lib/python3.7/site-packages/airflow/example_dags/tutorial_etl_dag.py
[2022-05-18 14:47:20,095] {processor.py:641} INFO - Processing file /home/airflow/.local/lib/python3.7/site-packages/airflow/example_dags/tutorial_etl_dag.py for tasks to queue
[2022-05-18 14:47:20,095] {logging_mixin.py:115} INFO - [2022-05-18 14:47:20,095] {dagbag.py:507} INFO - Filling up the DagBag from /home/airflow/.local/lib/python3.7/site-packages/airflow/example_dags/tutorial_etl_dag.py
[2022-05-18 14:47:20,106] {processor.py:651} INFO - DAG(s) dict_keys(['tutorial_etl_dag']) retrieved from /home/airflow/.local/lib/python3.7/site-packages/airflow/example_dags/tutorial_etl_dag.py
[2022-05-18 14:47:20,151] {logging_mixin.py:115} INFO - [2022-05-18 14:47:20,151] {dag.py:2371} INFO - Sync 1 DAGs
[2022-05-18 14:47:20,198] {logging_mixin.py:115} INFO - [2022-05-18 14:47:20,198] {dag.py:2919} INFO - Setting next_dagrun for tutorial_etl_dag to None, run_after=None
[2022-05-18 14:47:20,254] {processor.py:161} INFO - Processing /home/airflow/.local/lib/python3.7/site-packages/airflow/example_dags/tutorial_etl_dag.py took 0.165 seconds
[2022-05-18 14:47:50,740] {processor.py:153} INFO - Started process (PID=773) to work on /home/airflow/.local/lib/python3.7/site-packages/airflow/example_dags/tutorial_etl_dag.py
[2022-05-18 14:47:50,750] {processor.py:641} INFO - Processing file /home/airflow/.local/lib/python3.7/site-packages/airflow/example_dags/tutorial_etl_dag.py for tasks to queue
[2022-05-18 14:47:50,751] {logging_mixin.py:115} INFO - [2022-05-18 14:47:50,751] {dagbag.py:507} INFO - Filling up the DagBag from /home/airflow/.local/lib/python3.7/site-packages/airflow/example_dags/tutorial_etl_dag.py
[2022-05-18 14:47:50,763] {processor.py:651} INFO - DAG(s) dict_keys(['tutorial_etl_dag']) retrieved from /home/airflow/.local/lib/python3.7/site-packages/airflow/example_dags/tutorial_etl_dag.py
[2022-05-18 14:47:50,805] {logging_mixin.py:115} INFO - [2022-05-18 14:47:50,805] {dag.py:2371} INFO - Sync 1 DAGs
[2022-05-18 14:47:50,845] {logging_mixin.py:115} INFO - [2022-05-18 14:47:50,845] {dag.py:2919} INFO - Setting next_dagrun for tutorial_etl_dag to None, run_after=None
[2022-05-18 14:47:50,892] {processor.py:161} INFO - Processing /home/airflow/.local/lib/python3.7/site-packages/airflow/example_dags/tutorial_etl_dag.py took 0.156 seconds
[2022-05-18 14:48:21,328] {processor.py:153} INFO - Started process (PID=829) to work on /home/airflow/.local/lib/python3.7/site-packages/airflow/example_dags/tutorial_etl_dag.py
[2022-05-18 14:48:21,328] {processor.py:641} INFO - Processing file /home/airflow/.local/lib/python3.7/site-packages/airflow/example_dags/tutorial_etl_dag.py for tasks to queue
[2022-05-18 14:48:21,329] {logging_mixin.py:115} INFO - [2022-05-18 14:48:21,329] {dagbag.py:507} INFO - Filling up the DagBag from /home/airflow/.local/lib/python3.7/site-packages/airflow/example_dags/tutorial_etl_dag.py
[2022-05-18 14:48:21,339] {processor.py:651} INFO - DAG(s) dict_keys(['tutorial_etl_dag']) retrieved from /home/airflow/.local/lib/python3.7/site-packages/airflow/example_dags/tutorial_etl_dag.py
[2022-05-18 14:48:21,385] {logging_mixin.py:115} INFO - [2022-05-18 14:48:21,385] {dag.py:2371} INFO - Sync 1 DAGs
[2022-05-18 14:48:21,432] {logging_mixin.py:115} INFO - [2022-05-18 14:48:21,432] {dag.py:2919} INFO - Setting next_dagrun for tutorial_etl_dag to None, run_after=None
[2022-05-18 14:48:21,487] {processor.py:161} INFO - Processing /home/airflow/.local/lib/python3.7/site-packages/airflow/example_dags/tutorial_etl_dag.py took 0.164 seconds
[2022-05-18 14:48:51,835] {processor.py:153} INFO - Started process (PID=894) to work on /home/airflow/.local/lib/python3.7/site-packages/airflow/example_dags/tutorial_etl_dag.py
[2022-05-18 14:48:51,841] {processor.py:641} INFO - Processing file /home/airflow/.local/lib/python3.7/site-packages/airflow/example_dags/tutorial_etl_dag.py for tasks to queue
[2022-05-18 14:48:51,842] {logging_mixin.py:115} INFO - [2022-05-18 14:48:51,842] {dagbag.py:507} INFO - Filling up the DagBag from /home/airflow/.local/lib/python3.7/site-packages/airflow/example_dags/tutorial_etl_dag.py
[2022-05-18 14:48:51,855] {processor.py:651} INFO - DAG(s) dict_keys(['tutorial_etl_dag']) retrieved from /home/airflow/.local/lib/python3.7/site-packages/airflow/example_dags/tutorial_etl_dag.py
[2022-05-18 14:48:51,921] {logging_mixin.py:115} INFO - [2022-05-18 14:48:51,920] {dag.py:2371} INFO - Sync 1 DAGs
[2022-05-18 14:48:51,964] {logging_mixin.py:115} INFO - [2022-05-18 14:48:51,964] {dag.py:2919} INFO - Setting next_dagrun for tutorial_etl_dag to None, run_after=None
[2022-05-18 14:48:52,021] {processor.py:161} INFO - Processing /home/airflow/.local/lib/python3.7/site-packages/airflow/example_dags/tutorial_etl_dag.py took 0.193 seconds
[2022-05-18 14:49:22,804] {processor.py:153} INFO - Started process (PID=947) to work on /home/airflow/.local/lib/python3.7/site-packages/airflow/example_dags/tutorial_etl_dag.py
[2022-05-18 14:49:22,818] {processor.py:641} INFO - Processing file /home/airflow/.local/lib/python3.7/site-packages/airflow/example_dags/tutorial_etl_dag.py for tasks to queue
[2022-05-18 14:49:22,819] {logging_mixin.py:115} INFO - [2022-05-18 14:49:22,819] {dagbag.py:507} INFO - Filling up the DagBag from /home/airflow/.local/lib/python3.7/site-packages/airflow/example_dags/tutorial_etl_dag.py
[2022-05-18 14:49:22,831] {processor.py:651} INFO - DAG(s) dict_keys(['tutorial_etl_dag']) retrieved from /home/airflow/.local/lib/python3.7/site-packages/airflow/example_dags/tutorial_etl_dag.py
[2022-05-18 14:49:22,871] {logging_mixin.py:115} INFO - [2022-05-18 14:49:22,871] {dag.py:2371} INFO - Sync 1 DAGs
[2022-05-18 14:49:22,916] {logging_mixin.py:115} INFO - [2022-05-18 14:49:22,916] {dag.py:2919} INFO - Setting next_dagrun for tutorial_etl_dag to None, run_after=None
[2022-05-18 14:49:22,987] {processor.py:161} INFO - Processing /home/airflow/.local/lib/python3.7/site-packages/airflow/example_dags/tutorial_etl_dag.py took 0.189 seconds
[2022-05-18 14:49:54,113] {processor.py:153} INFO - Started process (PID=1012) to work on /home/airflow/.local/lib/python3.7/site-packages/airflow/example_dags/tutorial_etl_dag.py
[2022-05-18 14:49:54,128] {processor.py:641} INFO - Processing file /home/airflow/.local/lib/python3.7/site-packages/airflow/example_dags/tutorial_etl_dag.py for tasks to queue
[2022-05-18 14:49:54,130] {logging_mixin.py:115} INFO - [2022-05-18 14:49:54,130] {dagbag.py:507} INFO - Filling up the DagBag from /home/airflow/.local/lib/python3.7/site-packages/airflow/example_dags/tutorial_etl_dag.py
[2022-05-18 14:49:54,151] {processor.py:651} INFO - DAG(s) dict_keys(['tutorial_etl_dag']) retrieved from /home/airflow/.local/lib/python3.7/site-packages/airflow/example_dags/tutorial_etl_dag.py
[2022-05-18 14:49:54,216] {logging_mixin.py:115} INFO - [2022-05-18 14:49:54,216] {dag.py:2371} INFO - Sync 1 DAGs
[2022-05-18 14:49:54,277] {logging_mixin.py:115} INFO - [2022-05-18 14:49:54,276] {dag.py:2919} INFO - Setting next_dagrun for tutorial_etl_dag to None, run_after=None
[2022-05-18 14:49:54,344] {processor.py:161} INFO - Processing /home/airflow/.local/lib/python3.7/site-packages/airflow/example_dags/tutorial_etl_dag.py took 0.239 seconds
[2022-05-18 14:50:24,511] {processor.py:153} INFO - Started process (PID=1065) to work on /home/airflow/.local/lib/python3.7/site-packages/airflow/example_dags/tutorial_etl_dag.py
[2022-05-18 14:50:24,511] {processor.py:641} INFO - Processing file /home/airflow/.local/lib/python3.7/site-packages/airflow/example_dags/tutorial_etl_dag.py for tasks to queue
[2022-05-18 14:50:24,512] {logging_mixin.py:115} INFO - [2022-05-18 14:50:24,512] {dagbag.py:507} INFO - Filling up the DagBag from /home/airflow/.local/lib/python3.7/site-packages/airflow/example_dags/tutorial_etl_dag.py
[2022-05-18 14:50:24,522] {processor.py:651} INFO - DAG(s) dict_keys(['tutorial_etl_dag']) retrieved from /home/airflow/.local/lib/python3.7/site-packages/airflow/example_dags/tutorial_etl_dag.py
[2022-05-18 14:50:24,551] {logging_mixin.py:115} INFO - [2022-05-18 14:50:24,551] {dag.py:2371} INFO - Sync 1 DAGs
[2022-05-18 14:50:24,581] {logging_mixin.py:115} INFO - [2022-05-18 14:50:24,581] {dag.py:2919} INFO - Setting next_dagrun for tutorial_etl_dag to None, run_after=None
[2022-05-18 14:50:24,636] {processor.py:161} INFO - Processing /home/airflow/.local/lib/python3.7/site-packages/airflow/example_dags/tutorial_etl_dag.py took 0.129 seconds
[2022-05-18 14:50:55,559] {processor.py:153} INFO - Started process (PID=1119) to work on /home/airflow/.local/lib/python3.7/site-packages/airflow/example_dags/tutorial_etl_dag.py
[2022-05-18 14:50:55,568] {processor.py:641} INFO - Processing file /home/airflow/.local/lib/python3.7/site-packages/airflow/example_dags/tutorial_etl_dag.py for tasks to queue
[2022-05-18 14:50:55,569] {logging_mixin.py:115} INFO - [2022-05-18 14:50:55,569] {dagbag.py:507} INFO - Filling up the DagBag from /home/airflow/.local/lib/python3.7/site-packages/airflow/example_dags/tutorial_etl_dag.py
[2022-05-18 14:50:55,578] {processor.py:651} INFO - DAG(s) dict_keys(['tutorial_etl_dag']) retrieved from /home/airflow/.local/lib/python3.7/site-packages/airflow/example_dags/tutorial_etl_dag.py
[2022-05-18 14:50:55,611] {logging_mixin.py:115} INFO - [2022-05-18 14:50:55,611] {dag.py:2371} INFO - Sync 1 DAGs
[2022-05-18 14:50:55,641] {logging_mixin.py:115} INFO - [2022-05-18 14:50:55,641] {dag.py:2919} INFO - Setting next_dagrun for tutorial_etl_dag to None, run_after=None
[2022-05-18 14:50:55,682] {processor.py:161} INFO - Processing /home/airflow/.local/lib/python3.7/site-packages/airflow/example_dags/tutorial_etl_dag.py took 0.127 seconds
[2022-05-18 14:51:26,679] {processor.py:153} INFO - Started process (PID=1187) to work on /home/airflow/.local/lib/python3.7/site-packages/airflow/example_dags/tutorial_etl_dag.py
[2022-05-18 14:51:26,707] {processor.py:641} INFO - Processing file /home/airflow/.local/lib/python3.7/site-packages/airflow/example_dags/tutorial_etl_dag.py for tasks to queue
[2022-05-18 14:51:26,708] {logging_mixin.py:115} INFO - [2022-05-18 14:51:26,708] {dagbag.py:507} INFO - Filling up the DagBag from /home/airflow/.local/lib/python3.7/site-packages/airflow/example_dags/tutorial_etl_dag.py
[2022-05-18 14:51:26,720] {processor.py:651} INFO - DAG(s) dict_keys(['tutorial_etl_dag']) retrieved from /home/airflow/.local/lib/python3.7/site-packages/airflow/example_dags/tutorial_etl_dag.py
[2022-05-18 14:51:26,769] {logging_mixin.py:115} INFO - [2022-05-18 14:51:26,769] {dag.py:2371} INFO - Sync 1 DAGs
[2022-05-18 14:51:26,824] {logging_mixin.py:115} INFO - [2022-05-18 14:51:26,824] {dag.py:2919} INFO - Setting next_dagrun for tutorial_etl_dag to None, run_after=None
[2022-05-18 14:51:26,876] {processor.py:161} INFO - Processing /home/airflow/.local/lib/python3.7/site-packages/airflow/example_dags/tutorial_etl_dag.py took 0.203 seconds
[2022-05-18 14:51:57,439] {processor.py:153} INFO - Started process (PID=1244) to work on /home/airflow/.local/lib/python3.7/site-packages/airflow/example_dags/tutorial_etl_dag.py
[2022-05-18 14:51:57,440] {processor.py:641} INFO - Processing file /home/airflow/.local/lib/python3.7/site-packages/airflow/example_dags/tutorial_etl_dag.py for tasks to queue
[2022-05-18 14:51:57,441] {logging_mixin.py:115} INFO - [2022-05-18 14:51:57,441] {dagbag.py:507} INFO - Filling up the DagBag from /home/airflow/.local/lib/python3.7/site-packages/airflow/example_dags/tutorial_etl_dag.py
[2022-05-18 14:51:57,456] {processor.py:651} INFO - DAG(s) dict_keys(['tutorial_etl_dag']) retrieved from /home/airflow/.local/lib/python3.7/site-packages/airflow/example_dags/tutorial_etl_dag.py
[2022-05-18 14:51:57,513] {logging_mixin.py:115} INFO - [2022-05-18 14:51:57,513] {dag.py:2371} INFO - Sync 1 DAGs
[2022-05-18 14:51:57,577] {logging_mixin.py:115} INFO - [2022-05-18 14:51:57,577] {dag.py:2919} INFO - Setting next_dagrun for tutorial_etl_dag to None, run_after=None
[2022-05-18 14:51:57,652] {processor.py:161} INFO - Processing /home/airflow/.local/lib/python3.7/site-packages/airflow/example_dags/tutorial_etl_dag.py took 0.219 seconds
[2022-05-18 14:52:27,967] {processor.py:153} INFO - Started process (PID=1298) to work on /home/airflow/.local/lib/python3.7/site-packages/airflow/example_dags/tutorial_etl_dag.py
[2022-05-18 14:52:27,968] {processor.py:641} INFO - Processing file /home/airflow/.local/lib/python3.7/site-packages/airflow/example_dags/tutorial_etl_dag.py for tasks to queue
[2022-05-18 14:52:27,969] {logging_mixin.py:115} INFO - [2022-05-18 14:52:27,968] {dagbag.py:507} INFO - Filling up the DagBag from /home/airflow/.local/lib/python3.7/site-packages/airflow/example_dags/tutorial_etl_dag.py
[2022-05-18 14:52:27,976] {processor.py:651} INFO - DAG(s) dict_keys(['tutorial_etl_dag']) retrieved from /home/airflow/.local/lib/python3.7/site-packages/airflow/example_dags/tutorial_etl_dag.py
[2022-05-18 14:52:28,005] {logging_mixin.py:115} INFO - [2022-05-18 14:52:28,005] {dag.py:2371} INFO - Sync 1 DAGs
[2022-05-18 14:52:28,035] {logging_mixin.py:115} INFO - [2022-05-18 14:52:28,035] {dag.py:2919} INFO - Setting next_dagrun for tutorial_etl_dag to None, run_after=None
[2022-05-18 14:52:28,085] {processor.py:161} INFO - Processing /home/airflow/.local/lib/python3.7/site-packages/airflow/example_dags/tutorial_etl_dag.py took 0.121 seconds
